[Info  - 2:57:31 PM] Connection to server got closed. Server will restart.
[Info  - 3:16:26 PM] Connection to server got closed. Server will restart.
[Error - 3:16:26 PM] Request textDocument/foldingRange failed.
Error: Connection got disposed.
	at Object.dispose (/usr/lib/code-server/vendor/modules/code-oss-dev/extensions/html-language-features/client/dist/node/htmlClientMain.js:1:383445)
	at Object.dispose (/usr/lib/code-server/vendor/modules/code-oss-dev/extensions/html-language-features/client/dist/node/htmlClientMain.js:1:463625)
	at T.handleConnectionClosed (/usr/lib/code-server/vendor/modules/code-oss-dev/extensions/html-language-features/client/dist/node/htmlClientMain.js:1:463838)
	at T.handleConnectionClosed (/usr/lib/code-server/vendor/modules/code-oss-dev/extensions/html-language-features/client/dist/node/htmlClientMain.js:1:524244)
	at t (/usr/lib/code-server/vendor/modules/code-oss-dev/extensions/html-language-features/client/dist/node/htmlClientMain.js:1:461927)
	at invoke (/usr/lib/code-server/vendor/modules/code-oss-dev/extensions/html-language-features/client/dist/node/htmlClientMain.js:1:385058)
	at o.fire (/usr/lib/code-server/vendor/modules/code-oss-dev/extensions/html-language-features/client/dist/node/htmlClientMain.js:1:385819)
	at Q (/usr/lib/code-server/vendor/modules/code-oss-dev/extensions/html-language-features/client/dist/node/htmlClientMain.js:1:372703)
	at invoke (/usr/lib/code-server/vendor/modules/code-oss-dev/extensions/html-language-features/client/dist/node/htmlClientMain.js:1:385058)
	at o.fire (/usr/lib/code-server/vendor/modules/code-oss-dev/extensions/html-language-features/client/dist/node/htmlClientMain.js:1:385819)
	at d.fireClose (/usr/lib/code-server/vendor/modules/code-oss-dev/extensions/html-language-features/client/dist/node/htmlClientMain.js:1:393700)
	at ChildProcess.<anonymous> (/usr/lib/code-server/vendor/modules/code-oss-dev/extensions/html-language-features/client/dist/node/htmlClientMain.js:1:404666)
	at ChildProcess.emit (events.js:412:35)
	at maybeClose (internal/child_process.js:1058:16)
	at Process.ChildProcess._handle.onexit (internal/child_process.js:293:5)
[Error - 3:16:26 PM] Request textDocument/documentSymbol failed.
Error: Connection got disposed.
	at Object.dispose (/usr/lib/code-server/vendor/modules/code-oss-dev/extensions/html-language-features/client/dist/node/htmlClientMain.js:1:383445)
	at Object.dispose (/usr/lib/code-server/vendor/modules/code-oss-dev/extensions/html-language-features/client/dist/node/htmlClientMain.js:1:463625)
	at T.handleConnectionClosed (/usr/lib/code-server/vendor/modules/code-oss-dev/extensions/html-language-features/client/dist/node/htmlClientMain.js:1:463838)
	at T.handleConnectionClosed (/usr/lib/code-server/vendor/modules/code-oss-dev/extensions/html-language-features/client/dist/node/htmlClientMain.js:1:524244)
	at t (/usr/lib/code-server/vendor/modules/code-oss-dev/extensions/html-language-features/client/dist/node/htmlClientMain.js:1:461927)
	at invoke (/usr/lib/code-server/vendor/modules/code-oss-dev/extensions/html-language-features/client/dist/node/htmlClientMain.js:1:385058)
	at o.fire (/usr/lib/code-server/vendor/modules/code-oss-dev/extensions/html-language-features/client/dist/node/htmlClientMain.js:1:385819)
	at Q (/usr/lib/code-server/vendor/modules/code-oss-dev/extensions/html-language-features/client/dist/node/htmlClientMain.js:1:372703)
	at invoke (/usr/lib/code-server/vendor/modules/code-oss-dev/extensions/html-language-features/client/dist/node/htmlClientMain.js:1:385058)
	at o.fire (/usr/lib/code-server/vendor/modules/code-oss-dev/extensions/html-language-features/client/dist/node/htmlClientMain.js:1:385819)
	at d.fireClose (/usr/lib/code-server/vendor/modules/code-oss-dev/extensions/html-language-features/client/dist/node/htmlClientMain.js:1:393700)
	at ChildProcess.<anonymous> (/usr/lib/code-server/vendor/modules/code-oss-dev/extensions/html-language-features/client/dist/node/htmlClientMain.js:1:404666)
	at ChildProcess.emit (events.js:412:35)
	at maybeClose (internal/child_process.js:1058:16)
	at Process.ChildProcess._handle.onexit (internal/child_process.js:293:5)
[Error - 3:16:26 PM] Request textDocument/documentLink failed.
Error: Connection got disposed.
	at Object.dispose (/usr/lib/code-server/vendor/modules/code-oss-dev/extensions/html-language-features/client/dist/node/htmlClientMain.js:1:383445)
	at Object.dispose (/usr/lib/code-server/vendor/modules/code-oss-dev/extensions/html-language-features/client/dist/node/htmlClientMain.js:1:463625)
	at T.handleConnectionClosed (/usr/lib/code-server/vendor/modules/code-oss-dev/extensions/html-language-features/client/dist/node/htmlClientMain.js:1:463838)
	at T.handleConnectionClosed (/usr/lib/code-server/vendor/modules/code-oss-dev/extensions/html-language-features/client/dist/node/htmlClientMain.js:1:524244)
	at t (/usr/lib/code-server/vendor/modules/code-oss-dev/extensions/html-language-features/client/dist/node/htmlClientMain.js:1:461927)
	at invoke (/usr/lib/code-server/vendor/modules/code-oss-dev/extensions/html-language-features/client/dist/node/htmlClientMain.js:1:385058)
	at o.fire (/usr/lib/code-server/vendor/modules/code-oss-dev/extensions/html-language-features/client/dist/node/htmlClientMain.js:1:385819)
	at Q (/usr/lib/code-server/vendor/modules/code-oss-dev/extensions/html-language-features/client/dist/node/htmlClientMain.js:1:372703)
	at invoke (/usr/lib/code-server/vendor/modules/code-oss-dev/extensions/html-language-features/client/dist/node/htmlClientMain.js:1:385058)
	at o.fire (/usr/lib/code-server/vendor/modules/code-oss-dev/extensions/html-language-features/client/dist/node/htmlClientMain.js:1:385819)
	at d.fireClose (/usr/lib/code-server/vendor/modules/code-oss-dev/extensions/html-language-features/client/dist/node/htmlClientMain.js:1:393700)
	at ChildProcess.<anonymous> (/usr/lib/code-server/vendor/modules/code-oss-dev/extensions/html-language-features/client/dist/node/htmlClientMain.js:1:404666)
	at ChildProcess.emit (events.js:412:35)
	at maybeClose (internal/child_process.js:1058:16)
	at Process.ChildProcess._handle.onexit (internal/child_process.js:293:5)
[Error - 3:16:26 PM] Request textDocument/colorPresentation failed.
Error: Connection got disposed.
	at Object.dispose (/usr/lib/code-server/vendor/modules/code-oss-dev/extensions/html-language-features/client/dist/node/htmlClientMain.js:1:383445)
	at Object.dispose (/usr/lib/code-server/vendor/modules/code-oss-dev/extensions/html-language-features/client/dist/node/htmlClientMain.js:1:463625)
	at T.handleConnectionClosed (/usr/lib/code-server/vendor/modules/code-oss-dev/extensions/html-language-features/client/dist/node/htmlClientMain.js:1:463838)
	at T.handleConnectionClosed (/usr/lib/code-server/vendor/modules/code-oss-dev/extensions/html-language-features/client/dist/node/htmlClientMain.js:1:524244)
	at t (/usr/lib/code-server/vendor/modules/code-oss-dev/extensions/html-language-features/client/dist/node/htmlClientMain.js:1:461927)
	at invoke (/usr/lib/code-server/vendor/modules/code-oss-dev/extensions/html-language-features/client/dist/node/htmlClientMain.js:1:385058)
	at o.fire (/usr/lib/code-server/vendor/modules/code-oss-dev/extensions/html-language-features/client/dist/node/htmlClientMain.js:1:385819)
	at Q (/usr/lib/code-server/vendor/modules/code-oss-dev/extensions/html-language-features/client/dist/node/htmlClientMain.js:1:372703)
	at invoke (/usr/lib/code-server/vendor/modules/code-oss-dev/extensions/html-language-features/client/dist/node/htmlClientMain.js:1:385058)
	at o.fire (/usr/lib/code-server/vendor/modules/code-oss-dev/extensions/html-language-features/client/dist/node/htmlClientMain.js:1:385819)
	at d.fireClose (/usr/lib/code-server/vendor/modules/code-oss-dev/extensions/html-language-features/client/dist/node/htmlClientMain.js:1:393700)
	at ChildProcess.<anonymous> (/usr/lib/code-server/vendor/modules/code-oss-dev/extensions/html-language-features/client/dist/node/htmlClientMain.js:1:404666)
	at ChildProcess.emit (events.js:412:35)
	at maybeClose (internal/child_process.js:1058:16)
	at Process.ChildProcess._handle.onexit (internal/child_process.js:293:5)
[Info  - 4:17:08 PM] Connection to server got closed. Server will restart.
[Info  - 4:52:48 PM] Connection to server got closed. Server will restart.
[Error - 4:52:48 PM] Request textDocument/completion failed.
Error: Connection got disposed.
	at Object.dispose (/usr/lib/code-server/vendor/modules/code-oss-dev/extensions/html-language-features/client/dist/node/htmlClientMain.js:1:383445)
	at Object.dispose (/usr/lib/code-server/vendor/modules/code-oss-dev/extensions/html-language-features/client/dist/node/htmlClientMain.js:1:463625)
	at T.handleConnectionClosed (/usr/lib/code-server/vendor/modules/code-oss-dev/extensions/html-language-features/client/dist/node/htmlClientMain.js:1:463838)
	at T.handleConnectionClosed (/usr/lib/code-server/vendor/modules/code-oss-dev/extensions/html-language-features/client/dist/node/htmlClientMain.js:1:524244)
	at t (/usr/lib/code-server/vendor/modules/code-oss-dev/extensions/html-language-features/client/dist/node/htmlClientMain.js:1:461927)
	at invoke (/usr/lib/code-server/vendor/modules/code-oss-dev/extensions/html-language-features/client/dist/node/htmlClientMain.js:1:385058)
	at o.fire (/usr/lib/code-server/vendor/modules/code-oss-dev/extensions/html-language-features/client/dist/node/htmlClientMain.js:1:385819)
	at Q (/usr/lib/code-server/vendor/modules/code-oss-dev/extensions/html-language-features/client/dist/node/htmlClientMain.js:1:372703)
	at invoke (/usr/lib/code-server/vendor/modules/code-oss-dev/extensions/html-language-features/client/dist/node/htmlClientMain.js:1:385058)
	at o.fire (/usr/lib/code-server/vendor/modules/code-oss-dev/extensions/html-language-features/client/dist/node/htmlClientMain.js:1:385819)
	at d.fireClose (/usr/lib/code-server/vendor/modules/code-oss-dev/extensions/html-language-features/client/dist/node/htmlClientMain.js:1:393700)
	at ChildProcess.<anonymous> (/usr/lib/code-server/vendor/modules/code-oss-dev/extensions/html-language-features/client/dist/node/htmlClientMain.js:1:404666)
	at ChildProcess.emit (events.js:412:35)
	at maybeClose (internal/child_process.js:1058:16)
	at Process.ChildProcess._handle.onexit (internal/child_process.js:293:5)
[Error - 4:52:48 PM] Request textDocument/documentLink failed.
Error: Connection got disposed.
	at Object.dispose (/usr/lib/code-server/vendor/modules/code-oss-dev/extensions/html-language-features/client/dist/node/htmlClientMain.js:1:383445)
	at Object.dispose (/usr/lib/code-server/vendor/modules/code-oss-dev/extensions/html-language-features/client/dist/node/htmlClientMain.js:1:463625)
	at T.handleConnectionClosed (/usr/lib/code-server/vendor/modules/code-oss-dev/extensions/html-language-features/client/dist/node/htmlClientMain.js:1:463838)
	at T.handleConnectionClosed (/usr/lib/code-server/vendor/modules/code-oss-dev/extensions/html-language-features/client/dist/node/htmlClientMain.js:1:524244)
	at t (/usr/lib/code-server/vendor/modules/code-oss-dev/extensions/html-language-features/client/dist/node/htmlClientMain.js:1:461927)
	at invoke (/usr/lib/code-server/vendor/modules/code-oss-dev/extensions/html-language-features/client/dist/node/htmlClientMain.js:1:385058)
	at o.fire (/usr/lib/code-server/vendor/modules/code-oss-dev/extensions/html-language-features/client/dist/node/htmlClientMain.js:1:385819)
	at Q (/usr/lib/code-server/vendor/modules/code-oss-dev/extensions/html-language-features/client/dist/node/htmlClientMain.js:1:372703)
	at invoke (/usr/lib/code-server/vendor/modules/code-oss-dev/extensions/html-language-features/client/dist/node/htmlClientMain.js:1:385058)
	at o.fire (/usr/lib/code-server/vendor/modules/code-oss-dev/extensions/html-language-features/client/dist/node/htmlClientMain.js:1:385819)
	at d.fireClose (/usr/lib/code-server/vendor/modules/code-oss-dev/extensions/html-language-features/client/dist/node/htmlClientMain.js:1:393700)
	at ChildProcess.<anonymous> (/usr/lib/code-server/vendor/modules/code-oss-dev/extensions/html-language-features/client/dist/node/htmlClientMain.js:1:404666)
	at ChildProcess.emit (events.js:412:35)
	at maybeClose (internal/child_process.js:1058:16)
	at Process.ChildProcess._handle.onexit (internal/child_process.js:293:5)
[Error - 4:52:48 PM] Request textDocument/colorPresentation failed.
Error: Connection got disposed.
	at Object.dispose (/usr/lib/code-server/vendor/modules/code-oss-dev/extensions/html-language-features/client/dist/node/htmlClientMain.js:1:383445)
	at Object.dispose (/usr/lib/code-server/vendor/modules/code-oss-dev/extensions/html-language-features/client/dist/node/htmlClientMain.js:1:463625)
	at T.handleConnectionClosed (/usr/lib/code-server/vendor/modules/code-oss-dev/extensions/html-language-features/client/dist/node/htmlClientMain.js:1:463838)
	at T.handleConnectionClosed (/usr/lib/code-server/vendor/modules/code-oss-dev/extensions/html-language-features/client/dist/node/htmlClientMain.js:1:524244)
	at t (/usr/lib/code-server/vendor/modules/code-oss-dev/extensions/html-language-features/client/dist/node/htmlClientMain.js:1:461927)
	at invoke (/usr/lib/code-server/vendor/modules/code-oss-dev/extensions/html-language-features/client/dist/node/htmlClientMain.js:1:385058)
	at o.fire (/usr/lib/code-server/vendor/modules/code-oss-dev/extensions/html-language-features/client/dist/node/htmlClientMain.js:1:385819)
	at Q (/usr/lib/code-server/vendor/modules/code-oss-dev/extensions/html-language-features/client/dist/node/htmlClientMain.js:1:372703)
	at invoke (/usr/lib/code-server/vendor/modules/code-oss-dev/extensions/html-language-features/client/dist/node/htmlClientMain.js:1:385058)
	at o.fire (/usr/lib/code-server/vendor/modules/code-oss-dev/extensions/html-language-features/client/dist/node/htmlClientMain.js:1:385819)
	at d.fireClose (/usr/lib/code-server/vendor/modules/code-oss-dev/extensions/html-language-features/client/dist/node/htmlClientMain.js:1:393700)
	at ChildProcess.<anonymous> (/usr/lib/code-server/vendor/modules/code-oss-dev/extensions/html-language-features/client/dist/node/htmlClientMain.js:1:404666)
	at ChildProcess.emit (events.js:412:35)
	at maybeClose (internal/child_process.js:1058:16)
	at Process.ChildProcess._handle.onexit (internal/child_process.js:293:5)
[Error - 4:52:48 PM] Request textDocument/foldingRange failed.
Error: Connection got disposed.
	at Object.dispose (/usr/lib/code-server/vendor/modules/code-oss-dev/extensions/html-language-features/client/dist/node/htmlClientMain.js:1:383445)
	at Object.dispose (/usr/lib/code-server/vendor/modules/code-oss-dev/extensions/html-language-features/client/dist/node/htmlClientMain.js:1:463625)
	at T.handleConnectionClosed (/usr/lib/code-server/vendor/modules/code-oss-dev/extensions/html-language-features/client/dist/node/htmlClientMain.js:1:463838)
	at T.handleConnectionClosed (/usr/lib/code-server/vendor/modules/code-oss-dev/extensions/html-language-features/client/dist/node/htmlClientMain.js:1:524244)
	at t (/usr/lib/code-server/vendor/modules/code-oss-dev/extensions/html-language-features/client/dist/node/htmlClientMain.js:1:461927)
	at invoke (/usr/lib/code-server/vendor/modules/code-oss-dev/extensions/html-language-features/client/dist/node/htmlClientMain.js:1:385058)
	at o.fire (/usr/lib/code-server/vendor/modules/code-oss-dev/extensions/html-language-features/client/dist/node/htmlClientMain.js:1:385819)
	at Q (/usr/lib/code-server/vendor/modules/code-oss-dev/extensions/html-language-features/client/dist/node/htmlClientMain.js:1:372703)
	at invoke (/usr/lib/code-server/vendor/modules/code-oss-dev/extensions/html-language-features/client/dist/node/htmlClientMain.js:1:385058)
	at o.fire (/usr/lib/code-server/vendor/modules/code-oss-dev/extensions/html-language-features/client/dist/node/htmlClientMain.js:1:385819)
	at d.fireClose (/usr/lib/code-server/vendor/modules/code-oss-dev/extensions/html-language-features/client/dist/node/htmlClientMain.js:1:393700)
	at ChildProcess.<anonymous> (/usr/lib/code-server/vendor/modules/code-oss-dev/extensions/html-language-features/client/dist/node/htmlClientMain.js:1:404666)
	at ChildProcess.emit (events.js:412:35)
	at maybeClose (internal/child_process.js:1058:16)
	at Process.ChildProcess._handle.onexit (internal/child_process.js:293:5)
[Info  - 5:02:24 PM] Connection to server got closed. Server will restart.
[Info  - 5:13:03 PM] Connection to server got closed. Server will restart.
[Error - 5:13:03 PM] Request textDocument/hover failed.
Error: Connection got disposed.
	at Object.dispose (/usr/lib/code-server/vendor/modules/code-oss-dev/extensions/html-language-features/client/dist/node/htmlClientMain.js:1:383445)
	at Object.dispose (/usr/lib/code-server/vendor/modules/code-oss-dev/extensions/html-language-features/client/dist/node/htmlClientMain.js:1:463625)
	at T.handleConnectionClosed (/usr/lib/code-server/vendor/modules/code-oss-dev/extensions/html-language-features/client/dist/node/htmlClientMain.js:1:463838)
	at T.handleConnectionClosed (/usr/lib/code-server/vendor/modules/code-oss-dev/extensions/html-language-features/client/dist/node/htmlClientMain.js:1:524244)
	at t (/usr/lib/code-server/vendor/modules/code-oss-dev/extensions/html-language-features/client/dist/node/htmlClientMain.js:1:461927)
	at invoke (/usr/lib/code-server/vendor/modules/code-oss-dev/extensions/html-language-features/client/dist/node/htmlClientMain.js:1:385058)
	at o.fire (/usr/lib/code-server/vendor/modules/code-oss-dev/extensions/html-language-features/client/dist/node/htmlClientMain.js:1:385819)
	at Q (/usr/lib/code-server/vendor/modules/code-oss-dev/extensions/html-language-features/client/dist/node/htmlClientMain.js:1:372703)
	at invoke (/usr/lib/code-server/vendor/modules/code-oss-dev/extensions/html-language-features/client/dist/node/htmlClientMain.js:1:385058)
	at o.fire (/usr/lib/code-server/vendor/modules/code-oss-dev/extensions/html-language-features/client/dist/node/htmlClientMain.js:1:385819)
	at d.fireClose (/usr/lib/code-server/vendor/modules/code-oss-dev/extensions/html-language-features/client/dist/node/htmlClientMain.js:1:393700)
	at ChildProcess.<anonymous> (/usr/lib/code-server/vendor/modules/code-oss-dev/extensions/html-language-features/client/dist/node/htmlClientMain.js:1:404666)
	at ChildProcess.emit (events.js:412:35)
	at maybeClose (internal/child_process.js:1058:16)
	at Process.ChildProcess._handle.onexit (internal/child_process.js:293:5)
[Error - 5:13:03 PM] Request textDocument/hover failed.
Error: Connection got disposed.
	at Object.dispose (/usr/lib/code-server/vendor/modules/code-oss-dev/extensions/html-language-features/client/dist/node/htmlClientMain.js:1:383445)
	at Object.dispose (/usr/lib/code-server/vendor/modules/code-oss-dev/extensions/html-language-features/client/dist/node/htmlClientMain.js:1:463625)
	at T.handleConnectionClosed (/usr/lib/code-server/vendor/modules/code-oss-dev/extensions/html-language-features/client/dist/node/htmlClientMain.js:1:463838)
	at T.handleConnectionClosed (/usr/lib/code-server/vendor/modules/code-oss-dev/extensions/html-language-features/client/dist/node/htmlClientMain.js:1:524244)
	at t (/usr/lib/code-server/vendor/modules/code-oss-dev/extensions/html-language-features/client/dist/node/htmlClientMain.js:1:461927)
	at invoke (/usr/lib/code-server/vendor/modules/code-oss-dev/extensions/html-language-features/client/dist/node/htmlClientMain.js:1:385058)
	at o.fire (/usr/lib/code-server/vendor/modules/code-oss-dev/extensions/html-language-features/client/dist/node/htmlClientMain.js:1:385819)
	at Q (/usr/lib/code-server/vendor/modules/code-oss-dev/extensions/html-language-features/client/dist/node/htmlClientMain.js:1:372703)
	at invoke (/usr/lib/code-server/vendor/modules/code-oss-dev/extensions/html-language-features/client/dist/node/htmlClientMain.js:1:385058)
	at o.fire (/usr/lib/code-server/vendor/modules/code-oss-dev/extensions/html-language-features/client/dist/node/htmlClientMain.js:1:385819)
	at d.fireClose (/usr/lib/code-server/vendor/modules/code-oss-dev/extensions/html-language-features/client/dist/node/htmlClientMain.js:1:393700)
	at ChildProcess.<anonymous> (/usr/lib/code-server/vendor/modules/code-oss-dev/extensions/html-language-features/client/dist/node/htmlClientMain.js:1:404666)
	at ChildProcess.emit (events.js:412:35)
	at maybeClose (internal/child_process.js:1058:16)
	at Process.ChildProcess._handle.onexit (internal/child_process.js:293:5)
[Info  - 5:37:01 PM] Connection to server got closed. Server will restart.
[Info  - 6:05:26 PM] Connection to server got closed. Server will restart.
[Info  - 6:17:54 PM] Connection to server got closed. Server will restart.
[Error - 6:17:54 PM] Request textDocument/foldingRange failed.
Error: Connection got disposed.
	at Object.dispose (/usr/lib/code-server/vendor/modules/code-oss-dev/extensions/html-language-features/client/dist/node/htmlClientMain.js:1:383445)
	at Object.dispose (/usr/lib/code-server/vendor/modules/code-oss-dev/extensions/html-language-features/client/dist/node/htmlClientMain.js:1:463625)
	at T.handleConnectionClosed (/usr/lib/code-server/vendor/modules/code-oss-dev/extensions/html-language-features/client/dist/node/htmlClientMain.js:1:463838)
	at T.handleConnectionClosed (/usr/lib/code-server/vendor/modules/code-oss-dev/extensions/html-language-features/client/dist/node/htmlClientMain.js:1:524244)
	at t (/usr/lib/code-server/vendor/modules/code-oss-dev/extensions/html-language-features/client/dist/node/htmlClientMain.js:1:461927)
	at invoke (/usr/lib/code-server/vendor/modules/code-oss-dev/extensions/html-language-features/client/dist/node/htmlClientMain.js:1:385058)
	at o.fire (/usr/lib/code-server/vendor/modules/code-oss-dev/extensions/html-language-features/client/dist/node/htmlClientMain.js:1:385819)
	at Q (/usr/lib/code-server/vendor/modules/code-oss-dev/extensions/html-language-features/client/dist/node/htmlClientMain.js:1:372703)
	at invoke (/usr/lib/code-server/vendor/modules/code-oss-dev/extensions/html-language-features/client/dist/node/htmlClientMain.js:1:385058)
	at o.fire (/usr/lib/code-server/vendor/modules/code-oss-dev/extensions/html-language-features/client/dist/node/htmlClientMain.js:1:385819)
	at d.fireClose (/usr/lib/code-server/vendor/modules/code-oss-dev/extensions/html-language-features/client/dist/node/htmlClientMain.js:1:393700)
	at ChildProcess.<anonymous> (/usr/lib/code-server/vendor/modules/code-oss-dev/extensions/html-language-features/client/dist/node/htmlClientMain.js:1:404666)
	at ChildProcess.emit (events.js:412:35)
	at maybeClose (internal/child_process.js:1058:16)
	at Socket.<anonymous> (internal/child_process.js:443:11)
	at Socket.emit (events.js:400:28)
	at Pipe.<anonymous> (net.js:686:12)
[Error - 6:17:54 PM] Request textDocument/documentLink failed.
Error: Connection got disposed.
	at Object.dispose (/usr/lib/code-server/vendor/modules/code-oss-dev/extensions/html-language-features/client/dist/node/htmlClientMain.js:1:383445)
	at Object.dispose (/usr/lib/code-server/vendor/modules/code-oss-dev/extensions/html-language-features/client/dist/node/htmlClientMain.js:1:463625)
	at T.handleConnectionClosed (/usr/lib/code-server/vendor/modules/code-oss-dev/extensions/html-language-features/client/dist/node/htmlClientMain.js:1:463838)
	at T.handleConnectionClosed (/usr/lib/code-server/vendor/modules/code-oss-dev/extensions/html-language-features/client/dist/node/htmlClientMain.js:1:524244)
	at t (/usr/lib/code-server/vendor/modules/code-oss-dev/extensions/html-language-features/client/dist/node/htmlClientMain.js:1:461927)
	at invoke (/usr/lib/code-server/vendor/modules/code-oss-dev/extensions/html-language-features/client/dist/node/htmlClientMain.js:1:385058)
	at o.fire (/usr/lib/code-server/vendor/modules/code-oss-dev/extensions/html-language-features/client/dist/node/htmlClientMain.js:1:385819)
	at Q (/usr/lib/code-server/vendor/modules/code-oss-dev/extensions/html-language-features/client/dist/node/htmlClientMain.js:1:372703)
	at invoke (/usr/lib/code-server/vendor/modules/code-oss-dev/extensions/html-language-features/client/dist/node/htmlClientMain.js:1:385058)
	at o.fire (/usr/lib/code-server/vendor/modules/code-oss-dev/extensions/html-language-features/client/dist/node/htmlClientMain.js:1:385819)
	at d.fireClose (/usr/lib/code-server/vendor/modules/code-oss-dev/extensions/html-language-features/client/dist/node/htmlClientMain.js:1:393700)
	at ChildProcess.<anonymous> (/usr/lib/code-server/vendor/modules/code-oss-dev/extensions/html-language-features/client/dist/node/htmlClientMain.js:1:404666)
	at ChildProcess.emit (events.js:412:35)
	at maybeClose (internal/child_process.js:1058:16)
	at Socket.<anonymous> (internal/child_process.js:443:11)
	at Socket.emit (events.js:400:28)
	at Pipe.<anonymous> (net.js:686:12)
[Error - 6:17:54 PM] Request textDocument/colorPresentation failed.
Error: Connection got disposed.
	at Object.dispose (/usr/lib/code-server/vendor/modules/code-oss-dev/extensions/html-language-features/client/dist/node/htmlClientMain.js:1:383445)
	at Object.dispose (/usr/lib/code-server/vendor/modules/code-oss-dev/extensions/html-language-features/client/dist/node/htmlClientMain.js:1:463625)
	at T.handleConnectionClosed (/usr/lib/code-server/vendor/modules/code-oss-dev/extensions/html-language-features/client/dist/node/htmlClientMain.js:1:463838)
	at T.handleConnectionClosed (/usr/lib/code-server/vendor/modules/code-oss-dev/extensions/html-language-features/client/dist/node/htmlClientMain.js:1:524244)
	at t (/usr/lib/code-server/vendor/modules/code-oss-dev/extensions/html-language-features/client/dist/node/htmlClientMain.js:1:461927)
	at invoke (/usr/lib/code-server/vendor/modules/code-oss-dev/extensions/html-language-features/client/dist/node/htmlClientMain.js:1:385058)
	at o.fire (/usr/lib/code-server/vendor/modules/code-oss-dev/extensions/html-language-features/client/dist/node/htmlClientMain.js:1:385819)
	at Q (/usr/lib/code-server/vendor/modules/code-oss-dev/extensions/html-language-features/client/dist/node/htmlClientMain.js:1:372703)
	at invoke (/usr/lib/code-server/vendor/modules/code-oss-dev/extensions/html-language-features/client/dist/node/htmlClientMain.js:1:385058)
	at o.fire (/usr/lib/code-server/vendor/modules/code-oss-dev/extensions/html-language-features/client/dist/node/htmlClientMain.js:1:385819)
	at d.fireClose (/usr/lib/code-server/vendor/modules/code-oss-dev/extensions/html-language-features/client/dist/node/htmlClientMain.js:1:393700)
	at ChildProcess.<anonymous> (/usr/lib/code-server/vendor/modules/code-oss-dev/extensions/html-language-features/client/dist/node/htmlClientMain.js:1:404666)
	at ChildProcess.emit (events.js:412:35)
	at maybeClose (internal/child_process.js:1058:16)
	at Socket.<anonymous> (internal/child_process.js:443:11)
	at Socket.emit (events.js:400:28)
	at Pipe.<anonymous> (net.js:686:12)
[Error - 6:17:54 PM] Request textDocument/completion failed.
Error: Connection got disposed.
	at Object.dispose (/usr/lib/code-server/vendor/modules/code-oss-dev/extensions/html-language-features/client/dist/node/htmlClientMain.js:1:383445)
	at Object.dispose (/usr/lib/code-server/vendor/modules/code-oss-dev/extensions/html-language-features/client/dist/node/htmlClientMain.js:1:463625)
	at T.handleConnectionClosed (/usr/lib/code-server/vendor/modules/code-oss-dev/extensions/html-language-features/client/dist/node/htmlClientMain.js:1:463838)
	at T.handleConnectionClosed (/usr/lib/code-server/vendor/modules/code-oss-dev/extensions/html-language-features/client/dist/node/htmlClientMain.js:1:524244)
	at t (/usr/lib/code-server/vendor/modules/code-oss-dev/extensions/html-language-features/client/dist/node/htmlClientMain.js:1:461927)
	at invoke (/usr/lib/code-server/vendor/modules/code-oss-dev/extensions/html-language-features/client/dist/node/htmlClientMain.js:1:385058)
	at o.fire (/usr/lib/code-server/vendor/modules/code-oss-dev/extensions/html-language-features/client/dist/node/htmlClientMain.js:1:385819)
	at Q (/usr/lib/code-server/vendor/modules/code-oss-dev/extensions/html-language-features/client/dist/node/htmlClientMain.js:1:372703)
	at invoke (/usr/lib/code-server/vendor/modules/code-oss-dev/extensions/html-language-features/client/dist/node/htmlClientMain.js:1:385058)
	at o.fire (/usr/lib/code-server/vendor/modules/code-oss-dev/extensions/html-language-features/client/dist/node/htmlClientMain.js:1:385819)
	at d.fireClose (/usr/lib/code-server/vendor/modules/code-oss-dev/extensions/html-language-features/client/dist/node/htmlClientMain.js:1:393700)
	at ChildProcess.<anonymous> (/usr/lib/code-server/vendor/modules/code-oss-dev/extensions/html-language-features/client/dist/node/htmlClientMain.js:1:404666)
	at ChildProcess.emit (events.js:412:35)
	at maybeClose (internal/child_process.js:1058:16)
	at Socket.<anonymous> (internal/child_process.js:443:11)
	at Socket.emit (events.js:400:28)
	at Pipe.<anonymous> (net.js:686:12)
[Error - 6:17:54 PM] Request textDocument/foldingRange failed.
Error: Connection got disposed.
	at Object.dispose (/usr/lib/code-server/vendor/modules/code-oss-dev/extensions/html-language-features/client/dist/node/htmlClientMain.js:1:383445)
	at Object.dispose (/usr/lib/code-server/vendor/modules/code-oss-dev/extensions/html-language-features/client/dist/node/htmlClientMain.js:1:463625)
	at T.handleConnectionClosed (/usr/lib/code-server/vendor/modules/code-oss-dev/extensions/html-language-features/client/dist/node/htmlClientMain.js:1:463838)
	at T.handleConnectionClosed (/usr/lib/code-server/vendor/modules/code-oss-dev/extensions/html-language-features/client/dist/node/htmlClientMain.js:1:524244)
	at t (/usr/lib/code-server/vendor/modules/code-oss-dev/extensions/html-language-features/client/dist/node/htmlClientMain.js:1:461927)
	at invoke (/usr/lib/code-server/vendor/modules/code-oss-dev/extensions/html-language-features/client/dist/node/htmlClientMain.js:1:385058)
	at o.fire (/usr/lib/code-server/vendor/modules/code-oss-dev/extensions/html-language-features/client/dist/node/htmlClientMain.js:1:385819)
	at Q (/usr/lib/code-server/vendor/modules/code-oss-dev/extensions/html-language-features/client/dist/node/htmlClientMain.js:1:372703)
	at invoke (/usr/lib/code-server/vendor/modules/code-oss-dev/extensions/html-language-features/client/dist/node/htmlClientMain.js:1:385058)
	at o.fire (/usr/lib/code-server/vendor/modules/code-oss-dev/extensions/html-language-features/client/dist/node/htmlClientMain.js:1:385819)
	at d.fireClose (/usr/lib/code-server/vendor/modules/code-oss-dev/extensions/html-language-features/client/dist/node/htmlClientMain.js:1:393700)
	at ChildProcess.<anonymous> (/usr/lib/code-server/vendor/modules/code-oss-dev/extensions/html-language-features/client/dist/node/htmlClientMain.js:1:404666)
	at ChildProcess.emit (events.js:412:35)
	at maybeClose (internal/child_process.js:1058:16)
	at Socket.<anonymous> (internal/child_process.js:443:11)
	at Socket.emit (events.js:400:28)
	at Pipe.<anonymous> (net.js:686:12)
[Error - 6:17:54 PM] Request textDocument/completion failed.
Error: Connection got disposed.
	at Object.dispose (/usr/lib/code-server/vendor/modules/code-oss-dev/extensions/html-language-features/client/dist/node/htmlClientMain.js:1:383445)
	at Object.dispose (/usr/lib/code-server/vendor/modules/code-oss-dev/extensions/html-language-features/client/dist/node/htmlClientMain.js:1:463625)
	at T.handleConnectionClosed (/usr/lib/code-server/vendor/modules/code-oss-dev/extensions/html-language-features/client/dist/node/htmlClientMain.js:1:463838)
	at T.handleConnectionClosed (/usr/lib/code-server/vendor/modules/code-oss-dev/extensions/html-language-features/client/dist/node/htmlClientMain.js:1:524244)
	at t (/usr/lib/code-server/vendor/modules/code-oss-dev/extensions/html-language-features/client/dist/node/htmlClientMain.js:1:461927)
	at invoke (/usr/lib/code-server/vendor/modules/code-oss-dev/extensions/html-language-features/client/dist/node/htmlClientMain.js:1:385058)
	at o.fire (/usr/lib/code-server/vendor/modules/code-oss-dev/extensions/html-language-features/client/dist/node/htmlClientMain.js:1:385819)
	at Q (/usr/lib/code-server/vendor/modules/code-oss-dev/extensions/html-language-features/client/dist/node/htmlClientMain.js:1:372703)
	at invoke (/usr/lib/code-server/vendor/modules/code-oss-dev/extensions/html-language-features/client/dist/node/htmlClientMain.js:1:385058)
	at o.fire (/usr/lib/code-server/vendor/modules/code-oss-dev/extensions/html-language-features/client/dist/node/htmlClientMain.js:1:385819)
	at d.fireClose (/usr/lib/code-server/vendor/modules/code-oss-dev/extensions/html-language-features/client/dist/node/htmlClientMain.js:1:393700)
	at ChildProcess.<anonymous> (/usr/lib/code-server/vendor/modules/code-oss-dev/extensions/html-language-features/client/dist/node/htmlClientMain.js:1:404666)
	at ChildProcess.emit (events.js:412:35)
	at maybeClose (internal/child_process.js:1058:16)
	at Socket.<anonymous> (internal/child_process.js:443:11)
	at Socket.emit (events.js:400:28)
	at Pipe.<anonymous> (net.js:686:12)
[Error - 6:17:54 PM] Request textDocument/completion failed.
Error: Connection got disposed.
	at Object.dispose (/usr/lib/code-server/vendor/modules/code-oss-dev/extensions/html-language-features/client/dist/node/htmlClientMain.js:1:383445)
	at Object.dispose (/usr/lib/code-server/vendor/modules/code-oss-dev/extensions/html-language-features/client/dist/node/htmlClientMain.js:1:463625)
	at T.handleConnectionClosed (/usr/lib/code-server/vendor/modules/code-oss-dev/extensions/html-language-features/client/dist/node/htmlClientMain.js:1:463838)
	at T.handleConnectionClosed (/usr/lib/code-server/vendor/modules/code-oss-dev/extensions/html-language-features/client/dist/node/htmlClientMain.js:1:524244)
	at t (/usr/lib/code-server/vendor/modules/code-oss-dev/extensions/html-language-features/client/dist/node/htmlClientMain.js:1:461927)
	at invoke (/usr/lib/code-server/vendor/modules/code-oss-dev/extensions/html-language-features/client/dist/node/htmlClientMain.js:1:385058)
	at o.fire (/usr/lib/code-server/vendor/modules/code-oss-dev/extensions/html-language-features/client/dist/node/htmlClientMain.js:1:385819)
	at Q (/usr/lib/code-server/vendor/modules/code-oss-dev/extensions/html-language-features/client/dist/node/htmlClientMain.js:1:372703)
	at invoke (/usr/lib/code-server/vendor/modules/code-oss-dev/extensions/html-language-features/client/dist/node/htmlClientMain.js:1:385058)
	at o.fire (/usr/lib/code-server/vendor/modules/code-oss-dev/extensions/html-language-features/client/dist/node/htmlClientMain.js:1:385819)
	at d.fireClose (/usr/lib/code-server/vendor/modules/code-oss-dev/extensions/html-language-features/client/dist/node/htmlClientMain.js:1:393700)
	at ChildProcess.<anonymous> (/usr/lib/code-server/vendor/modules/code-oss-dev/extensions/html-language-features/client/dist/node/htmlClientMain.js:1:404666)
	at ChildProcess.emit (events.js:412:35)
	at maybeClose (internal/child_process.js:1058:16)
	at Socket.<anonymous> (internal/child_process.js:443:11)
	at Socket.emit (events.js:400:28)
	at Pipe.<anonymous> (net.js:686:12)
[Error - 6:17:54 PM] Request textDocument/documentLink failed.
Error: Connection got disposed.
	at Object.dispose (/usr/lib/code-server/vendor/modules/code-oss-dev/extensions/html-language-features/client/dist/node/htmlClientMain.js:1:383445)
	at Object.dispose (/usr/lib/code-server/vendor/modules/code-oss-dev/extensions/html-language-features/client/dist/node/htmlClientMain.js:1:463625)
	at T.handleConnectionClosed (/usr/lib/code-server/vendor/modules/code-oss-dev/extensions/html-language-features/client/dist/node/htmlClientMain.js:1:463838)
	at T.handleConnectionClosed (/usr/lib/code-server/vendor/modules/code-oss-dev/extensions/html-language-features/client/dist/node/htmlClientMain.js:1:524244)
	at t (/usr/lib/code-server/vendor/modules/code-oss-dev/extensions/html-language-features/client/dist/node/htmlClientMain.js:1:461927)
	at invoke (/usr/lib/code-server/vendor/modules/code-oss-dev/extensions/html-language-features/client/dist/node/htmlClientMain.js:1:385058)
	at o.fire (/usr/lib/code-server/vendor/modules/code-oss-dev/extensions/html-language-features/client/dist/node/htmlClientMain.js:1:385819)
	at Q (/usr/lib/code-server/vendor/modules/code-oss-dev/extensions/html-language-features/client/dist/node/htmlClientMain.js:1:372703)
	at invoke (/usr/lib/code-server/vendor/modules/code-oss-dev/extensions/html-language-features/client/dist/node/htmlClientMain.js:1:385058)
	at o.fire (/usr/lib/code-server/vendor/modules/code-oss-dev/extensions/html-language-features/client/dist/node/htmlClientMain.js:1:385819)
	at d.fireClose (/usr/lib/code-server/vendor/modules/code-oss-dev/extensions/html-language-features/client/dist/node/htmlClientMain.js:1:393700)
	at ChildProcess.<anonymous> (/usr/lib/code-server/vendor/modules/code-oss-dev/extensions/html-language-features/client/dist/node/htmlClientMain.js:1:404666)
	at ChildProcess.emit (events.js:412:35)
	at maybeClose (internal/child_process.js:1058:16)
	at Socket.<anonymous> (internal/child_process.js:443:11)
	at Socket.emit (events.js:400:28)
	at Pipe.<anonymous> (net.js:686:12)
[Error - 6:17:54 PM] Request textDocument/colorPresentation failed.
Error: Connection got disposed.
	at Object.dispose (/usr/lib/code-server/vendor/modules/code-oss-dev/extensions/html-language-features/client/dist/node/htmlClientMain.js:1:383445)
	at Object.dispose (/usr/lib/code-server/vendor/modules/code-oss-dev/extensions/html-language-features/client/dist/node/htmlClientMain.js:1:463625)
	at T.handleConnectionClosed (/usr/lib/code-server/vendor/modules/code-oss-dev/extensions/html-language-features/client/dist/node/htmlClientMain.js:1:463838)
	at T.handleConnectionClosed (/usr/lib/code-server/vendor/modules/code-oss-dev/extensions/html-language-features/client/dist/node/htmlClientMain.js:1:524244)
	at t (/usr/lib/code-server/vendor/modules/code-oss-dev/extensions/html-language-features/client/dist/node/htmlClientMain.js:1:461927)
	at invoke (/usr/lib/code-server/vendor/modules/code-oss-dev/extensions/html-language-features/client/dist/node/htmlClientMain.js:1:385058)
	at o.fire (/usr/lib/code-server/vendor/modules/code-oss-dev/extensions/html-language-features/client/dist/node/htmlClientMain.js:1:385819)
	at Q (/usr/lib/code-server/vendor/modules/code-oss-dev/extensions/html-language-features/client/dist/node/htmlClientMain.js:1:372703)
	at invoke (/usr/lib/code-server/vendor/modules/code-oss-dev/extensions/html-language-features/client/dist/node/htmlClientMain.js:1:385058)
	at o.fire (/usr/lib/code-server/vendor/modules/code-oss-dev/extensions/html-language-features/client/dist/node/htmlClientMain.js:1:385819)
	at d.fireClose (/usr/lib/code-server/vendor/modules/code-oss-dev/extensions/html-language-features/client/dist/node/htmlClientMain.js:1:393700)
	at ChildProcess.<anonymous> (/usr/lib/code-server/vendor/modules/code-oss-dev/extensions/html-language-features/client/dist/node/htmlClientMain.js:1:404666)
	at ChildProcess.emit (events.js:412:35)
	at maybeClose (internal/child_process.js:1058:16)
	at Socket.<anonymous> (internal/child_process.js:443:11)
	at Socket.emit (events.js:400:28)
	at Pipe.<anonymous> (net.js:686:12)
[Error - 6:17:54 PM] Request textDocument/foldingRange failed.
Error: Connection got disposed.
	at Object.dispose (/usr/lib/code-server/vendor/modules/code-oss-dev/extensions/html-language-features/client/dist/node/htmlClientMain.js:1:383445)
	at Object.dispose (/usr/lib/code-server/vendor/modules/code-oss-dev/extensions/html-language-features/client/dist/node/htmlClientMain.js:1:463625)
	at T.handleConnectionClosed (/usr/lib/code-server/vendor/modules/code-oss-dev/extensions/html-language-features/client/dist/node/htmlClientMain.js:1:463838)
	at T.handleConnectionClosed (/usr/lib/code-server/vendor/modules/code-oss-dev/extensions/html-language-features/client/dist/node/htmlClientMain.js:1:524244)
	at t (/usr/lib/code-server/vendor/modules/code-oss-dev/extensions/html-language-features/client/dist/node/htmlClientMain.js:1:461927)
	at invoke (/usr/lib/code-server/vendor/modules/code-oss-dev/extensions/html-language-features/client/dist/node/htmlClientMain.js:1:385058)
	at o.fire (/usr/lib/code-server/vendor/modules/code-oss-dev/extensions/html-language-features/client/dist/node/htmlClientMain.js:1:385819)
	at Q (/usr/lib/code-server/vendor/modules/code-oss-dev/extensions/html-language-features/client/dist/node/htmlClientMain.js:1:372703)
	at invoke (/usr/lib/code-server/vendor/modules/code-oss-dev/extensions/html-language-features/client/dist/node/htmlClientMain.js:1:385058)
	at o.fire (/usr/lib/code-server/vendor/modules/code-oss-dev/extensions/html-language-features/client/dist/node/htmlClientMain.js:1:385819)
	at d.fireClose (/usr/lib/code-server/vendor/modules/code-oss-dev/extensions/html-language-features/client/dist/node/htmlClientMain.js:1:393700)
	at ChildProcess.<anonymous> (/usr/lib/code-server/vendor/modules/code-oss-dev/extensions/html-language-features/client/dist/node/htmlClientMain.js:1:404666)
	at ChildProcess.emit (events.js:412:35)
	at maybeClose (internal/child_process.js:1058:16)
	at Socket.<anonymous> (internal/child_process.js:443:11)
	at Socket.emit (events.js:400:28)
	at Pipe.<anonymous> (net.js:686:12)
[Error - 6:17:54 PM] Request textDocument/documentSymbol failed.
Error: Connection got disposed.
	at Object.dispose (/usr/lib/code-server/vendor/modules/code-oss-dev/extensions/html-language-features/client/dist/node/htmlClientMain.js:1:383445)
	at Object.dispose (/usr/lib/code-server/vendor/modules/code-oss-dev/extensions/html-language-features/client/dist/node/htmlClientMain.js:1:463625)
	at T.handleConnectionClosed (/usr/lib/code-server/vendor/modules/code-oss-dev/extensions/html-language-features/client/dist/node/htmlClientMain.js:1:463838)
	at T.handleConnectionClosed (/usr/lib/code-server/vendor/modules/code-oss-dev/extensions/html-language-features/client/dist/node/htmlClientMain.js:1:524244)
	at t (/usr/lib/code-server/vendor/modules/code-oss-dev/extensions/html-language-features/client/dist/node/htmlClientMain.js:1:461927)
	at invoke (/usr/lib/code-server/vendor/modules/code-oss-dev/extensions/html-language-features/client/dist/node/htmlClientMain.js:1:385058)
	at o.fire (/usr/lib/code-server/vendor/modules/code-oss-dev/extensions/html-language-features/client/dist/node/htmlClientMain.js:1:385819)
	at Q (/usr/lib/code-server/vendor/modules/code-oss-dev/extensions/html-language-features/client/dist/node/htmlClientMain.js:1:372703)
	at invoke (/usr/lib/code-server/vendor/modules/code-oss-dev/extensions/html-language-features/client/dist/node/htmlClientMain.js:1:385058)
	at o.fire (/usr/lib/code-server/vendor/modules/code-oss-dev/extensions/html-language-features/client/dist/node/htmlClientMain.js:1:385819)
	at d.fireClose (/usr/lib/code-server/vendor/modules/code-oss-dev/extensions/html-language-features/client/dist/node/htmlClientMain.js:1:393700)
	at ChildProcess.<anonymous> (/usr/lib/code-server/vendor/modules/code-oss-dev/extensions/html-language-features/client/dist/node/htmlClientMain.js:1:404666)
	at ChildProcess.emit (events.js:412:35)
	at maybeClose (internal/child_process.js:1058:16)
	at Socket.<anonymous> (internal/child_process.js:443:11)
	at Socket.emit (events.js:400:28)
	at Pipe.<anonymous> (net.js:686:12)
[Info  - 6:40:34 PM] Connection to server got closed. Server will restart.
[Info  - 6:59:17 PM] Connection to server got closed. Server will restart.
[Info  - 7:05:10 PM] Connection to server got closed. Server will restart.
[Error - 7:05:10 PM] Request textDocument/documentHighlight failed.
Error: Connection got disposed.
	at Object.dispose (/usr/lib/code-server/vendor/modules/code-oss-dev/extensions/html-language-features/client/dist/node/htmlClientMain.js:1:383445)
	at Object.dispose (/usr/lib/code-server/vendor/modules/code-oss-dev/extensions/html-language-features/client/dist/node/htmlClientMain.js:1:463625)
	at T.handleConnectionClosed (/usr/lib/code-server/vendor/modules/code-oss-dev/extensions/html-language-features/client/dist/node/htmlClientMain.js:1:463838)
	at T.handleConnectionClosed (/usr/lib/code-server/vendor/modules/code-oss-dev/extensions/html-language-features/client/dist/node/htmlClientMain.js:1:524244)
	at t (/usr/lib/code-server/vendor/modules/code-oss-dev/extensions/html-language-features/client/dist/node/htmlClientMain.js:1:461927)
	at invoke (/usr/lib/code-server/vendor/modules/code-oss-dev/extensions/html-language-features/client/dist/node/htmlClientMain.js:1:385058)
	at o.fire (/usr/lib/code-server/vendor/modules/code-oss-dev/extensions/html-language-features/client/dist/node/htmlClientMain.js:1:385819)
	at Q (/usr/lib/code-server/vendor/modules/code-oss-dev/extensions/html-language-features/client/dist/node/htmlClientMain.js:1:372703)
	at invoke (/usr/lib/code-server/vendor/modules/code-oss-dev/extensions/html-language-features/client/dist/node/htmlClientMain.js:1:385058)
	at o.fire (/usr/lib/code-server/vendor/modules/code-oss-dev/extensions/html-language-features/client/dist/node/htmlClientMain.js:1:385819)
	at d.fireClose (/usr/lib/code-server/vendor/modules/code-oss-dev/extensions/html-language-features/client/dist/node/htmlClientMain.js:1:393700)
	at ChildProcess.<anonymous> (/usr/lib/code-server/vendor/modules/code-oss-dev/extensions/html-language-features/client/dist/node/htmlClientMain.js:1:404666)
	at ChildProcess.emit (events.js:412:35)
	at maybeClose (internal/child_process.js:1058:16)
	at Socket.<anonymous> (internal/child_process.js:443:11)
	at Socket.emit (events.js:400:28)
	at Pipe.<anonymous> (net.js:686:12)
[Info  - 7:35:10 PM] Connection to server got closed. Server will restart.
[Info  - 7:57:30 PM] Connection to server got closed. Server will restart.
[Error - 7:57:30 PM] Request textDocument/documentLink failed.
Error: Connection got disposed.
	at Object.dispose (/usr/lib/code-server/vendor/modules/code-oss-dev/extensions/html-language-features/client/dist/node/htmlClientMain.js:1:383445)
	at Object.dispose (/usr/lib/code-server/vendor/modules/code-oss-dev/extensions/html-language-features/client/dist/node/htmlClientMain.js:1:463625)
	at T.handleConnectionClosed (/usr/lib/code-server/vendor/modules/code-oss-dev/extensions/html-language-features/client/dist/node/htmlClientMain.js:1:463838)
	at T.handleConnectionClosed (/usr/lib/code-server/vendor/modules/code-oss-dev/extensions/html-language-features/client/dist/node/htmlClientMain.js:1:524244)
	at t (/usr/lib/code-server/vendor/modules/code-oss-dev/extensions/html-language-features/client/dist/node/htmlClientMain.js:1:461927)
	at invoke (/usr/lib/code-server/vendor/modules/code-oss-dev/extensions/html-language-features/client/dist/node/htmlClientMain.js:1:385058)
	at o.fire (/usr/lib/code-server/vendor/modules/code-oss-dev/extensions/html-language-features/client/dist/node/htmlClientMain.js:1:385819)
	at Q (/usr/lib/code-server/vendor/modules/code-oss-dev/extensions/html-language-features/client/dist/node/htmlClientMain.js:1:372703)
	at invoke (/usr/lib/code-server/vendor/modules/code-oss-dev/extensions/html-language-features/client/dist/node/htmlClientMain.js:1:385058)
	at o.fire (/usr/lib/code-server/vendor/modules/code-oss-dev/extensions/html-language-features/client/dist/node/htmlClientMain.js:1:385819)
	at d.fireClose (/usr/lib/code-server/vendor/modules/code-oss-dev/extensions/html-language-features/client/dist/node/htmlClientMain.js:1:393700)
	at ChildProcess.<anonymous> (/usr/lib/code-server/vendor/modules/code-oss-dev/extensions/html-language-features/client/dist/node/htmlClientMain.js:1:404666)
	at ChildProcess.emit (events.js:412:35)
	at maybeClose (internal/child_process.js:1058:16)
	at Process.ChildProcess._handle.onexit (internal/child_process.js:293:5)
[Error - 7:57:30 PM] Request textDocument/colorPresentation failed.
Error: Connection got disposed.
	at Object.dispose (/usr/lib/code-server/vendor/modules/code-oss-dev/extensions/html-language-features/client/dist/node/htmlClientMain.js:1:383445)
	at Object.dispose (/usr/lib/code-server/vendor/modules/code-oss-dev/extensions/html-language-features/client/dist/node/htmlClientMain.js:1:463625)
	at T.handleConnectionClosed (/usr/lib/code-server/vendor/modules/code-oss-dev/extensions/html-language-features/client/dist/node/htmlClientMain.js:1:463838)
	at T.handleConnectionClosed (/usr/lib/code-server/vendor/modules/code-oss-dev/extensions/html-language-features/client/dist/node/htmlClientMain.js:1:524244)
	at t (/usr/lib/code-server/vendor/modules/code-oss-dev/extensions/html-language-features/client/dist/node/htmlClientMain.js:1:461927)
	at invoke (/usr/lib/code-server/vendor/modules/code-oss-dev/extensions/html-language-features/client/dist/node/htmlClientMain.js:1:385058)
	at o.fire (/usr/lib/code-server/vendor/modules/code-oss-dev/extensions/html-language-features/client/dist/node/htmlClientMain.js:1:385819)
	at Q (/usr/lib/code-server/vendor/modules/code-oss-dev/extensions/html-language-features/client/dist/node/htmlClientMain.js:1:372703)
	at invoke (/usr/lib/code-server/vendor/modules/code-oss-dev/extensions/html-language-features/client/dist/node/htmlClientMain.js:1:385058)
	at o.fire (/usr/lib/code-server/vendor/modules/code-oss-dev/extensions/html-language-features/client/dist/node/htmlClientMain.js:1:385819)
	at d.fireClose (/usr/lib/code-server/vendor/modules/code-oss-dev/extensions/html-language-features/client/dist/node/htmlClientMain.js:1:393700)
	at ChildProcess.<anonymous> (/usr/lib/code-server/vendor/modules/code-oss-dev/extensions/html-language-features/client/dist/node/htmlClientMain.js:1:404666)
	at ChildProcess.emit (events.js:412:35)
	at maybeClose (internal/child_process.js:1058:16)
	at Process.ChildProcess._handle.onexit (internal/child_process.js:293:5)
[Info  - 8:29:14 PM] Connection to server got closed. Server will restart.
[Info  - 8:52:24 PM] Connection to server got closed. Server will restart.
[Info  - 9:31:10 PM] Connection to server got closed. Server will restart.
[Error - 9:31:10 PM] Request textDocument/foldingRange failed.
Error: Connection got disposed.
	at Object.dispose (/usr/lib/code-server/vendor/modules/code-oss-dev/extensions/html-language-features/client/dist/node/htmlClientMain.js:1:383445)
	at Object.dispose (/usr/lib/code-server/vendor/modules/code-oss-dev/extensions/html-language-features/client/dist/node/htmlClientMain.js:1:463625)
	at T.handleConnectionClosed (/usr/lib/code-server/vendor/modules/code-oss-dev/extensions/html-language-features/client/dist/node/htmlClientMain.js:1:463838)
	at T.handleConnectionClosed (/usr/lib/code-server/vendor/modules/code-oss-dev/extensions/html-language-features/client/dist/node/htmlClientMain.js:1:524244)
	at t (/usr/lib/code-server/vendor/modules/code-oss-dev/extensions/html-language-features/client/dist/node/htmlClientMain.js:1:461927)
	at invoke (/usr/lib/code-server/vendor/modules/code-oss-dev/extensions/html-language-features/client/dist/node/htmlClientMain.js:1:385058)
	at o.fire (/usr/lib/code-server/vendor/modules/code-oss-dev/extensions/html-language-features/client/dist/node/htmlClientMain.js:1:385819)
	at Q (/usr/lib/code-server/vendor/modules/code-oss-dev/extensions/html-language-features/client/dist/node/htmlClientMain.js:1:372703)
	at invoke (/usr/lib/code-server/vendor/modules/code-oss-dev/extensions/html-language-features/client/dist/node/htmlClientMain.js:1:385058)
	at o.fire (/usr/lib/code-server/vendor/modules/code-oss-dev/extensions/html-language-features/client/dist/node/htmlClientMain.js:1:385819)
	at d.fireClose (/usr/lib/code-server/vendor/modules/code-oss-dev/extensions/html-language-features/client/dist/node/htmlClientMain.js:1:393700)
	at ChildProcess.<anonymous> (/usr/lib/code-server/vendor/modules/code-oss-dev/extensions/html-language-features/client/dist/node/htmlClientMain.js:1:404666)
	at ChildProcess.emit (events.js:412:35)
	at maybeClose (internal/child_process.js:1058:16)
	at Process.ChildProcess._handle.onexit (internal/child_process.js:293:5)
[Error - 9:31:10 PM] Request textDocument/documentSymbol failed.
Error: Connection got disposed.
	at Object.dispose (/usr/lib/code-server/vendor/modules/code-oss-dev/extensions/html-language-features/client/dist/node/htmlClientMain.js:1:383445)
	at Object.dispose (/usr/lib/code-server/vendor/modules/code-oss-dev/extensions/html-language-features/client/dist/node/htmlClientMain.js:1:463625)
	at T.handleConnectionClosed (/usr/lib/code-server/vendor/modules/code-oss-dev/extensions/html-language-features/client/dist/node/htmlClientMain.js:1:463838)
	at T.handleConnectionClosed (/usr/lib/code-server/vendor/modules/code-oss-dev/extensions/html-language-features/client/dist/node/htmlClientMain.js:1:524244)
	at t (/usr/lib/code-server/vendor/modules/code-oss-dev/extensions/html-language-features/client/dist/node/htmlClientMain.js:1:461927)
	at invoke (/usr/lib/code-server/vendor/modules/code-oss-dev/extensions/html-language-features/client/dist/node/htmlClientMain.js:1:385058)
	at o.fire (/usr/lib/code-server/vendor/modules/code-oss-dev/extensions/html-language-features/client/dist/node/htmlClientMain.js:1:385819)
	at Q (/usr/lib/code-server/vendor/modules/code-oss-dev/extensions/html-language-features/client/dist/node/htmlClientMain.js:1:372703)
	at invoke (/usr/lib/code-server/vendor/modules/code-oss-dev/extensions/html-language-features/client/dist/node/htmlClientMain.js:1:385058)
	at o.fire (/usr/lib/code-server/vendor/modules/code-oss-dev/extensions/html-language-features/client/dist/node/htmlClientMain.js:1:385819)
	at d.fireClose (/usr/lib/code-server/vendor/modules/code-oss-dev/extensions/html-language-features/client/dist/node/htmlClientMain.js:1:393700)
	at ChildProcess.<anonymous> (/usr/lib/code-server/vendor/modules/code-oss-dev/extensions/html-language-features/client/dist/node/htmlClientMain.js:1:404666)
	at ChildProcess.emit (events.js:412:35)
	at maybeClose (internal/child_process.js:1058:16)
	at Process.ChildProcess._handle.onexit (internal/child_process.js:293:5)
[Error - 9:31:10 PM] Request textDocument/documentLink failed.
Error: Connection got disposed.
	at Object.dispose (/usr/lib/code-server/vendor/modules/code-oss-dev/extensions/html-language-features/client/dist/node/htmlClientMain.js:1:383445)
	at Object.dispose (/usr/lib/code-server/vendor/modules/code-oss-dev/extensions/html-language-features/client/dist/node/htmlClientMain.js:1:463625)
	at T.handleConnectionClosed (/usr/lib/code-server/vendor/modules/code-oss-dev/extensions/html-language-features/client/dist/node/htmlClientMain.js:1:463838)
	at T.handleConnectionClosed (/usr/lib/code-server/vendor/modules/code-oss-dev/extensions/html-language-features/client/dist/node/htmlClientMain.js:1:524244)
	at t (/usr/lib/code-server/vendor/modules/code-oss-dev/extensions/html-language-features/client/dist/node/htmlClientMain.js:1:461927)
	at invoke (/usr/lib/code-server/vendor/modules/code-oss-dev/extensions/html-language-features/client/dist/node/htmlClientMain.js:1:385058)
	at o.fire (/usr/lib/code-server/vendor/modules/code-oss-dev/extensions/html-language-features/client/dist/node/htmlClientMain.js:1:385819)
	at Q (/usr/lib/code-server/vendor/modules/code-oss-dev/extensions/html-language-features/client/dist/node/htmlClientMain.js:1:372703)
	at invoke (/usr/lib/code-server/vendor/modules/code-oss-dev/extensions/html-language-features/client/dist/node/htmlClientMain.js:1:385058)
	at o.fire (/usr/lib/code-server/vendor/modules/code-oss-dev/extensions/html-language-features/client/dist/node/htmlClientMain.js:1:385819)
	at d.fireClose (/usr/lib/code-server/vendor/modules/code-oss-dev/extensions/html-language-features/client/dist/node/htmlClientMain.js:1:393700)
	at ChildProcess.<anonymous> (/usr/lib/code-server/vendor/modules/code-oss-dev/extensions/html-language-features/client/dist/node/htmlClientMain.js:1:404666)
	at ChildProcess.emit (events.js:412:35)
	at maybeClose (internal/child_process.js:1058:16)
	at Process.ChildProcess._handle.onexit (internal/child_process.js:293:5)
[Error - 9:31:10 PM] Request textDocument/colorPresentation failed.
Error: Connection got disposed.
	at Object.dispose (/usr/lib/code-server/vendor/modules/code-oss-dev/extensions/html-language-features/client/dist/node/htmlClientMain.js:1:383445)
	at Object.dispose (/usr/lib/code-server/vendor/modules/code-oss-dev/extensions/html-language-features/client/dist/node/htmlClientMain.js:1:463625)
	at T.handleConnectionClosed (/usr/lib/code-server/vendor/modules/code-oss-dev/extensions/html-language-features/client/dist/node/htmlClientMain.js:1:463838)
	at T.handleConnectionClosed (/usr/lib/code-server/vendor/modules/code-oss-dev/extensions/html-language-features/client/dist/node/htmlClientMain.js:1:524244)
	at t (/usr/lib/code-server/vendor/modules/code-oss-dev/extensions/html-language-features/client/dist/node/htmlClientMain.js:1:461927)
	at invoke (/usr/lib/code-server/vendor/modules/code-oss-dev/extensions/html-language-features/client/dist/node/htmlClientMain.js:1:385058)
	at o.fire (/usr/lib/code-server/vendor/modules/code-oss-dev/extensions/html-language-features/client/dist/node/htmlClientMain.js:1:385819)
	at Q (/usr/lib/code-server/vendor/modules/code-oss-dev/extensions/html-language-features/client/dist/node/htmlClientMain.js:1:372703)
	at invoke (/usr/lib/code-server/vendor/modules/code-oss-dev/extensions/html-language-features/client/dist/node/htmlClientMain.js:1:385058)
	at o.fire (/usr/lib/code-server/vendor/modules/code-oss-dev/extensions/html-language-features/client/dist/node/htmlClientMain.js:1:385819)
	at d.fireClose (/usr/lib/code-server/vendor/modules/code-oss-dev/extensions/html-language-features/client/dist/node/htmlClientMain.js:1:393700)
	at ChildProcess.<anonymous> (/usr/lib/code-server/vendor/modules/code-oss-dev/extensions/html-language-features/client/dist/node/htmlClientMain.js:1:404666)
	at ChildProcess.emit (events.js:412:35)
	at maybeClose (internal/child_process.js:1058:16)
	at Process.ChildProcess._handle.onexit (internal/child_process.js:293:5)
[Info  - 11:29:57 PM] Connection to server got closed. Server will restart.
