[2023-06-29 21:34:30.393] [exthost] [info] Extension host with pid 7162 started
[2023-06-29 21:34:30.393] [exthost] [error] Error: EACCES: permission denied, open '/tmp/vscode-ipc'
[2023-06-29 21:34:30.394] [exthost] [error] Error: EEXIST: file already exists, open '/home/s413180/.local/share/code-server/User/workspaceStorage/2e0fdad3/vscode.lock'
[2023-06-29 21:34:30.394] [exthost] [info] Lock '/home/s413180/.local/share/code-server/User/workspaceStorage/2e0fdad3/vscode.lock': Could not acquire lock, checking if the file is stale.
[2023-06-29 21:34:30.396] [exthost] [info] Lock '/home/s413180/.local/share/code-server/User/workspaceStorage/2e0fdad3/vscode.lock': The lock does not look stale, elapsed: 84 ms, giving up.
[2023-06-29 21:34:30.396] [exthost] [error] Error: EEXIST: file already exists, open '/home/s413180/.local/share/code-server/User/workspaceStorage/2e0fdad3-1/vscode.lock'
[2023-06-29 21:34:30.397] [exthost] [info] Lock '/home/s413180/.local/share/code-server/User/workspaceStorage/2e0fdad3-1/vscode.lock': Could not acquire lock, checking if the file is stale.
[2023-06-29 21:34:30.397] [exthost] [info] Lock '/home/s413180/.local/share/code-server/User/workspaceStorage/2e0fdad3-1/vscode.lock': The pid 210214 appears to be gone.
[2023-06-29 21:34:30.397] [exthost] [info] Lock '/home/s413180/.local/share/code-server/User/workspaceStorage/2e0fdad3-1/vscode.lock': Deleting a stale lock.
[2023-06-29 21:34:30.401] [exthost] [info] Lock '/home/s413180/.local/share/code-server/User/workspaceStorage/2e0fdad3-1/vscode.lock': Lock acquired.
[2023-06-29 21:34:30.436] [exthost] [info] ExtensionService#_doActivateExtension vscode.php-language-features, startup: false, activationEvent: 'onLanguage:php'
[2023-06-29 21:34:30.448] [exthost] [info] ExtensionService#_doActivateExtension vscode.debug-auto-launch, startup: true, activationEvent: '*'
[2023-06-29 21:34:30.453] [exthost] [info] ExtensionService#_doActivateExtension vscode.git-base, startup: true, activationEvent: '*', root cause: vscode.github
[2023-06-29 21:34:30.572] [exthost] [info] ExtensionService#_doActivateExtension vscode.git, startup: true, activationEvent: '*'
[2023-06-29 21:34:30.618] [exthost] [info] ExtensionService#_doActivateExtension vscode.github, startup: true, activationEvent: '*'
[2023-06-29 21:34:30.690] [exthost] [info] ExtensionService#_doActivateExtension vscode.emmet, startup: false, activationEvent: 'onStartupFinished'
[2023-06-29 21:34:30.702] [exthost] [info] ExtensionService#_doActivateExtension vscode.merge-conflict, startup: false, activationEvent: 'onStartupFinished'
[2023-06-29 21:34:30.705] [exthost] [info] Eager extensions activated
[2023-06-29 21:53:01.583] [exthost] [info] ExtensionService#_doActivateExtension vscode.html-language-features, startup: false, activationEvent: 'onLanguage:html'
[2023-06-29 21:53:12.359] [exthost] [info] ExtensionService#_doActivateExtension vscode.typescript-language-features, startup: false, activationEvent: 'onLanguage:typescript'
[2023-06-29 22:09:43.156] [exthost] [info] ExtensionService#_doActivateExtension vscode.configuration-editing, startup: false, activationEvent: 'onLanguage:json'
[2023-06-29 22:09:43.165] [exthost] [info] ExtensionService#_doActivateExtension vscode.extension-editing, startup: false, activationEvent: 'onLanguage:json'
[2023-06-29 22:09:43.176] [exthost] [info] ExtensionService#_doActivateExtension vscode.json-language-features, startup: false, activationEvent: 'onLanguage:json'
[2023-06-29 22:09:43.225] [exthost] [info] ExtensionService#_doActivateExtension vscode.npm, startup: false, activationEvent: 'onLanguage:json'
