[2023-07-01 10:51:57.788] [exthost] [info] Extension host with pid 89701 started
[2023-07-01 10:51:57.788] [exthost] [error] Error: EACCES: permission denied, open '/tmp/vscode-ipc'
[2023-07-01 10:51:57.794] [exthost] [info] Lock '/home/s413180/.local/share/code-server/User/workspaceStorage/2e0fdad3/vscode.lock': Lock acquired.
[2023-07-01 10:51:57.830] [exthost] [info] ExtensionService#_doActivateExtension vscode.html-language-features, startup: false, activationEvent: 'onLanguage:html'
[2023-07-01 10:51:57.876] [exthost] [info] ExtensionService#_doActivateExtension vscode.debug-auto-launch, startup: true, activationEvent: '*'
[2023-07-01 10:51:57.879] [exthost] [info] ExtensionService#_doActivateExtension vscode.git-base, startup: true, activationEvent: '*', root cause: vscode.github
[2023-07-01 10:51:58.018] [exthost] [info] ExtensionService#_doActivateExtension vscode.git, startup: true, activationEvent: '*'
[2023-07-01 10:51:58.065] [exthost] [info] ExtensionService#_doActivateExtension vscode.github, startup: true, activationEvent: '*'
[2023-07-01 10:51:58.141] [exthost] [info] ExtensionService#_doActivateExtension vscode.emmet, startup: false, activationEvent: 'onStartupFinished'
[2023-07-01 10:51:58.154] [exthost] [info] ExtensionService#_doActivateExtension vscode.merge-conflict, startup: false, activationEvent: 'onStartupFinished'
[2023-07-01 10:51:58.157] [exthost] [info] Eager extensions activated
[2023-07-01 11:59:52.353] [exthost] [info] ExtensionService#_doActivateExtension vscode.typescript-language-features, startup: false, activationEvent: 'onLanguage:javascript'
[2023-07-01 12:00:12.430] [exthost] [info] ExtensionService#_doActivateExtension vscode.image-preview, startup: false, activationEvent: 'onCustomEditor:imagePreview.previewEditor'
[2023-07-01 12:01:42.439] [exthost] [info] ExtensionService#_doActivateExtension vscode.extension-editing, startup: false, activationEvent: 'onLanguage:markdown'
[2023-07-01 12:01:42.452] [exthost] [info] ExtensionService#_doActivateExtension vscode.markdown-language-features, startup: false, activationEvent: 'onLanguage:markdown'
[2023-07-01 12:01:42.640] [exthost] [info] ExtensionService#_doActivateExtension vscode.markdown-math, startup: false, activationEvent: 'api', root cause: vscode.markdown-language-features
[2023-07-01 12:46:55.063] [exthost] [info] ExtensionService#_doActivateExtension vscode.php-language-features, startup: false, activationEvent: 'onLanguage:php'
[2023-07-02 03:16:15.893] [exthost] [info] extension host terminating: renderer disconnected for too long (1)
[2023-07-02 03:16:15.895] [exthost] [info] Lock '/home/s413180/.local/share/code-server/User/workspaceStorage/2e0fdad3/vscode.lock': Marking the lockfile as scheduled to be released in 6000 ms.
[2023-07-02 03:16:15.910] [exthost] [info] Extension host with pid 89701 exiting with code 0
