[2023-06-30 14:26:29.220] [exthost] [info] Extension host with pid 124353 started
[2023-06-30 14:26:29.220] [exthost] [error] Error: EACCES: permission denied, open '/tmp/vscode-ipc'
[2023-06-30 14:26:29.227] [exthost] [info] Lock '/home/s413180/.local/share/code-server/User/workspaceStorage/2e0fdad3/vscode.lock': Lock acquired.
[2023-06-30 14:26:29.309] [exthost] [info] ExtensionService#_doActivateExtension vscode.html-language-features, startup: false, activationEvent: 'onLanguage:html'
[2023-06-30 14:26:29.356] [exthost] [info] ExtensionService#_doActivateExtension vscode.debug-auto-launch, startup: true, activationEvent: '*'
[2023-06-30 14:26:29.359] [exthost] [info] ExtensionService#_doActivateExtension vscode.git-base, startup: true, activationEvent: '*', root cause: vscode.github
[2023-06-30 14:26:29.417] [exthost] [info] ExtensionService#_doActivateExtension vscode.git, startup: true, activationEvent: '*'
[2023-06-30 14:26:29.465] [exthost] [info] ExtensionService#_doActivateExtension vscode.github, startup: true, activationEvent: '*'
[2023-06-30 14:26:29.546] [exthost] [info] ExtensionService#_doActivateExtension vscode.emmet, startup: false, activationEvent: 'onStartupFinished'
[2023-06-30 14:26:29.559] [exthost] [info] ExtensionService#_doActivateExtension vscode.merge-conflict, startup: false, activationEvent: 'onStartupFinished'
[2023-06-30 14:26:29.562] [exthost] [info] Eager extensions activated
[2023-06-30 15:15:56.475] [exthost] [info] ExtensionService#_doActivateExtension vscode.typescript-language-features, startup: false, activationEvent: 'onLanguage:typescript'
[2023-06-30 15:17:55.466] [exthost] [error] [vscode.emmet] provider FAILED
[2023-06-30 15:17:55.468] [exthost] [error] TypeError: Cannot read property 'find' of undefined
	at t.DefaultCompletionItemProvider.provideCompletionItemsInternal (/usr/lib/code-server/vendor/modules/code-oss-dev/extensions/emmet/dist/node/emmetNodeMain.js:1:179309)
	at t.DefaultCompletionItemProvider.provideCompletionItems (/usr/lib/code-server/vendor/modules/code-oss-dev/extensions/emmet/dist/node/emmetNodeMain.js:1:177662)
	at z.provideCompletionItems (/usr/lib/code-server/vendor/modules/code-oss-dev/out/vs/server/remoteExtensionHostProcess.js:95:101413)
	at /usr/lib/code-server/vendor/modules/code-oss-dev/out/vs/server/remoteExtensionHostProcess.js:95:121631
	at xe._withAdapter (/usr/lib/code-server/vendor/modules/code-oss-dev/out/vs/server/remoteExtensionHostProcess.js:95:111762)
	at xe.$provideCompletionItems (/usr/lib/code-server/vendor/modules/code-oss-dev/out/vs/server/remoteExtensionHostProcess.js:95:121607)
	at t._doInvokeHandler (/usr/lib/code-server/vendor/modules/code-oss-dev/out/vs/server/remoteExtensionHostProcess.js:99:13802)
	at t._invokeHandler (/usr/lib/code-server/vendor/modules/code-oss-dev/out/vs/server/remoteExtensionHostProcess.js:99:13486)
	at t._receiveRequest (/usr/lib/code-server/vendor/modules/code-oss-dev/out/vs/server/remoteExtensionHostProcess.js:99:12097)
	at t._receiveOneMessage (/usr/lib/code-server/vendor/modules/code-oss-dev/out/vs/server/remoteExtensionHostProcess.js:99:10826)
	at /usr/lib/code-server/vendor/modules/code-oss-dev/out/vs/server/remoteExtensionHostProcess.js:99:8922
	at a.fire (/usr/lib/code-server/vendor/modules/code-oss-dev/out/vs/server/remoteExtensionHostProcess.js:66:1712)
	at P.fire (/usr/lib/code-server/vendor/modules/code-oss-dev/out/vs/server/remoteExtensionHostProcess.js:74:15967)
	at /usr/lib/code-server/vendor/modules/code-oss-dev/out/vs/server/remoteExtensionHostProcess.js:114:30660
	at a.fire (/usr/lib/code-server/vendor/modules/code-oss-dev/out/vs/server/remoteExtensionHostProcess.js:66:1712)
	at P.fire (/usr/lib/code-server/vendor/modules/code-oss-dev/out/vs/server/remoteExtensionHostProcess.js:74:15967)
	at g._receiveMessage (/usr/lib/code-server/vendor/modules/code-oss-dev/out/vs/server/remoteExtensionHostProcess.js:74:21237)
	at /usr/lib/code-server/vendor/modules/code-oss-dev/out/vs/server/remoteExtensionHostProcess.js:74:18115
	at a.fire (/usr/lib/code-server/vendor/modules/code-oss-dev/out/vs/server/remoteExtensionHostProcess.js:66:1712)
	at b.acceptChunk (/usr/lib/code-server/vendor/modules/code-oss-dev/out/vs/server/remoteExtensionHostProcess.js:74:13328)
	at /usr/lib/code-server/vendor/modules/code-oss-dev/out/vs/server/remoteExtensionHostProcess.js:74:12676
	at a.fire (/usr/lib/code-server/vendor/modules/code-oss-dev/out/vs/server/remoteExtensionHostProcess.js:66:1712)
	at /usr/lib/code-server/vendor/modules/code-oss-dev/out/vs/server/remoteExtensionHostProcess.js:114:19664
	at afterWrite (internal/streams/writable.js:466:5)
	at onwrite (internal/streams/writable.js:446:7)
	at InflateRaw.afterTransform (internal/streams/transform.js:103:3)
	at Zlib.processCallback (zlib.js:607:8)
[2023-06-30 16:36:33.737] [exthost] [info] ExtensionService#_doActivateExtension vscode.php-language-features, startup: false, activationEvent: 'onLanguage:php'
[2023-06-30 19:44:54.691] [exthost] [info] extension host terminating: received terminate message from renderer
[2023-06-30 19:44:54.692] [exthost] [info] Lock '/home/s413180/.local/share/code-server/User/workspaceStorage/2e0fdad3/vscode.lock': Marking the lockfile as scheduled to be released in 6000 ms.
[2023-06-30 19:44:54.702] [exthost] [info] Extension host with pid 124353 exiting with code 0
