[2023-07-01 11:24:30.926] [exthost] [info] Extension host with pid 93815 started
[2023-07-01 11:24:30.926] [exthost] [error] Error: EACCES: permission denied, open '/tmp/vscode-ipc'
[2023-07-01 11:24:30.928] [exthost] [error] Error: EEXIST: file already exists, open '/home/s413180/.local/share/code-server/User/workspaceStorage/2e0fdad3/vscode.lock'
[2023-07-01 11:24:30.928] [exthost] [info] Lock '/home/s413180/.local/share/code-server/User/workspaceStorage/2e0fdad3/vscode.lock': Could not acquire lock, checking if the file is stale.
[2023-07-01 11:24:30.930] [exthost] [info] Lock '/home/s413180/.local/share/code-server/User/workspaceStorage/2e0fdad3/vscode.lock': The lock does not look stale, elapsed: 795 ms, giving up.
[2023-07-01 11:24:30.935] [exthost] [info] Lock '/home/s413180/.local/share/code-server/User/workspaceStorage/2e0fdad3-1/vscode.lock': Lock acquired.
[2023-07-01 11:24:30.994] [exthost] [info] ExtensionService#_doActivateExtension vscode.html-language-features, startup: false, activationEvent: 'onLanguage:html'
[2023-07-01 11:24:31.040] [exthost] [info] ExtensionService#_doActivateExtension vscode.debug-auto-launch, startup: true, activationEvent: '*'
[2023-07-01 11:24:31.042] [exthost] [info] ExtensionService#_doActivateExtension vscode.git-base, startup: true, activationEvent: '*', root cause: vscode.github
[2023-07-01 11:24:31.186] [exthost] [info] ExtensionService#_doActivateExtension vscode.git, startup: true, activationEvent: '*'
[2023-07-01 11:24:31.233] [exthost] [info] ExtensionService#_doActivateExtension vscode.github, startup: true, activationEvent: '*'
[2023-07-01 11:24:31.344] [exthost] [info] ExtensionService#_doActivateExtension vscode.emmet, startup: false, activationEvent: 'onStartupFinished'
[2023-07-01 11:24:31.356] [exthost] [info] ExtensionService#_doActivateExtension vscode.merge-conflict, startup: false, activationEvent: 'onStartupFinished'
[2023-07-01 11:24:31.360] [exthost] [info] Eager extensions activated
[2023-07-01 19:26:08.113] [exthost] [info] ExtensionService#_doActivateExtension vscode.php-language-features, startup: false, activationEvent: 'onLanguage:php'
[2023-07-01 20:24:24.594] [exthost] [info] ExtensionService#_doActivateExtension vscode.configuration-editing, startup: false, activationEvent: 'onLanguage:json'
[2023-07-01 20:24:24.600] [exthost] [info] ExtensionService#_doActivateExtension vscode.extension-editing, startup: false, activationEvent: 'onLanguage:json'
[2023-07-01 20:24:24.613] [exthost] [info] ExtensionService#_doActivateExtension vscode.json-language-features, startup: false, activationEvent: 'onLanguage:json'
[2023-07-01 20:24:24.661] [exthost] [info] ExtensionService#_doActivateExtension vscode.npm, startup: false, activationEvent: 'onLanguage:json'
[2023-07-01 21:55:08.224] [exthost] [info] extension host terminating: received terminate message from renderer
[2023-07-01 21:55:08.224] [exthost] [info] Lock '/home/s413180/.local/share/code-server/User/workspaceStorage/2e0fdad3-1/vscode.lock': Marking the lockfile as scheduled to be released in 6000 ms.
[2023-07-01 21:55:08.238] [exthost] [info] Extension host with pid 93815 exiting with code 0
