[2023-06-29 16:05:09.120] [exthost] [info] Extension host with pid 182031 started
[2023-06-29 16:05:09.120] [exthost] [error] Error: EACCES: permission denied, open '/tmp/vscode-ipc'
[2023-06-29 16:05:09.126] [exthost] [error] Error: EEXIST: file already exists, open '/home/s413180/.local/share/code-server/User/workspaceStorage/2e0fdad3/vscode.lock'
[2023-06-29 16:05:09.127] [exthost] [info] Lock '/home/s413180/.local/share/code-server/User/workspaceStorage/2e0fdad3/vscode.lock': Could not acquire lock, checking if the file is stale.
[2023-06-29 16:05:09.128] [exthost] [info] Lock '/home/s413180/.local/share/code-server/User/workspaceStorage/2e0fdad3/vscode.lock': The lock does not look stale, elapsed: 668 ms, giving up.
[2023-06-29 16:05:09.128] [exthost] [error] Error: EEXIST: file already exists, open '/home/s413180/.local/share/code-server/User/workspaceStorage/2e0fdad3-1/vscode.lock'
[2023-06-29 16:05:09.129] [exthost] [info] Lock '/home/s413180/.local/share/code-server/User/workspaceStorage/2e0fdad3-1/vscode.lock': Could not acquire lock, checking if the file is stale.
[2023-06-29 16:05:09.129] [exthost] [info] Lock '/home/s413180/.local/share/code-server/User/workspaceStorage/2e0fdad3-1/vscode.lock': The pid 153060 appears to be gone.
[2023-06-29 16:05:09.129] [exthost] [info] Lock '/home/s413180/.local/share/code-server/User/workspaceStorage/2e0fdad3-1/vscode.lock': Deleting a stale lock.
[2023-06-29 16:05:09.137] [exthost] [info] Lock '/home/s413180/.local/share/code-server/User/workspaceStorage/2e0fdad3-1/vscode.lock': Lock acquired.
[2023-06-29 16:05:09.320] [exthost] [info] ExtensionService#_doActivateExtension vscode.php-language-features, startup: false, activationEvent: 'onLanguage:php'
[2023-06-29 16:05:09.331] [exthost] [info] ExtensionService#_doActivateExtension vscode.debug-auto-launch, startup: true, activationEvent: '*'
[2023-06-29 16:05:09.333] [exthost] [info] ExtensionService#_doActivateExtension vscode.git-base, startup: true, activationEvent: '*', root cause: vscode.github
[2023-06-29 16:05:09.543] [exthost] [info] ExtensionService#_doActivateExtension vscode.git, startup: true, activationEvent: '*'
[2023-06-29 16:05:09.590] [exthost] [info] ExtensionService#_doActivateExtension vscode.github, startup: true, activationEvent: '*'
[2023-06-29 16:05:09.756] [exthost] [info] ExtensionService#_doActivateExtension vscode.emmet, startup: false, activationEvent: 'onStartupFinished'
[2023-06-29 16:05:09.769] [exthost] [info] ExtensionService#_doActivateExtension vscode.merge-conflict, startup: false, activationEvent: 'onStartupFinished'
[2023-06-29 16:05:09.772] [exthost] [info] Eager extensions activated
[2023-06-29 16:09:11.392] [exthost] [info] ExtensionService#_doActivateExtension vscode.html-language-features, startup: false, activationEvent: 'onLanguage:html'
[2023-06-29 17:41:44.584] [exthost] [info] ExtensionService#_doActivateExtension vscode.image-preview, startup: false, activationEvent: 'onCustomEditor:imagePreview.previewEditor'
[2023-06-29 18:14:16.133] [exthost] [info] ExtensionService#_doActivateExtension vscode.typescript-language-features, startup: false, activationEvent: 'onLanguage:typescript'
