[2023-06-28 16:13:59.661] [exthost] [info] Extension host with pid 391554 started
[2023-06-28 16:13:59.661] [exthost] [error] Error: EACCES: permission denied, open '/tmp/vscode-ipc'
[2023-06-28 16:13:59.668] [exthost] [error] Error: EEXIST: file already exists, open '/home/s413180/.local/share/code-server/User/workspaceStorage/2e0fdad3/vscode.lock'
[2023-06-28 16:13:59.671] [exthost] [info] Lock '/home/s413180/.local/share/code-server/User/workspaceStorage/2e0fdad3/vscode.lock': Could not acquire lock, checking if the file is stale.
[2023-06-28 16:13:59.672] [exthost] [info] Lock '/home/s413180/.local/share/code-server/User/workspaceStorage/2e0fdad3/vscode.lock': The lock does not look stale, elapsed: 402 ms, giving up.
[2023-06-28 16:13:59.675] [exthost] [info] Lock '/home/s413180/.local/share/code-server/User/workspaceStorage/2e0fdad3-1/vscode.lock': Lock acquired.
[2023-06-28 16:14:00.469] [exthost] [info] ExtensionService#_doActivateExtension vscode.html-language-features, startup: false, activationEvent: 'onLanguage:html'
[2023-06-28 16:14:00.515] [exthost] [info] ExtensionService#_doActivateExtension vscode.debug-auto-launch, startup: true, activationEvent: '*'
[2023-06-28 16:14:00.518] [exthost] [info] ExtensionService#_doActivateExtension vscode.git-base, startup: true, activationEvent: '*', root cause: vscode.github
[2023-06-28 16:14:01.697] [exthost] [info] ExtensionService#_doActivateExtension vscode.git, startup: true, activationEvent: '*'
[2023-06-28 16:14:01.747] [exthost] [info] ExtensionService#_doActivateExtension vscode.github, startup: true, activationEvent: '*'
[2023-06-28 16:14:01.919] [exthost] [info] ExtensionService#_doActivateExtension vscode.emmet, startup: false, activationEvent: 'onStartupFinished'
[2023-06-28 16:14:01.932] [exthost] [info] ExtensionService#_doActivateExtension vscode.merge-conflict, startup: false, activationEvent: 'onStartupFinished'
[2023-06-28 16:14:01.939] [exthost] [info] Eager extensions activated
[2023-06-28 17:17:21.846] [exthost] [info] ExtensionService#_doActivateExtension vscode.php-language-features, startup: false, activationEvent: 'onLanguage:php'
[2023-06-28 17:55:34.202] [exthost] [error] [vscode.emmet] provider FAILED
[2023-06-28 17:55:34.205] [exthost] [error] Error: Unable to find matching pair for { at char 663
	at r.error (/usr/lib/code-server/vendor/modules/code-oss-dev/extensions/emmet/dist/node/emmetNodeMain.js:1:22545)
	at f (/usr/lib/code-server/vendor/modules/code-oss-dev/extensions/emmet/dist/node/emmetNodeMain.js:1:21775)
	at u (/usr/lib/code-server/vendor/modules/code-oss-dev/extensions/emmet/dist/node/emmetNodeMain.js:1:14499)
	at f (/usr/lib/code-server/vendor/modules/code-oss-dev/extensions/emmet/dist/node/emmetNodeMain.js:1:14730)
	at /usr/lib/code-server/vendor/modules/code-oss-dev/extensions/emmet/dist/node/emmetNodeMain.js:1:15187
	at h (/usr/lib/code-server/vendor/modules/code-oss-dev/extensions/emmet/dist/node/emmetNodeMain.js:1:15271)
	at S (/usr/lib/code-server/vendor/modules/code-oss-dev/extensions/emmet/dist/node/emmetNodeMain.js:1:16189)
	at j (/usr/lib/code-server/vendor/modules/code-oss-dev/extensions/emmet/dist/node/emmetNodeMain.js:1:16599)
	at t.getRootNode (/usr/lib/code-server/vendor/modules/code-oss-dev/extensions/emmet/dist/node/emmetNodeMain.js:1:193083)
	at t.DefaultCompletionItemProvider.provideCompletionItemsInternal (/usr/lib/code-server/vendor/modules/code-oss-dev/extensions/emmet/dist/node/emmetNodeMain.js:1:178890)
	at t.DefaultCompletionItemProvider.provideCompletionItems (/usr/lib/code-server/vendor/modules/code-oss-dev/extensions/emmet/dist/node/emmetNodeMain.js:1:177662)
	at z.provideCompletionItems (/usr/lib/code-server/vendor/modules/code-oss-dev/out/vs/server/remoteExtensionHostProcess.js:95:101413)
	at /usr/lib/code-server/vendor/modules/code-oss-dev/out/vs/server/remoteExtensionHostProcess.js:95:121631
	at xe._withAdapter (/usr/lib/code-server/vendor/modules/code-oss-dev/out/vs/server/remoteExtensionHostProcess.js:95:111762)
	at xe.$provideCompletionItems (/usr/lib/code-server/vendor/modules/code-oss-dev/out/vs/server/remoteExtensionHostProcess.js:95:121607)
	at t._doInvokeHandler (/usr/lib/code-server/vendor/modules/code-oss-dev/out/vs/server/remoteExtensionHostProcess.js:99:13802)
	at t._invokeHandler (/usr/lib/code-server/vendor/modules/code-oss-dev/out/vs/server/remoteExtensionHostProcess.js:99:13486)
	at t._receiveRequest (/usr/lib/code-server/vendor/modules/code-oss-dev/out/vs/server/remoteExtensionHostProcess.js:99:12097)
	at t._receiveOneMessage (/usr/lib/code-server/vendor/modules/code-oss-dev/out/vs/server/remoteExtensionHostProcess.js:99:10826)
	at /usr/lib/code-server/vendor/modules/code-oss-dev/out/vs/server/remoteExtensionHostProcess.js:99:8922
	at a.fire (/usr/lib/code-server/vendor/modules/code-oss-dev/out/vs/server/remoteExtensionHostProcess.js:66:1712)
	at P.fire (/usr/lib/code-server/vendor/modules/code-oss-dev/out/vs/server/remoteExtensionHostProcess.js:74:15967)
	at /usr/lib/code-server/vendor/modules/code-oss-dev/out/vs/server/remoteExtensionHostProcess.js:114:30660
	at a.fire (/usr/lib/code-server/vendor/modules/code-oss-dev/out/vs/server/remoteExtensionHostProcess.js:66:1712)
	at P.fire (/usr/lib/code-server/vendor/modules/code-oss-dev/out/vs/server/remoteExtensionHostProcess.js:74:15967)
	at g._receiveMessage (/usr/lib/code-server/vendor/modules/code-oss-dev/out/vs/server/remoteExtensionHostProcess.js:74:21237)
	at /usr/lib/code-server/vendor/modules/code-oss-dev/out/vs/server/remoteExtensionHostProcess.js:74:18115
	at a.fire (/usr/lib/code-server/vendor/modules/code-oss-dev/out/vs/server/remoteExtensionHostProcess.js:66:1712)
	at b.acceptChunk (/usr/lib/code-server/vendor/modules/code-oss-dev/out/vs/server/remoteExtensionHostProcess.js:74:13328)
	at /usr/lib/code-server/vendor/modules/code-oss-dev/out/vs/server/remoteExtensionHostProcess.js:74:12676
	at a.fire (/usr/lib/code-server/vendor/modules/code-oss-dev/out/vs/server/remoteExtensionHostProcess.js:66:1712)
	at /usr/lib/code-server/vendor/modules/code-oss-dev/out/vs/server/remoteExtensionHostProcess.js:114:19664
	at afterWrite (internal/streams/writable.js:466:5)
	at onwrite (internal/streams/writable.js:446:7)
	at InflateRaw.afterTransform (internal/streams/transform.js:103:3)
	at Zlib.processCallback (zlib.js:607:8)
[2023-06-28 18:43:53.893] [exthost] [info] ExtensionService#_doActivateExtension vscode.typescript-language-features, startup: false, activationEvent: 'onLanguage:typescript'
[2023-06-28 20:59:36.954] [exthost] [error] [vscode.emmet] provider FAILED
[2023-06-28 20:59:36.955] [exthost] [error] Error: Unable to find matching pair for < at char 3935
	at r.error (/usr/lib/code-server/vendor/modules/code-oss-dev/extensions/emmet/dist/node/emmetNodeMain.js:1:22545)
	at f (/usr/lib/code-server/vendor/modules/code-oss-dev/extensions/emmet/dist/node/emmetNodeMain.js:1:21775)
	at u (/usr/lib/code-server/vendor/modules/code-oss-dev/extensions/emmet/dist/node/emmetNodeMain.js:1:14436)
	at l (/usr/lib/code-server/vendor/modules/code-oss-dev/extensions/emmet/dist/node/emmetNodeMain.js:1:14549)
	at /usr/lib/code-server/vendor/modules/code-oss-dev/extensions/emmet/dist/node/emmetNodeMain.js:1:15164
	at h (/usr/lib/code-server/vendor/modules/code-oss-dev/extensions/emmet/dist/node/emmetNodeMain.js:1:15271)
	at S (/usr/lib/code-server/vendor/modules/code-oss-dev/extensions/emmet/dist/node/emmetNodeMain.js:1:16189)
	at j (/usr/lib/code-server/vendor/modules/code-oss-dev/extensions/emmet/dist/node/emmetNodeMain.js:1:16599)
	at t.getRootNode (/usr/lib/code-server/vendor/modules/code-oss-dev/extensions/emmet/dist/node/emmetNodeMain.js:1:193083)
	at t.DefaultCompletionItemProvider.provideCompletionItemsInternal (/usr/lib/code-server/vendor/modules/code-oss-dev/extensions/emmet/dist/node/emmetNodeMain.js:1:178890)
	at t.DefaultCompletionItemProvider.provideCompletionItems (/usr/lib/code-server/vendor/modules/code-oss-dev/extensions/emmet/dist/node/emmetNodeMain.js:1:177662)
	at z.provideCompletionItems (/usr/lib/code-server/vendor/modules/code-oss-dev/out/vs/server/remoteExtensionHostProcess.js:95:101413)
	at /usr/lib/code-server/vendor/modules/code-oss-dev/out/vs/server/remoteExtensionHostProcess.js:95:121631
	at xe._withAdapter (/usr/lib/code-server/vendor/modules/code-oss-dev/out/vs/server/remoteExtensionHostProcess.js:95:111762)
	at xe.$provideCompletionItems (/usr/lib/code-server/vendor/modules/code-oss-dev/out/vs/server/remoteExtensionHostProcess.js:95:121607)
	at t._doInvokeHandler (/usr/lib/code-server/vendor/modules/code-oss-dev/out/vs/server/remoteExtensionHostProcess.js:99:13802)
	at t._invokeHandler (/usr/lib/code-server/vendor/modules/code-oss-dev/out/vs/server/remoteExtensionHostProcess.js:99:13486)
	at t._receiveRequest (/usr/lib/code-server/vendor/modules/code-oss-dev/out/vs/server/remoteExtensionHostProcess.js:99:12097)
	at t._receiveOneMessage (/usr/lib/code-server/vendor/modules/code-oss-dev/out/vs/server/remoteExtensionHostProcess.js:99:10826)
	at /usr/lib/code-server/vendor/modules/code-oss-dev/out/vs/server/remoteExtensionHostProcess.js:99:8922
	at a.fire (/usr/lib/code-server/vendor/modules/code-oss-dev/out/vs/server/remoteExtensionHostProcess.js:66:1712)
	at P.fire (/usr/lib/code-server/vendor/modules/code-oss-dev/out/vs/server/remoteExtensionHostProcess.js:74:15967)
	at /usr/lib/code-server/vendor/modules/code-oss-dev/out/vs/server/remoteExtensionHostProcess.js:114:30660
	at a.fire (/usr/lib/code-server/vendor/modules/code-oss-dev/out/vs/server/remoteExtensionHostProcess.js:66:1712)
	at P.fire (/usr/lib/code-server/vendor/modules/code-oss-dev/out/vs/server/remoteExtensionHostProcess.js:74:15967)
	at g._receiveMessage (/usr/lib/code-server/vendor/modules/code-oss-dev/out/vs/server/remoteExtensionHostProcess.js:74:21237)
	at /usr/lib/code-server/vendor/modules/code-oss-dev/out/vs/server/remoteExtensionHostProcess.js:74:20335
	at a.fire (/usr/lib/code-server/vendor/modules/code-oss-dev/out/vs/server/remoteExtensionHostProcess.js:66:1712)
	at b.acceptChunk (/usr/lib/code-server/vendor/modules/code-oss-dev/out/vs/server/remoteExtensionHostProcess.js:74:13328)
	at /usr/lib/code-server/vendor/modules/code-oss-dev/out/vs/server/remoteExtensionHostProcess.js:74:12676
	at a.fire (/usr/lib/code-server/vendor/modules/code-oss-dev/out/vs/server/remoteExtensionHostProcess.js:66:1712)
	at /usr/lib/code-server/vendor/modules/code-oss-dev/out/vs/server/remoteExtensionHostProcess.js:114:19664
	at afterWrite (internal/streams/writable.js:466:5)
	at onwrite (internal/streams/writable.js:446:7)
	at InflateRaw.afterTransform (internal/streams/transform.js:103:3)
	at Zlib.processCallback (zlib.js:607:8)
[2023-06-28 20:59:38.221] [exthost] [error] [vscode.emmet] provider FAILED
[2023-06-28 20:59:38.222] [exthost] [error] Error: Unable to find matching pair for < at char 3942
	at r.error (/usr/lib/code-server/vendor/modules/code-oss-dev/extensions/emmet/dist/node/emmetNodeMain.js:1:22545)
	at f (/usr/lib/code-server/vendor/modules/code-oss-dev/extensions/emmet/dist/node/emmetNodeMain.js:1:21775)
	at u (/usr/lib/code-server/vendor/modules/code-oss-dev/extensions/emmet/dist/node/emmetNodeMain.js:1:14436)
	at l (/usr/lib/code-server/vendor/modules/code-oss-dev/extensions/emmet/dist/node/emmetNodeMain.js:1:14549)
	at /usr/lib/code-server/vendor/modules/code-oss-dev/extensions/emmet/dist/node/emmetNodeMain.js:1:15164
	at h (/usr/lib/code-server/vendor/modules/code-oss-dev/extensions/emmet/dist/node/emmetNodeMain.js:1:15271)
	at S (/usr/lib/code-server/vendor/modules/code-oss-dev/extensions/emmet/dist/node/emmetNodeMain.js:1:16189)
	at j (/usr/lib/code-server/vendor/modules/code-oss-dev/extensions/emmet/dist/node/emmetNodeMain.js:1:16599)
	at t.getRootNode (/usr/lib/code-server/vendor/modules/code-oss-dev/extensions/emmet/dist/node/emmetNodeMain.js:1:193083)
	at t.DefaultCompletionItemProvider.provideCompletionItemsInternal (/usr/lib/code-server/vendor/modules/code-oss-dev/extensions/emmet/dist/node/emmetNodeMain.js:1:178890)
	at t.DefaultCompletionItemProvider.provideCompletionItems (/usr/lib/code-server/vendor/modules/code-oss-dev/extensions/emmet/dist/node/emmetNodeMain.js:1:177662)
	at z.provideCompletionItems (/usr/lib/code-server/vendor/modules/code-oss-dev/out/vs/server/remoteExtensionHostProcess.js:95:101413)
	at /usr/lib/code-server/vendor/modules/code-oss-dev/out/vs/server/remoteExtensionHostProcess.js:95:121631
	at xe._withAdapter (/usr/lib/code-server/vendor/modules/code-oss-dev/out/vs/server/remoteExtensionHostProcess.js:95:111762)
	at xe.$provideCompletionItems (/usr/lib/code-server/vendor/modules/code-oss-dev/out/vs/server/remoteExtensionHostProcess.js:95:121607)
	at t._doInvokeHandler (/usr/lib/code-server/vendor/modules/code-oss-dev/out/vs/server/remoteExtensionHostProcess.js:99:13802)
	at t._invokeHandler (/usr/lib/code-server/vendor/modules/code-oss-dev/out/vs/server/remoteExtensionHostProcess.js:99:13486)
	at t._receiveRequest (/usr/lib/code-server/vendor/modules/code-oss-dev/out/vs/server/remoteExtensionHostProcess.js:99:12097)
	at t._receiveOneMessage (/usr/lib/code-server/vendor/modules/code-oss-dev/out/vs/server/remoteExtensionHostProcess.js:99:10826)
	at /usr/lib/code-server/vendor/modules/code-oss-dev/out/vs/server/remoteExtensionHostProcess.js:99:8922
	at a.fire (/usr/lib/code-server/vendor/modules/code-oss-dev/out/vs/server/remoteExtensionHostProcess.js:66:1712)
	at P.fire (/usr/lib/code-server/vendor/modules/code-oss-dev/out/vs/server/remoteExtensionHostProcess.js:74:15967)
	at /usr/lib/code-server/vendor/modules/code-oss-dev/out/vs/server/remoteExtensionHostProcess.js:114:30660
	at a.fire (/usr/lib/code-server/vendor/modules/code-oss-dev/out/vs/server/remoteExtensionHostProcess.js:66:1712)
	at P.fire (/usr/lib/code-server/vendor/modules/code-oss-dev/out/vs/server/remoteExtensionHostProcess.js:74:15967)
	at g._receiveMessage (/usr/lib/code-server/vendor/modules/code-oss-dev/out/vs/server/remoteExtensionHostProcess.js:74:21237)
	at /usr/lib/code-server/vendor/modules/code-oss-dev/out/vs/server/remoteExtensionHostProcess.js:74:20335
	at a.fire (/usr/lib/code-server/vendor/modules/code-oss-dev/out/vs/server/remoteExtensionHostProcess.js:66:1712)
	at b.acceptChunk (/usr/lib/code-server/vendor/modules/code-oss-dev/out/vs/server/remoteExtensionHostProcess.js:74:13328)
	at /usr/lib/code-server/vendor/modules/code-oss-dev/out/vs/server/remoteExtensionHostProcess.js:74:12676
	at a.fire (/usr/lib/code-server/vendor/modules/code-oss-dev/out/vs/server/remoteExtensionHostProcess.js:66:1712)
	at /usr/lib/code-server/vendor/modules/code-oss-dev/out/vs/server/remoteExtensionHostProcess.js:114:19664
	at afterWrite (internal/streams/writable.js:466:5)
	at onwrite (internal/streams/writable.js:446:7)
	at InflateRaw.afterTransform (internal/streams/transform.js:103:3)
	at Zlib.processCallback (zlib.js:607:8)
[2023-06-28 20:59:44.970] [exthost] [error] [vscode.emmet] provider FAILED
[2023-06-28 20:59:44.971] [exthost] [error] Error: Unable to find matching pair for < at char 3950
	at r.error (/usr/lib/code-server/vendor/modules/code-oss-dev/extensions/emmet/dist/node/emmetNodeMain.js:1:22545)
	at f (/usr/lib/code-server/vendor/modules/code-oss-dev/extensions/emmet/dist/node/emmetNodeMain.js:1:21775)
	at u (/usr/lib/code-server/vendor/modules/code-oss-dev/extensions/emmet/dist/node/emmetNodeMain.js:1:14436)
	at l (/usr/lib/code-server/vendor/modules/code-oss-dev/extensions/emmet/dist/node/emmetNodeMain.js:1:14549)
	at /usr/lib/code-server/vendor/modules/code-oss-dev/extensions/emmet/dist/node/emmetNodeMain.js:1:15164
	at h (/usr/lib/code-server/vendor/modules/code-oss-dev/extensions/emmet/dist/node/emmetNodeMain.js:1:15271)
	at S (/usr/lib/code-server/vendor/modules/code-oss-dev/extensions/emmet/dist/node/emmetNodeMain.js:1:16189)
	at j (/usr/lib/code-server/vendor/modules/code-oss-dev/extensions/emmet/dist/node/emmetNodeMain.js:1:16599)
	at t.getRootNode (/usr/lib/code-server/vendor/modules/code-oss-dev/extensions/emmet/dist/node/emmetNodeMain.js:1:193083)
	at t.DefaultCompletionItemProvider.provideCompletionItemsInternal (/usr/lib/code-server/vendor/modules/code-oss-dev/extensions/emmet/dist/node/emmetNodeMain.js:1:178890)
	at t.DefaultCompletionItemProvider.provideCompletionItems (/usr/lib/code-server/vendor/modules/code-oss-dev/extensions/emmet/dist/node/emmetNodeMain.js:1:177662)
	at z.provideCompletionItems (/usr/lib/code-server/vendor/modules/code-oss-dev/out/vs/server/remoteExtensionHostProcess.js:95:101413)
	at /usr/lib/code-server/vendor/modules/code-oss-dev/out/vs/server/remoteExtensionHostProcess.js:95:121631
	at xe._withAdapter (/usr/lib/code-server/vendor/modules/code-oss-dev/out/vs/server/remoteExtensionHostProcess.js:95:111762)
	at xe.$provideCompletionItems (/usr/lib/code-server/vendor/modules/code-oss-dev/out/vs/server/remoteExtensionHostProcess.js:95:121607)
	at t._doInvokeHandler (/usr/lib/code-server/vendor/modules/code-oss-dev/out/vs/server/remoteExtensionHostProcess.js:99:13802)
	at t._invokeHandler (/usr/lib/code-server/vendor/modules/code-oss-dev/out/vs/server/remoteExtensionHostProcess.js:99:13486)
	at t._receiveRequest (/usr/lib/code-server/vendor/modules/code-oss-dev/out/vs/server/remoteExtensionHostProcess.js:99:12097)
	at t._receiveOneMessage (/usr/lib/code-server/vendor/modules/code-oss-dev/out/vs/server/remoteExtensionHostProcess.js:99:10826)
	at /usr/lib/code-server/vendor/modules/code-oss-dev/out/vs/server/remoteExtensionHostProcess.js:99:8922
	at a.fire (/usr/lib/code-server/vendor/modules/code-oss-dev/out/vs/server/remoteExtensionHostProcess.js:66:1712)
	at P.fire (/usr/lib/code-server/vendor/modules/code-oss-dev/out/vs/server/remoteExtensionHostProcess.js:74:15967)
	at /usr/lib/code-server/vendor/modules/code-oss-dev/out/vs/server/remoteExtensionHostProcess.js:114:30660
	at a.fire (/usr/lib/code-server/vendor/modules/code-oss-dev/out/vs/server/remoteExtensionHostProcess.js:66:1712)
	at P.fire (/usr/lib/code-server/vendor/modules/code-oss-dev/out/vs/server/remoteExtensionHostProcess.js:74:15967)
	at g._receiveMessage (/usr/lib/code-server/vendor/modules/code-oss-dev/out/vs/server/remoteExtensionHostProcess.js:74:21237)
	at /usr/lib/code-server/vendor/modules/code-oss-dev/out/vs/server/remoteExtensionHostProcess.js:74:20335
	at a.fire (/usr/lib/code-server/vendor/modules/code-oss-dev/out/vs/server/remoteExtensionHostProcess.js:66:1712)
	at b.acceptChunk (/usr/lib/code-server/vendor/modules/code-oss-dev/out/vs/server/remoteExtensionHostProcess.js:74:13328)
	at /usr/lib/code-server/vendor/modules/code-oss-dev/out/vs/server/remoteExtensionHostProcess.js:74:12676
	at a.fire (/usr/lib/code-server/vendor/modules/code-oss-dev/out/vs/server/remoteExtensionHostProcess.js:66:1712)
	at /usr/lib/code-server/vendor/modules/code-oss-dev/out/vs/server/remoteExtensionHostProcess.js:114:19664
	at afterWrite (internal/streams/writable.js:466:5)
	at onwrite (internal/streams/writable.js:446:7)
	at InflateRaw.afterTransform (internal/streams/transform.js:103:3)
	at Zlib.processCallback (zlib.js:607:8)
[2023-06-28 20:59:53.751] [exthost] [error] [vscode.emmet] provider FAILED
[2023-06-28 20:59:53.751] [exthost] [error] Error: Unable to find matching pair for < at char 3952
	at r.error (/usr/lib/code-server/vendor/modules/code-oss-dev/extensions/emmet/dist/node/emmetNodeMain.js:1:22545)
	at f (/usr/lib/code-server/vendor/modules/code-oss-dev/extensions/emmet/dist/node/emmetNodeMain.js:1:21775)
	at u (/usr/lib/code-server/vendor/modules/code-oss-dev/extensions/emmet/dist/node/emmetNodeMain.js:1:14436)
	at l (/usr/lib/code-server/vendor/modules/code-oss-dev/extensions/emmet/dist/node/emmetNodeMain.js:1:14549)
	at /usr/lib/code-server/vendor/modules/code-oss-dev/extensions/emmet/dist/node/emmetNodeMain.js:1:15164
	at h (/usr/lib/code-server/vendor/modules/code-oss-dev/extensions/emmet/dist/node/emmetNodeMain.js:1:15271)
	at S (/usr/lib/code-server/vendor/modules/code-oss-dev/extensions/emmet/dist/node/emmetNodeMain.js:1:16189)
	at j (/usr/lib/code-server/vendor/modules/code-oss-dev/extensions/emmet/dist/node/emmetNodeMain.js:1:16599)
	at t.getRootNode (/usr/lib/code-server/vendor/modules/code-oss-dev/extensions/emmet/dist/node/emmetNodeMain.js:1:193083)
	at t.DefaultCompletionItemProvider.provideCompletionItemsInternal (/usr/lib/code-server/vendor/modules/code-oss-dev/extensions/emmet/dist/node/emmetNodeMain.js:1:178890)
	at t.DefaultCompletionItemProvider.provideCompletionItems (/usr/lib/code-server/vendor/modules/code-oss-dev/extensions/emmet/dist/node/emmetNodeMain.js:1:177662)
	at z.provideCompletionItems (/usr/lib/code-server/vendor/modules/code-oss-dev/out/vs/server/remoteExtensionHostProcess.js:95:101413)
	at /usr/lib/code-server/vendor/modules/code-oss-dev/out/vs/server/remoteExtensionHostProcess.js:95:121631
	at xe._withAdapter (/usr/lib/code-server/vendor/modules/code-oss-dev/out/vs/server/remoteExtensionHostProcess.js:95:111762)
	at xe.$provideCompletionItems (/usr/lib/code-server/vendor/modules/code-oss-dev/out/vs/server/remoteExtensionHostProcess.js:95:121607)
	at t._doInvokeHandler (/usr/lib/code-server/vendor/modules/code-oss-dev/out/vs/server/remoteExtensionHostProcess.js:99:13802)
	at t._invokeHandler (/usr/lib/code-server/vendor/modules/code-oss-dev/out/vs/server/remoteExtensionHostProcess.js:99:13486)
	at t._receiveRequest (/usr/lib/code-server/vendor/modules/code-oss-dev/out/vs/server/remoteExtensionHostProcess.js:99:12097)
	at t._receiveOneMessage (/usr/lib/code-server/vendor/modules/code-oss-dev/out/vs/server/remoteExtensionHostProcess.js:99:10826)
	at /usr/lib/code-server/vendor/modules/code-oss-dev/out/vs/server/remoteExtensionHostProcess.js:99:8922
	at a.fire (/usr/lib/code-server/vendor/modules/code-oss-dev/out/vs/server/remoteExtensionHostProcess.js:66:1712)
	at P.fire (/usr/lib/code-server/vendor/modules/code-oss-dev/out/vs/server/remoteExtensionHostProcess.js:74:15967)
	at /usr/lib/code-server/vendor/modules/code-oss-dev/out/vs/server/remoteExtensionHostProcess.js:114:30660
	at a.fire (/usr/lib/code-server/vendor/modules/code-oss-dev/out/vs/server/remoteExtensionHostProcess.js:66:1712)
	at P.fire (/usr/lib/code-server/vendor/modules/code-oss-dev/out/vs/server/remoteExtensionHostProcess.js:74:15967)
	at g._receiveMessage (/usr/lib/code-server/vendor/modules/code-oss-dev/out/vs/server/remoteExtensionHostProcess.js:74:21237)
	at /usr/lib/code-server/vendor/modules/code-oss-dev/out/vs/server/remoteExtensionHostProcess.js:74:20335
	at a.fire (/usr/lib/code-server/vendor/modules/code-oss-dev/out/vs/server/remoteExtensionHostProcess.js:66:1712)
	at b.acceptChunk (/usr/lib/code-server/vendor/modules/code-oss-dev/out/vs/server/remoteExtensionHostProcess.js:74:13328)
	at /usr/lib/code-server/vendor/modules/code-oss-dev/out/vs/server/remoteExtensionHostProcess.js:74:12676
	at a.fire (/usr/lib/code-server/vendor/modules/code-oss-dev/out/vs/server/remoteExtensionHostProcess.js:66:1712)
	at /usr/lib/code-server/vendor/modules/code-oss-dev/out/vs/server/remoteExtensionHostProcess.js:114:19664
	at afterWrite (internal/streams/writable.js:466:5)
	at onwrite (internal/streams/writable.js:446:7)
	at InflateRaw.afterTransform (internal/streams/transform.js:103:3)
	at Zlib.processCallback (zlib.js:607:8)
[2023-06-28 20:59:54.546] [exthost] [error] [vscode.emmet] provider FAILED
[2023-06-28 20:59:54.546] [exthost] [error] Error: Unable to find matching pair for < at char 3953
	at r.error (/usr/lib/code-server/vendor/modules/code-oss-dev/extensions/emmet/dist/node/emmetNodeMain.js:1:22545)
	at f (/usr/lib/code-server/vendor/modules/code-oss-dev/extensions/emmet/dist/node/emmetNodeMain.js:1:21775)
	at u (/usr/lib/code-server/vendor/modules/code-oss-dev/extensions/emmet/dist/node/emmetNodeMain.js:1:14436)
	at l (/usr/lib/code-server/vendor/modules/code-oss-dev/extensions/emmet/dist/node/emmetNodeMain.js:1:14549)
	at /usr/lib/code-server/vendor/modules/code-oss-dev/extensions/emmet/dist/node/emmetNodeMain.js:1:15164
	at h (/usr/lib/code-server/vendor/modules/code-oss-dev/extensions/emmet/dist/node/emmetNodeMain.js:1:15271)
	at S (/usr/lib/code-server/vendor/modules/code-oss-dev/extensions/emmet/dist/node/emmetNodeMain.js:1:16189)
	at j (/usr/lib/code-server/vendor/modules/code-oss-dev/extensions/emmet/dist/node/emmetNodeMain.js:1:16599)
	at t.getRootNode (/usr/lib/code-server/vendor/modules/code-oss-dev/extensions/emmet/dist/node/emmetNodeMain.js:1:193083)
	at t.DefaultCompletionItemProvider.provideCompletionItemsInternal (/usr/lib/code-server/vendor/modules/code-oss-dev/extensions/emmet/dist/node/emmetNodeMain.js:1:178890)
	at t.DefaultCompletionItemProvider.provideCompletionItems (/usr/lib/code-server/vendor/modules/code-oss-dev/extensions/emmet/dist/node/emmetNodeMain.js:1:177662)
	at z.provideCompletionItems (/usr/lib/code-server/vendor/modules/code-oss-dev/out/vs/server/remoteExtensionHostProcess.js:95:101413)
	at /usr/lib/code-server/vendor/modules/code-oss-dev/out/vs/server/remoteExtensionHostProcess.js:95:121631
	at xe._withAdapter (/usr/lib/code-server/vendor/modules/code-oss-dev/out/vs/server/remoteExtensionHostProcess.js:95:111762)
	at xe.$provideCompletionItems (/usr/lib/code-server/vendor/modules/code-oss-dev/out/vs/server/remoteExtensionHostProcess.js:95:121607)
	at t._doInvokeHandler (/usr/lib/code-server/vendor/modules/code-oss-dev/out/vs/server/remoteExtensionHostProcess.js:99:13802)
	at t._invokeHandler (/usr/lib/code-server/vendor/modules/code-oss-dev/out/vs/server/remoteExtensionHostProcess.js:99:13486)
	at t._receiveRequest (/usr/lib/code-server/vendor/modules/code-oss-dev/out/vs/server/remoteExtensionHostProcess.js:99:12097)
	at t._receiveOneMessage (/usr/lib/code-server/vendor/modules/code-oss-dev/out/vs/server/remoteExtensionHostProcess.js:99:10826)
	at /usr/lib/code-server/vendor/modules/code-oss-dev/out/vs/server/remoteExtensionHostProcess.js:99:8922
	at a.fire (/usr/lib/code-server/vendor/modules/code-oss-dev/out/vs/server/remoteExtensionHostProcess.js:66:1712)
	at P.fire (/usr/lib/code-server/vendor/modules/code-oss-dev/out/vs/server/remoteExtensionHostProcess.js:74:15967)
	at /usr/lib/code-server/vendor/modules/code-oss-dev/out/vs/server/remoteExtensionHostProcess.js:114:30660
	at a.fire (/usr/lib/code-server/vendor/modules/code-oss-dev/out/vs/server/remoteExtensionHostProcess.js:66:1712)
	at P.fire (/usr/lib/code-server/vendor/modules/code-oss-dev/out/vs/server/remoteExtensionHostProcess.js:74:15967)
	at g._receiveMessage (/usr/lib/code-server/vendor/modules/code-oss-dev/out/vs/server/remoteExtensionHostProcess.js:74:21237)
	at /usr/lib/code-server/vendor/modules/code-oss-dev/out/vs/server/remoteExtensionHostProcess.js:74:20335
	at a.fire (/usr/lib/code-server/vendor/modules/code-oss-dev/out/vs/server/remoteExtensionHostProcess.js:66:1712)
	at b.acceptChunk (/usr/lib/code-server/vendor/modules/code-oss-dev/out/vs/server/remoteExtensionHostProcess.js:74:13328)
	at /usr/lib/code-server/vendor/modules/code-oss-dev/out/vs/server/remoteExtensionHostProcess.js:74:12676
	at a.fire (/usr/lib/code-server/vendor/modules/code-oss-dev/out/vs/server/remoteExtensionHostProcess.js:66:1712)
	at /usr/lib/code-server/vendor/modules/code-oss-dev/out/vs/server/remoteExtensionHostProcess.js:114:19664
	at afterWrite (internal/streams/writable.js:466:5)
	at onwrite (internal/streams/writable.js:446:7)
	at InflateRaw.afterTransform (internal/streams/transform.js:103:3)
	at Zlib.processCallback (zlib.js:607:8)
[2023-06-28 20:59:55.410] [exthost] [error] [vscode.emmet] provider FAILED
[2023-06-28 20:59:55.410] [exthost] [error] Error: Unable to find matching pair for < at char 3953
	at r.error (/usr/lib/code-server/vendor/modules/code-oss-dev/extensions/emmet/dist/node/emmetNodeMain.js:1:22545)
	at f (/usr/lib/code-server/vendor/modules/code-oss-dev/extensions/emmet/dist/node/emmetNodeMain.js:1:21775)
	at u (/usr/lib/code-server/vendor/modules/code-oss-dev/extensions/emmet/dist/node/emmetNodeMain.js:1:14436)
	at l (/usr/lib/code-server/vendor/modules/code-oss-dev/extensions/emmet/dist/node/emmetNodeMain.js:1:14549)
	at /usr/lib/code-server/vendor/modules/code-oss-dev/extensions/emmet/dist/node/emmetNodeMain.js:1:15164
	at h (/usr/lib/code-server/vendor/modules/code-oss-dev/extensions/emmet/dist/node/emmetNodeMain.js:1:15271)
	at S (/usr/lib/code-server/vendor/modules/code-oss-dev/extensions/emmet/dist/node/emmetNodeMain.js:1:16189)
	at j (/usr/lib/code-server/vendor/modules/code-oss-dev/extensions/emmet/dist/node/emmetNodeMain.js:1:16599)
	at t.getRootNode (/usr/lib/code-server/vendor/modules/code-oss-dev/extensions/emmet/dist/node/emmetNodeMain.js:1:193083)
	at t.DefaultCompletionItemProvider.provideCompletionItemsInternal (/usr/lib/code-server/vendor/modules/code-oss-dev/extensions/emmet/dist/node/emmetNodeMain.js:1:178890)
	at t.DefaultCompletionItemProvider.provideCompletionItems (/usr/lib/code-server/vendor/modules/code-oss-dev/extensions/emmet/dist/node/emmetNodeMain.js:1:177662)
	at z.provideCompletionItems (/usr/lib/code-server/vendor/modules/code-oss-dev/out/vs/server/remoteExtensionHostProcess.js:95:101413)
	at /usr/lib/code-server/vendor/modules/code-oss-dev/out/vs/server/remoteExtensionHostProcess.js:95:121631
	at xe._withAdapter (/usr/lib/code-server/vendor/modules/code-oss-dev/out/vs/server/remoteExtensionHostProcess.js:95:111762)
	at xe.$provideCompletionItems (/usr/lib/code-server/vendor/modules/code-oss-dev/out/vs/server/remoteExtensionHostProcess.js:95:121607)
	at t._doInvokeHandler (/usr/lib/code-server/vendor/modules/code-oss-dev/out/vs/server/remoteExtensionHostProcess.js:99:13802)
	at t._invokeHandler (/usr/lib/code-server/vendor/modules/code-oss-dev/out/vs/server/remoteExtensionHostProcess.js:99:13486)
	at t._receiveRequest (/usr/lib/code-server/vendor/modules/code-oss-dev/out/vs/server/remoteExtensionHostProcess.js:99:12097)
	at t._receiveOneMessage (/usr/lib/code-server/vendor/modules/code-oss-dev/out/vs/server/remoteExtensionHostProcess.js:99:10826)
	at /usr/lib/code-server/vendor/modules/code-oss-dev/out/vs/server/remoteExtensionHostProcess.js:99:8922
	at a.fire (/usr/lib/code-server/vendor/modules/code-oss-dev/out/vs/server/remoteExtensionHostProcess.js:66:1712)
	at P.fire (/usr/lib/code-server/vendor/modules/code-oss-dev/out/vs/server/remoteExtensionHostProcess.js:74:15967)
	at /usr/lib/code-server/vendor/modules/code-oss-dev/out/vs/server/remoteExtensionHostProcess.js:114:30660
	at a.fire (/usr/lib/code-server/vendor/modules/code-oss-dev/out/vs/server/remoteExtensionHostProcess.js:66:1712)
	at P.fire (/usr/lib/code-server/vendor/modules/code-oss-dev/out/vs/server/remoteExtensionHostProcess.js:74:15967)
	at g._receiveMessage (/usr/lib/code-server/vendor/modules/code-oss-dev/out/vs/server/remoteExtensionHostProcess.js:74:21237)
	at /usr/lib/code-server/vendor/modules/code-oss-dev/out/vs/server/remoteExtensionHostProcess.js:74:20335
	at a.fire (/usr/lib/code-server/vendor/modules/code-oss-dev/out/vs/server/remoteExtensionHostProcess.js:66:1712)
	at b.acceptChunk (/usr/lib/code-server/vendor/modules/code-oss-dev/out/vs/server/remoteExtensionHostProcess.js:74:13328)
	at /usr/lib/code-server/vendor/modules/code-oss-dev/out/vs/server/remoteExtensionHostProcess.js:74:12676
	at a.fire (/usr/lib/code-server/vendor/modules/code-oss-dev/out/vs/server/remoteExtensionHostProcess.js:66:1712)
	at /usr/lib/code-server/vendor/modules/code-oss-dev/out/vs/server/remoteExtensionHostProcess.js:114:19664
	at afterWrite (internal/streams/writable.js:466:5)
	at onwrite (internal/streams/writable.js:446:7)
	at InflateRaw.afterTransform (internal/streams/transform.js:103:3)
	at Zlib.processCallback (zlib.js:607:8)
[2023-06-28 20:59:57.047] [exthost] [error] [vscode.emmet] provider FAILED
[2023-06-28 20:59:57.047] [exthost] [error] Error: Unable to find matching pair for < at char 3961
	at r.error (/usr/lib/code-server/vendor/modules/code-oss-dev/extensions/emmet/dist/node/emmetNodeMain.js:1:22545)
	at f (/usr/lib/code-server/vendor/modules/code-oss-dev/extensions/emmet/dist/node/emmetNodeMain.js:1:21775)
	at u (/usr/lib/code-server/vendor/modules/code-oss-dev/extensions/emmet/dist/node/emmetNodeMain.js:1:14436)
	at l (/usr/lib/code-server/vendor/modules/code-oss-dev/extensions/emmet/dist/node/emmetNodeMain.js:1:14549)
	at /usr/lib/code-server/vendor/modules/code-oss-dev/extensions/emmet/dist/node/emmetNodeMain.js:1:15164
	at h (/usr/lib/code-server/vendor/modules/code-oss-dev/extensions/emmet/dist/node/emmetNodeMain.js:1:15271)
	at S (/usr/lib/code-server/vendor/modules/code-oss-dev/extensions/emmet/dist/node/emmetNodeMain.js:1:16189)
	at j (/usr/lib/code-server/vendor/modules/code-oss-dev/extensions/emmet/dist/node/emmetNodeMain.js:1:16599)
	at t.getRootNode (/usr/lib/code-server/vendor/modules/code-oss-dev/extensions/emmet/dist/node/emmetNodeMain.js:1:193083)
	at t.DefaultCompletionItemProvider.provideCompletionItemsInternal (/usr/lib/code-server/vendor/modules/code-oss-dev/extensions/emmet/dist/node/emmetNodeMain.js:1:178890)
	at t.DefaultCompletionItemProvider.provideCompletionItems (/usr/lib/code-server/vendor/modules/code-oss-dev/extensions/emmet/dist/node/emmetNodeMain.js:1:177662)
	at z.provideCompletionItems (/usr/lib/code-server/vendor/modules/code-oss-dev/out/vs/server/remoteExtensionHostProcess.js:95:101413)
	at /usr/lib/code-server/vendor/modules/code-oss-dev/out/vs/server/remoteExtensionHostProcess.js:95:121631
	at xe._withAdapter (/usr/lib/code-server/vendor/modules/code-oss-dev/out/vs/server/remoteExtensionHostProcess.js:95:111762)
	at xe.$provideCompletionItems (/usr/lib/code-server/vendor/modules/code-oss-dev/out/vs/server/remoteExtensionHostProcess.js:95:121607)
	at t._doInvokeHandler (/usr/lib/code-server/vendor/modules/code-oss-dev/out/vs/server/remoteExtensionHostProcess.js:99:13802)
	at t._invokeHandler (/usr/lib/code-server/vendor/modules/code-oss-dev/out/vs/server/remoteExtensionHostProcess.js:99:13486)
	at t._receiveRequest (/usr/lib/code-server/vendor/modules/code-oss-dev/out/vs/server/remoteExtensionHostProcess.js:99:12097)
	at t._receiveOneMessage (/usr/lib/code-server/vendor/modules/code-oss-dev/out/vs/server/remoteExtensionHostProcess.js:99:10826)
	at /usr/lib/code-server/vendor/modules/code-oss-dev/out/vs/server/remoteExtensionHostProcess.js:99:8922
	at a.fire (/usr/lib/code-server/vendor/modules/code-oss-dev/out/vs/server/remoteExtensionHostProcess.js:66:1712)
	at P.fire (/usr/lib/code-server/vendor/modules/code-oss-dev/out/vs/server/remoteExtensionHostProcess.js:74:15967)
	at /usr/lib/code-server/vendor/modules/code-oss-dev/out/vs/server/remoteExtensionHostProcess.js:114:30660
	at a.fire (/usr/lib/code-server/vendor/modules/code-oss-dev/out/vs/server/remoteExtensionHostProcess.js:66:1712)
	at P.fire (/usr/lib/code-server/vendor/modules/code-oss-dev/out/vs/server/remoteExtensionHostProcess.js:74:15967)
	at g._receiveMessage (/usr/lib/code-server/vendor/modules/code-oss-dev/out/vs/server/remoteExtensionHostProcess.js:74:21237)
	at /usr/lib/code-server/vendor/modules/code-oss-dev/out/vs/server/remoteExtensionHostProcess.js:74:20335
	at a.fire (/usr/lib/code-server/vendor/modules/code-oss-dev/out/vs/server/remoteExtensionHostProcess.js:66:1712)
	at b.acceptChunk (/usr/lib/code-server/vendor/modules/code-oss-dev/out/vs/server/remoteExtensionHostProcess.js:74:13328)
	at /usr/lib/code-server/vendor/modules/code-oss-dev/out/vs/server/remoteExtensionHostProcess.js:74:12676
	at a.fire (/usr/lib/code-server/vendor/modules/code-oss-dev/out/vs/server/remoteExtensionHostProcess.js:66:1712)
	at /usr/lib/code-server/vendor/modules/code-oss-dev/out/vs/server/remoteExtensionHostProcess.js:114:19664
	at afterWrite (internal/streams/writable.js:466:5)
	at onwrite (internal/streams/writable.js:446:7)
	at InflateRaw.afterTransform (internal/streams/transform.js:103:3)
	at Zlib.processCallback (zlib.js:607:8)
[2023-06-28 20:59:57.175] [exthost] [error] [vscode.emmet] provider FAILED
[2023-06-28 20:59:57.175] [exthost] [error] Error: Unable to find matching pair for < at char 3962
	at r.error (/usr/lib/code-server/vendor/modules/code-oss-dev/extensions/emmet/dist/node/emmetNodeMain.js:1:22545)
	at f (/usr/lib/code-server/vendor/modules/code-oss-dev/extensions/emmet/dist/node/emmetNodeMain.js:1:21775)
	at u (/usr/lib/code-server/vendor/modules/code-oss-dev/extensions/emmet/dist/node/emmetNodeMain.js:1:14436)
	at l (/usr/lib/code-server/vendor/modules/code-oss-dev/extensions/emmet/dist/node/emmetNodeMain.js:1:14549)
	at /usr/lib/code-server/vendor/modules/code-oss-dev/extensions/emmet/dist/node/emmetNodeMain.js:1:15164
	at h (/usr/lib/code-server/vendor/modules/code-oss-dev/extensions/emmet/dist/node/emmetNodeMain.js:1:15271)
	at S (/usr/lib/code-server/vendor/modules/code-oss-dev/extensions/emmet/dist/node/emmetNodeMain.js:1:16189)
	at j (/usr/lib/code-server/vendor/modules/code-oss-dev/extensions/emmet/dist/node/emmetNodeMain.js:1:16599)
	at t.getRootNode (/usr/lib/code-server/vendor/modules/code-oss-dev/extensions/emmet/dist/node/emmetNodeMain.js:1:193083)
	at t.DefaultCompletionItemProvider.provideCompletionItemsInternal (/usr/lib/code-server/vendor/modules/code-oss-dev/extensions/emmet/dist/node/emmetNodeMain.js:1:178890)
	at t.DefaultCompletionItemProvider.provideCompletionItems (/usr/lib/code-server/vendor/modules/code-oss-dev/extensions/emmet/dist/node/emmetNodeMain.js:1:177662)
	at z.provideCompletionItems (/usr/lib/code-server/vendor/modules/code-oss-dev/out/vs/server/remoteExtensionHostProcess.js:95:101413)
	at /usr/lib/code-server/vendor/modules/code-oss-dev/out/vs/server/remoteExtensionHostProcess.js:95:121631
	at xe._withAdapter (/usr/lib/code-server/vendor/modules/code-oss-dev/out/vs/server/remoteExtensionHostProcess.js:95:111762)
	at xe.$provideCompletionItems (/usr/lib/code-server/vendor/modules/code-oss-dev/out/vs/server/remoteExtensionHostProcess.js:95:121607)
	at t._doInvokeHandler (/usr/lib/code-server/vendor/modules/code-oss-dev/out/vs/server/remoteExtensionHostProcess.js:99:13802)
	at t._invokeHandler (/usr/lib/code-server/vendor/modules/code-oss-dev/out/vs/server/remoteExtensionHostProcess.js:99:13486)
	at t._receiveRequest (/usr/lib/code-server/vendor/modules/code-oss-dev/out/vs/server/remoteExtensionHostProcess.js:99:12097)
	at t._receiveOneMessage (/usr/lib/code-server/vendor/modules/code-oss-dev/out/vs/server/remoteExtensionHostProcess.js:99:10826)
	at /usr/lib/code-server/vendor/modules/code-oss-dev/out/vs/server/remoteExtensionHostProcess.js:99:8922
	at a.fire (/usr/lib/code-server/vendor/modules/code-oss-dev/out/vs/server/remoteExtensionHostProcess.js:66:1712)
	at P.fire (/usr/lib/code-server/vendor/modules/code-oss-dev/out/vs/server/remoteExtensionHostProcess.js:74:15967)
	at /usr/lib/code-server/vendor/modules/code-oss-dev/out/vs/server/remoteExtensionHostProcess.js:114:30660
	at a.fire (/usr/lib/code-server/vendor/modules/code-oss-dev/out/vs/server/remoteExtensionHostProcess.js:66:1712)
	at P.fire (/usr/lib/code-server/vendor/modules/code-oss-dev/out/vs/server/remoteExtensionHostProcess.js:74:15967)
	at g._receiveMessage (/usr/lib/code-server/vendor/modules/code-oss-dev/out/vs/server/remoteExtensionHostProcess.js:74:21237)
	at /usr/lib/code-server/vendor/modules/code-oss-dev/out/vs/server/remoteExtensionHostProcess.js:74:20335
	at a.fire (/usr/lib/code-server/vendor/modules/code-oss-dev/out/vs/server/remoteExtensionHostProcess.js:66:1712)
	at b.acceptChunk (/usr/lib/code-server/vendor/modules/code-oss-dev/out/vs/server/remoteExtensionHostProcess.js:74:13328)
	at /usr/lib/code-server/vendor/modules/code-oss-dev/out/vs/server/remoteExtensionHostProcess.js:74:12676
	at a.fire (/usr/lib/code-server/vendor/modules/code-oss-dev/out/vs/server/remoteExtensionHostProcess.js:66:1712)
	at /usr/lib/code-server/vendor/modules/code-oss-dev/out/vs/server/remoteExtensionHostProcess.js:114:19664
	at afterWrite (internal/streams/writable.js:466:5)
	at onwrite (internal/streams/writable.js:446:7)
	at InflateRaw.afterTransform (internal/streams/transform.js:103:3)
	at Zlib.processCallback (zlib.js:607:8)
[2023-06-28 21:04:46.453] [exthost] [error] [vscode.html-language-features] provider FAILED
[2023-06-28 21:04:46.454] [exthost] [error] Error: Connection got disposed.
	at Object.dispose (/usr/lib/code-server/vendor/modules/code-oss-dev/extensions/html-language-features/client/dist/node/htmlClientMain.js:1:383445)
	at Object.dispose (/usr/lib/code-server/vendor/modules/code-oss-dev/extensions/html-language-features/client/dist/node/htmlClientMain.js:1:463625)
	at T.handleConnectionClosed (/usr/lib/code-server/vendor/modules/code-oss-dev/extensions/html-language-features/client/dist/node/htmlClientMain.js:1:463838)
	at T.handleConnectionClosed (/usr/lib/code-server/vendor/modules/code-oss-dev/extensions/html-language-features/client/dist/node/htmlClientMain.js:1:524244)
	at t (/usr/lib/code-server/vendor/modules/code-oss-dev/extensions/html-language-features/client/dist/node/htmlClientMain.js:1:461927)
	at invoke (/usr/lib/code-server/vendor/modules/code-oss-dev/extensions/html-language-features/client/dist/node/htmlClientMain.js:1:385058)
	at o.fire (/usr/lib/code-server/vendor/modules/code-oss-dev/extensions/html-language-features/client/dist/node/htmlClientMain.js:1:385819)
	at Q (/usr/lib/code-server/vendor/modules/code-oss-dev/extensions/html-language-features/client/dist/node/htmlClientMain.js:1:372703)
	at invoke (/usr/lib/code-server/vendor/modules/code-oss-dev/extensions/html-language-features/client/dist/node/htmlClientMain.js:1:385058)
	at o.fire (/usr/lib/code-server/vendor/modules/code-oss-dev/extensions/html-language-features/client/dist/node/htmlClientMain.js:1:385819)
	at d.fireClose (/usr/lib/code-server/vendor/modules/code-oss-dev/extensions/html-language-features/client/dist/node/htmlClientMain.js:1:393700)
	at ChildProcess.<anonymous> (/usr/lib/code-server/vendor/modules/code-oss-dev/extensions/html-language-features/client/dist/node/htmlClientMain.js:1:404666)
	at ChildProcess.emit (events.js:412:35)
	at maybeClose (internal/child_process.js:1058:16)
	at Process.ChildProcess._handle.onexit (internal/child_process.js:293:5)
[2023-06-28 21:04:46.454] [exthost] [error] [vscode.html-language-features] provider FAILED
[2023-06-28 21:04:46.454] [exthost] [error] Error: Connection got disposed.
	at Object.dispose (/usr/lib/code-server/vendor/modules/code-oss-dev/extensions/html-language-features/client/dist/node/htmlClientMain.js:1:383445)
	at Object.dispose (/usr/lib/code-server/vendor/modules/code-oss-dev/extensions/html-language-features/client/dist/node/htmlClientMain.js:1:463625)
	at T.handleConnectionClosed (/usr/lib/code-server/vendor/modules/code-oss-dev/extensions/html-language-features/client/dist/node/htmlClientMain.js:1:463838)
	at T.handleConnectionClosed (/usr/lib/code-server/vendor/modules/code-oss-dev/extensions/html-language-features/client/dist/node/htmlClientMain.js:1:524244)
	at t (/usr/lib/code-server/vendor/modules/code-oss-dev/extensions/html-language-features/client/dist/node/htmlClientMain.js:1:461927)
	at invoke (/usr/lib/code-server/vendor/modules/code-oss-dev/extensions/html-language-features/client/dist/node/htmlClientMain.js:1:385058)
	at o.fire (/usr/lib/code-server/vendor/modules/code-oss-dev/extensions/html-language-features/client/dist/node/htmlClientMain.js:1:385819)
	at Q (/usr/lib/code-server/vendor/modules/code-oss-dev/extensions/html-language-features/client/dist/node/htmlClientMain.js:1:372703)
	at invoke (/usr/lib/code-server/vendor/modules/code-oss-dev/extensions/html-language-features/client/dist/node/htmlClientMain.js:1:385058)
	at o.fire (/usr/lib/code-server/vendor/modules/code-oss-dev/extensions/html-language-features/client/dist/node/htmlClientMain.js:1:385819)
	at d.fireClose (/usr/lib/code-server/vendor/modules/code-oss-dev/extensions/html-language-features/client/dist/node/htmlClientMain.js:1:393700)
	at ChildProcess.<anonymous> (/usr/lib/code-server/vendor/modules/code-oss-dev/extensions/html-language-features/client/dist/node/htmlClientMain.js:1:404666)
	at ChildProcess.emit (events.js:412:35)
	at maybeClose (internal/child_process.js:1058:16)
	at Process.ChildProcess._handle.onexit (internal/child_process.js:293:5)
[2023-06-28 21:12:23.758] [exthost] [error] [vscode.html-language-features] provider FAILED
[2023-06-28 21:12:23.759] [exthost] [error] Error: Connection got disposed.
	at Object.dispose (/usr/lib/code-server/vendor/modules/code-oss-dev/extensions/html-language-features/client/dist/node/htmlClientMain.js:1:383445)
	at Object.dispose (/usr/lib/code-server/vendor/modules/code-oss-dev/extensions/html-language-features/client/dist/node/htmlClientMain.js:1:463625)
	at T.handleConnectionClosed (/usr/lib/code-server/vendor/modules/code-oss-dev/extensions/html-language-features/client/dist/node/htmlClientMain.js:1:463838)
	at T.handleConnectionClosed (/usr/lib/code-server/vendor/modules/code-oss-dev/extensions/html-language-features/client/dist/node/htmlClientMain.js:1:524244)
	at t (/usr/lib/code-server/vendor/modules/code-oss-dev/extensions/html-language-features/client/dist/node/htmlClientMain.js:1:461927)
	at invoke (/usr/lib/code-server/vendor/modules/code-oss-dev/extensions/html-language-features/client/dist/node/htmlClientMain.js:1:385058)
	at o.fire (/usr/lib/code-server/vendor/modules/code-oss-dev/extensions/html-language-features/client/dist/node/htmlClientMain.js:1:385819)
	at Q (/usr/lib/code-server/vendor/modules/code-oss-dev/extensions/html-language-features/client/dist/node/htmlClientMain.js:1:372703)
	at invoke (/usr/lib/code-server/vendor/modules/code-oss-dev/extensions/html-language-features/client/dist/node/htmlClientMain.js:1:385058)
	at o.fire (/usr/lib/code-server/vendor/modules/code-oss-dev/extensions/html-language-features/client/dist/node/htmlClientMain.js:1:385819)
	at d.fireClose (/usr/lib/code-server/vendor/modules/code-oss-dev/extensions/html-language-features/client/dist/node/htmlClientMain.js:1:393700)
	at ChildProcess.<anonymous> (/usr/lib/code-server/vendor/modules/code-oss-dev/extensions/html-language-features/client/dist/node/htmlClientMain.js:1:404666)
	at ChildProcess.emit (events.js:412:35)
	at maybeClose (internal/child_process.js:1058:16)
	at Socket.<anonymous> (internal/child_process.js:443:11)
	at Socket.emit (events.js:400:28)
	at Pipe.<anonymous> (net.js:686:12)
[2023-06-28 21:12:23.759] [exthost] [error] [vscode.html-language-features] provider FAILED
[2023-06-28 21:12:23.759] [exthost] [error] Error: Connection got disposed.
	at Object.dispose (/usr/lib/code-server/vendor/modules/code-oss-dev/extensions/html-language-features/client/dist/node/htmlClientMain.js:1:383445)
	at Object.dispose (/usr/lib/code-server/vendor/modules/code-oss-dev/extensions/html-language-features/client/dist/node/htmlClientMain.js:1:463625)
	at T.handleConnectionClosed (/usr/lib/code-server/vendor/modules/code-oss-dev/extensions/html-language-features/client/dist/node/htmlClientMain.js:1:463838)
	at T.handleConnectionClosed (/usr/lib/code-server/vendor/modules/code-oss-dev/extensions/html-language-features/client/dist/node/htmlClientMain.js:1:524244)
	at t (/usr/lib/code-server/vendor/modules/code-oss-dev/extensions/html-language-features/client/dist/node/htmlClientMain.js:1:461927)
	at invoke (/usr/lib/code-server/vendor/modules/code-oss-dev/extensions/html-language-features/client/dist/node/htmlClientMain.js:1:385058)
	at o.fire (/usr/lib/code-server/vendor/modules/code-oss-dev/extensions/html-language-features/client/dist/node/htmlClientMain.js:1:385819)
	at Q (/usr/lib/code-server/vendor/modules/code-oss-dev/extensions/html-language-features/client/dist/node/htmlClientMain.js:1:372703)
	at invoke (/usr/lib/code-server/vendor/modules/code-oss-dev/extensions/html-language-features/client/dist/node/htmlClientMain.js:1:385058)
	at o.fire (/usr/lib/code-server/vendor/modules/code-oss-dev/extensions/html-language-features/client/dist/node/htmlClientMain.js:1:385819)
	at d.fireClose (/usr/lib/code-server/vendor/modules/code-oss-dev/extensions/html-language-features/client/dist/node/htmlClientMain.js:1:393700)
	at ChildProcess.<anonymous> (/usr/lib/code-server/vendor/modules/code-oss-dev/extensions/html-language-features/client/dist/node/htmlClientMain.js:1:404666)
	at ChildProcess.emit (events.js:412:35)
	at maybeClose (internal/child_process.js:1058:16)
	at Socket.<anonymous> (internal/child_process.js:443:11)
	at Socket.emit (events.js:400:28)
	at Pipe.<anonymous> (net.js:686:12)
[2023-06-28 21:12:23.759] [exthost] [error] [vscode.html-language-features] provider FAILED
[2023-06-28 21:12:23.759] [exthost] [error] Error: Connection got disposed.
	at Object.dispose (/usr/lib/code-server/vendor/modules/code-oss-dev/extensions/html-language-features/client/dist/node/htmlClientMain.js:1:383445)
	at Object.dispose (/usr/lib/code-server/vendor/modules/code-oss-dev/extensions/html-language-features/client/dist/node/htmlClientMain.js:1:463625)
	at T.handleConnectionClosed (/usr/lib/code-server/vendor/modules/code-oss-dev/extensions/html-language-features/client/dist/node/htmlClientMain.js:1:463838)
	at T.handleConnectionClosed (/usr/lib/code-server/vendor/modules/code-oss-dev/extensions/html-language-features/client/dist/node/htmlClientMain.js:1:524244)
	at t (/usr/lib/code-server/vendor/modules/code-oss-dev/extensions/html-language-features/client/dist/node/htmlClientMain.js:1:461927)
	at invoke (/usr/lib/code-server/vendor/modules/code-oss-dev/extensions/html-language-features/client/dist/node/htmlClientMain.js:1:385058)
	at o.fire (/usr/lib/code-server/vendor/modules/code-oss-dev/extensions/html-language-features/client/dist/node/htmlClientMain.js:1:385819)
	at Q (/usr/lib/code-server/vendor/modules/code-oss-dev/extensions/html-language-features/client/dist/node/htmlClientMain.js:1:372703)
	at invoke (/usr/lib/code-server/vendor/modules/code-oss-dev/extensions/html-language-features/client/dist/node/htmlClientMain.js:1:385058)
	at o.fire (/usr/lib/code-server/vendor/modules/code-oss-dev/extensions/html-language-features/client/dist/node/htmlClientMain.js:1:385819)
	at d.fireClose (/usr/lib/code-server/vendor/modules/code-oss-dev/extensions/html-language-features/client/dist/node/htmlClientMain.js:1:393700)
	at ChildProcess.<anonymous> (/usr/lib/code-server/vendor/modules/code-oss-dev/extensions/html-language-features/client/dist/node/htmlClientMain.js:1:404666)
	at ChildProcess.emit (events.js:412:35)
	at maybeClose (internal/child_process.js:1058:16)
	at Socket.<anonymous> (internal/child_process.js:443:11)
	at Socket.emit (events.js:400:28)
	at Pipe.<anonymous> (net.js:686:12)
[2023-06-28 21:12:23.759] [exthost] [error] [vscode.html-language-features] provider FAILED
[2023-06-28 21:12:23.759] [exthost] [error] Error: Connection got disposed.
	at Object.dispose (/usr/lib/code-server/vendor/modules/code-oss-dev/extensions/html-language-features/client/dist/node/htmlClientMain.js:1:383445)
	at Object.dispose (/usr/lib/code-server/vendor/modules/code-oss-dev/extensions/html-language-features/client/dist/node/htmlClientMain.js:1:463625)
	at T.handleConnectionClosed (/usr/lib/code-server/vendor/modules/code-oss-dev/extensions/html-language-features/client/dist/node/htmlClientMain.js:1:463838)
	at T.handleConnectionClosed (/usr/lib/code-server/vendor/modules/code-oss-dev/extensions/html-language-features/client/dist/node/htmlClientMain.js:1:524244)
	at t (/usr/lib/code-server/vendor/modules/code-oss-dev/extensions/html-language-features/client/dist/node/htmlClientMain.js:1:461927)
	at invoke (/usr/lib/code-server/vendor/modules/code-oss-dev/extensions/html-language-features/client/dist/node/htmlClientMain.js:1:385058)
	at o.fire (/usr/lib/code-server/vendor/modules/code-oss-dev/extensions/html-language-features/client/dist/node/htmlClientMain.js:1:385819)
	at Q (/usr/lib/code-server/vendor/modules/code-oss-dev/extensions/html-language-features/client/dist/node/htmlClientMain.js:1:372703)
	at invoke (/usr/lib/code-server/vendor/modules/code-oss-dev/extensions/html-language-features/client/dist/node/htmlClientMain.js:1:385058)
	at o.fire (/usr/lib/code-server/vendor/modules/code-oss-dev/extensions/html-language-features/client/dist/node/htmlClientMain.js:1:385819)
	at d.fireClose (/usr/lib/code-server/vendor/modules/code-oss-dev/extensions/html-language-features/client/dist/node/htmlClientMain.js:1:393700)
	at ChildProcess.<anonymous> (/usr/lib/code-server/vendor/modules/code-oss-dev/extensions/html-language-features/client/dist/node/htmlClientMain.js:1:404666)
	at ChildProcess.emit (events.js:412:35)
	at maybeClose (internal/child_process.js:1058:16)
	at Socket.<anonymous> (internal/child_process.js:443:11)
	at Socket.emit (events.js:400:28)
	at Pipe.<anonymous> (net.js:686:12)
[2023-06-28 21:12:23.759] [exthost] [error] [vscode.html-language-features] provider FAILED
[2023-06-28 21:12:23.759] [exthost] [error] Error: Connection got disposed.
	at Object.dispose (/usr/lib/code-server/vendor/modules/code-oss-dev/extensions/html-language-features/client/dist/node/htmlClientMain.js:1:383445)
	at Object.dispose (/usr/lib/code-server/vendor/modules/code-oss-dev/extensions/html-language-features/client/dist/node/htmlClientMain.js:1:463625)
	at T.handleConnectionClosed (/usr/lib/code-server/vendor/modules/code-oss-dev/extensions/html-language-features/client/dist/node/htmlClientMain.js:1:463838)
	at T.handleConnectionClosed (/usr/lib/code-server/vendor/modules/code-oss-dev/extensions/html-language-features/client/dist/node/htmlClientMain.js:1:524244)
	at t (/usr/lib/code-server/vendor/modules/code-oss-dev/extensions/html-language-features/client/dist/node/htmlClientMain.js:1:461927)
	at invoke (/usr/lib/code-server/vendor/modules/code-oss-dev/extensions/html-language-features/client/dist/node/htmlClientMain.js:1:385058)
	at o.fire (/usr/lib/code-server/vendor/modules/code-oss-dev/extensions/html-language-features/client/dist/node/htmlClientMain.js:1:385819)
	at Q (/usr/lib/code-server/vendor/modules/code-oss-dev/extensions/html-language-features/client/dist/node/htmlClientMain.js:1:372703)
	at invoke (/usr/lib/code-server/vendor/modules/code-oss-dev/extensions/html-language-features/client/dist/node/htmlClientMain.js:1:385058)
	at o.fire (/usr/lib/code-server/vendor/modules/code-oss-dev/extensions/html-language-features/client/dist/node/htmlClientMain.js:1:385819)
	at d.fireClose (/usr/lib/code-server/vendor/modules/code-oss-dev/extensions/html-language-features/client/dist/node/htmlClientMain.js:1:393700)
	at ChildProcess.<anonymous> (/usr/lib/code-server/vendor/modules/code-oss-dev/extensions/html-language-features/client/dist/node/htmlClientMain.js:1:404666)
	at ChildProcess.emit (events.js:412:35)
	at maybeClose (internal/child_process.js:1058:16)
	at Socket.<anonymous> (internal/child_process.js:443:11)
	at Socket.emit (events.js:400:28)
	at Pipe.<anonymous> (net.js:686:12)
[2023-06-28 21:12:23.759] [exthost] [error] [vscode.html-language-features] provider FAILED
[2023-06-28 21:12:23.759] [exthost] [error] Error: Connection got disposed.
	at Object.dispose (/usr/lib/code-server/vendor/modules/code-oss-dev/extensions/html-language-features/client/dist/node/htmlClientMain.js:1:383445)
	at Object.dispose (/usr/lib/code-server/vendor/modules/code-oss-dev/extensions/html-language-features/client/dist/node/htmlClientMain.js:1:463625)
	at T.handleConnectionClosed (/usr/lib/code-server/vendor/modules/code-oss-dev/extensions/html-language-features/client/dist/node/htmlClientMain.js:1:463838)
	at T.handleConnectionClosed (/usr/lib/code-server/vendor/modules/code-oss-dev/extensions/html-language-features/client/dist/node/htmlClientMain.js:1:524244)
	at t (/usr/lib/code-server/vendor/modules/code-oss-dev/extensions/html-language-features/client/dist/node/htmlClientMain.js:1:461927)
	at invoke (/usr/lib/code-server/vendor/modules/code-oss-dev/extensions/html-language-features/client/dist/node/htmlClientMain.js:1:385058)
	at o.fire (/usr/lib/code-server/vendor/modules/code-oss-dev/extensions/html-language-features/client/dist/node/htmlClientMain.js:1:385819)
	at Q (/usr/lib/code-server/vendor/modules/code-oss-dev/extensions/html-language-features/client/dist/node/htmlClientMain.js:1:372703)
	at invoke (/usr/lib/code-server/vendor/modules/code-oss-dev/extensions/html-language-features/client/dist/node/htmlClientMain.js:1:385058)
	at o.fire (/usr/lib/code-server/vendor/modules/code-oss-dev/extensions/html-language-features/client/dist/node/htmlClientMain.js:1:385819)
	at d.fireClose (/usr/lib/code-server/vendor/modules/code-oss-dev/extensions/html-language-features/client/dist/node/htmlClientMain.js:1:393700)
	at ChildProcess.<anonymous> (/usr/lib/code-server/vendor/modules/code-oss-dev/extensions/html-language-features/client/dist/node/htmlClientMain.js:1:404666)
	at ChildProcess.emit (events.js:412:35)
	at maybeClose (internal/child_process.js:1058:16)
	at Socket.<anonymous> (internal/child_process.js:443:11)
	at Socket.emit (events.js:400:28)
	at Pipe.<anonymous> (net.js:686:12)
[2023-06-28 21:12:23.759] [exthost] [error] [vscode.html-language-features] provider FAILED
[2023-06-28 21:12:23.759] [exthost] [error] Error: Connection got disposed.
	at Object.dispose (/usr/lib/code-server/vendor/modules/code-oss-dev/extensions/html-language-features/client/dist/node/htmlClientMain.js:1:383445)
	at Object.dispose (/usr/lib/code-server/vendor/modules/code-oss-dev/extensions/html-language-features/client/dist/node/htmlClientMain.js:1:463625)
	at T.handleConnectionClosed (/usr/lib/code-server/vendor/modules/code-oss-dev/extensions/html-language-features/client/dist/node/htmlClientMain.js:1:463838)
	at T.handleConnectionClosed (/usr/lib/code-server/vendor/modules/code-oss-dev/extensions/html-language-features/client/dist/node/htmlClientMain.js:1:524244)
	at t (/usr/lib/code-server/vendor/modules/code-oss-dev/extensions/html-language-features/client/dist/node/htmlClientMain.js:1:461927)
	at invoke (/usr/lib/code-server/vendor/modules/code-oss-dev/extensions/html-language-features/client/dist/node/htmlClientMain.js:1:385058)
	at o.fire (/usr/lib/code-server/vendor/modules/code-oss-dev/extensions/html-language-features/client/dist/node/htmlClientMain.js:1:385819)
	at Q (/usr/lib/code-server/vendor/modules/code-oss-dev/extensions/html-language-features/client/dist/node/htmlClientMain.js:1:372703)
	at invoke (/usr/lib/code-server/vendor/modules/code-oss-dev/extensions/html-language-features/client/dist/node/htmlClientMain.js:1:385058)
	at o.fire (/usr/lib/code-server/vendor/modules/code-oss-dev/extensions/html-language-features/client/dist/node/htmlClientMain.js:1:385819)
	at d.fireClose (/usr/lib/code-server/vendor/modules/code-oss-dev/extensions/html-language-features/client/dist/node/htmlClientMain.js:1:393700)
	at ChildProcess.<anonymous> (/usr/lib/code-server/vendor/modules/code-oss-dev/extensions/html-language-features/client/dist/node/htmlClientMain.js:1:404666)
	at ChildProcess.emit (events.js:412:35)
	at maybeClose (internal/child_process.js:1058:16)
	at Socket.<anonymous> (internal/child_process.js:443:11)
	at Socket.emit (events.js:400:28)
	at Pipe.<anonymous> (net.js:686:12)
[2023-06-28 21:12:23.759] [exthost] [error] [vscode.html-language-features] provider FAILED
[2023-06-28 21:12:23.759] [exthost] [error] Error: Connection got disposed.
	at Object.dispose (/usr/lib/code-server/vendor/modules/code-oss-dev/extensions/html-language-features/client/dist/node/htmlClientMain.js:1:383445)
	at Object.dispose (/usr/lib/code-server/vendor/modules/code-oss-dev/extensions/html-language-features/client/dist/node/htmlClientMain.js:1:463625)
	at T.handleConnectionClosed (/usr/lib/code-server/vendor/modules/code-oss-dev/extensions/html-language-features/client/dist/node/htmlClientMain.js:1:463838)
	at T.handleConnectionClosed (/usr/lib/code-server/vendor/modules/code-oss-dev/extensions/html-language-features/client/dist/node/htmlClientMain.js:1:524244)
	at t (/usr/lib/code-server/vendor/modules/code-oss-dev/extensions/html-language-features/client/dist/node/htmlClientMain.js:1:461927)
	at invoke (/usr/lib/code-server/vendor/modules/code-oss-dev/extensions/html-language-features/client/dist/node/htmlClientMain.js:1:385058)
	at o.fire (/usr/lib/code-server/vendor/modules/code-oss-dev/extensions/html-language-features/client/dist/node/htmlClientMain.js:1:385819)
	at Q (/usr/lib/code-server/vendor/modules/code-oss-dev/extensions/html-language-features/client/dist/node/htmlClientMain.js:1:372703)
	at invoke (/usr/lib/code-server/vendor/modules/code-oss-dev/extensions/html-language-features/client/dist/node/htmlClientMain.js:1:385058)
	at o.fire (/usr/lib/code-server/vendor/modules/code-oss-dev/extensions/html-language-features/client/dist/node/htmlClientMain.js:1:385819)
	at d.fireClose (/usr/lib/code-server/vendor/modules/code-oss-dev/extensions/html-language-features/client/dist/node/htmlClientMain.js:1:393700)
	at ChildProcess.<anonymous> (/usr/lib/code-server/vendor/modules/code-oss-dev/extensions/html-language-features/client/dist/node/htmlClientMain.js:1:404666)
	at ChildProcess.emit (events.js:412:35)
	at maybeClose (internal/child_process.js:1058:16)
	at Socket.<anonymous> (internal/child_process.js:443:11)
	at Socket.emit (events.js:400:28)
	at Pipe.<anonymous> (net.js:686:12)
[2023-06-28 21:12:23.759] [exthost] [error] [vscode.html-language-features] provider FAILED
[2023-06-28 21:12:23.759] [exthost] [error] Error: Connection got disposed.
	at Object.dispose (/usr/lib/code-server/vendor/modules/code-oss-dev/extensions/html-language-features/client/dist/node/htmlClientMain.js:1:383445)
	at Object.dispose (/usr/lib/code-server/vendor/modules/code-oss-dev/extensions/html-language-features/client/dist/node/htmlClientMain.js:1:463625)
	at T.handleConnectionClosed (/usr/lib/code-server/vendor/modules/code-oss-dev/extensions/html-language-features/client/dist/node/htmlClientMain.js:1:463838)
	at T.handleConnectionClosed (/usr/lib/code-server/vendor/modules/code-oss-dev/extensions/html-language-features/client/dist/node/htmlClientMain.js:1:524244)
	at t (/usr/lib/code-server/vendor/modules/code-oss-dev/extensions/html-language-features/client/dist/node/htmlClientMain.js:1:461927)
	at invoke (/usr/lib/code-server/vendor/modules/code-oss-dev/extensions/html-language-features/client/dist/node/htmlClientMain.js:1:385058)
	at o.fire (/usr/lib/code-server/vendor/modules/code-oss-dev/extensions/html-language-features/client/dist/node/htmlClientMain.js:1:385819)
	at Q (/usr/lib/code-server/vendor/modules/code-oss-dev/extensions/html-language-features/client/dist/node/htmlClientMain.js:1:372703)
	at invoke (/usr/lib/code-server/vendor/modules/code-oss-dev/extensions/html-language-features/client/dist/node/htmlClientMain.js:1:385058)
	at o.fire (/usr/lib/code-server/vendor/modules/code-oss-dev/extensions/html-language-features/client/dist/node/htmlClientMain.js:1:385819)
	at d.fireClose (/usr/lib/code-server/vendor/modules/code-oss-dev/extensions/html-language-features/client/dist/node/htmlClientMain.js:1:393700)
	at ChildProcess.<anonymous> (/usr/lib/code-server/vendor/modules/code-oss-dev/extensions/html-language-features/client/dist/node/htmlClientMain.js:1:404666)
	at ChildProcess.emit (events.js:412:35)
	at maybeClose (internal/child_process.js:1058:16)
	at Socket.<anonymous> (internal/child_process.js:443:11)
	at Socket.emit (events.js:400:28)
	at Pipe.<anonymous> (net.js:686:12)
[2023-06-28 21:12:23.759] [exthost] [error] [vscode.html-language-features] provider FAILED
[2023-06-28 21:12:23.759] [exthost] [error] Error: Connection got disposed.
	at Object.dispose (/usr/lib/code-server/vendor/modules/code-oss-dev/extensions/html-language-features/client/dist/node/htmlClientMain.js:1:383445)
	at Object.dispose (/usr/lib/code-server/vendor/modules/code-oss-dev/extensions/html-language-features/client/dist/node/htmlClientMain.js:1:463625)
	at T.handleConnectionClosed (/usr/lib/code-server/vendor/modules/code-oss-dev/extensions/html-language-features/client/dist/node/htmlClientMain.js:1:463838)
	at T.handleConnectionClosed (/usr/lib/code-server/vendor/modules/code-oss-dev/extensions/html-language-features/client/dist/node/htmlClientMain.js:1:524244)
	at t (/usr/lib/code-server/vendor/modules/code-oss-dev/extensions/html-language-features/client/dist/node/htmlClientMain.js:1:461927)
	at invoke (/usr/lib/code-server/vendor/modules/code-oss-dev/extensions/html-language-features/client/dist/node/htmlClientMain.js:1:385058)
	at o.fire (/usr/lib/code-server/vendor/modules/code-oss-dev/extensions/html-language-features/client/dist/node/htmlClientMain.js:1:385819)
	at Q (/usr/lib/code-server/vendor/modules/code-oss-dev/extensions/html-language-features/client/dist/node/htmlClientMain.js:1:372703)
	at invoke (/usr/lib/code-server/vendor/modules/code-oss-dev/extensions/html-language-features/client/dist/node/htmlClientMain.js:1:385058)
	at o.fire (/usr/lib/code-server/vendor/modules/code-oss-dev/extensions/html-language-features/client/dist/node/htmlClientMain.js:1:385819)
	at d.fireClose (/usr/lib/code-server/vendor/modules/code-oss-dev/extensions/html-language-features/client/dist/node/htmlClientMain.js:1:393700)
	at ChildProcess.<anonymous> (/usr/lib/code-server/vendor/modules/code-oss-dev/extensions/html-language-features/client/dist/node/htmlClientMain.js:1:404666)
	at ChildProcess.emit (events.js:412:35)
	at maybeClose (internal/child_process.js:1058:16)
	at Socket.<anonymous> (internal/child_process.js:443:11)
	at Socket.emit (events.js:400:28)
	at Pipe.<anonymous> (net.js:686:12)
