[Info  - 5:01:44 PM] Connection to server got closed. Server will restart.
[Info  - 5:06:23 PM] Connection to server got closed. Server will restart.
[Info  - 5:11:58 PM] Connection to server got closed. Server will restart.
[Info  - 5:16:30 PM] Connection to server got closed. Server will restart.
[Error - 5:16:30 PM] Request textDocument/signatureHelp failed.
Error: Connection got disposed.
	at Object.dispose (/usr/lib/code-server/vendor/modules/code-oss-dev/extensions/html-language-features/client/dist/node/htmlClientMain.js:1:383445)
	at Object.dispose (/usr/lib/code-server/vendor/modules/code-oss-dev/extensions/html-language-features/client/dist/node/htmlClientMain.js:1:463625)
	at T.handleConnectionClosed (/usr/lib/code-server/vendor/modules/code-oss-dev/extensions/html-language-features/client/dist/node/htmlClientMain.js:1:463838)
	at T.handleConnectionClosed (/usr/lib/code-server/vendor/modules/code-oss-dev/extensions/html-language-features/client/dist/node/htmlClientMain.js:1:524244)
	at t (/usr/lib/code-server/vendor/modules/code-oss-dev/extensions/html-language-features/client/dist/node/htmlClientMain.js:1:461927)
	at invoke (/usr/lib/code-server/vendor/modules/code-oss-dev/extensions/html-language-features/client/dist/node/htmlClientMain.js:1:385058)
	at o.fire (/usr/lib/code-server/vendor/modules/code-oss-dev/extensions/html-language-features/client/dist/node/htmlClientMain.js:1:385819)
	at Q (/usr/lib/code-server/vendor/modules/code-oss-dev/extensions/html-language-features/client/dist/node/htmlClientMain.js:1:372703)
	at invoke (/usr/lib/code-server/vendor/modules/code-oss-dev/extensions/html-language-features/client/dist/node/htmlClientMain.js:1:385058)
	at o.fire (/usr/lib/code-server/vendor/modules/code-oss-dev/extensions/html-language-features/client/dist/node/htmlClientMain.js:1:385819)
	at d.fireClose (/usr/lib/code-server/vendor/modules/code-oss-dev/extensions/html-language-features/client/dist/node/htmlClientMain.js:1:393700)
	at ChildProcess.<anonymous> (/usr/lib/code-server/vendor/modules/code-oss-dev/extensions/html-language-features/client/dist/node/htmlClientMain.js:1:404666)
	at ChildProcess.emit (events.js:412:35)
	at maybeClose (internal/child_process.js:1058:16)
	at Process.ChildProcess._handle.onexit (internal/child_process.js:293:5)
[Info  - 5:28:30 PM] Connection to server got closed. Server will restart.
[Error - 5:28:30 PM] Request textDocument/completion failed.
Error: Connection got disposed.
	at Object.dispose (/usr/lib/code-server/vendor/modules/code-oss-dev/extensions/html-language-features/client/dist/node/htmlClientMain.js:1:383445)
	at Object.dispose (/usr/lib/code-server/vendor/modules/code-oss-dev/extensions/html-language-features/client/dist/node/htmlClientMain.js:1:463625)
	at T.handleConnectionClosed (/usr/lib/code-server/vendor/modules/code-oss-dev/extensions/html-language-features/client/dist/node/htmlClientMain.js:1:463838)
	at T.handleConnectionClosed (/usr/lib/code-server/vendor/modules/code-oss-dev/extensions/html-language-features/client/dist/node/htmlClientMain.js:1:524244)
	at t (/usr/lib/code-server/vendor/modules/code-oss-dev/extensions/html-language-features/client/dist/node/htmlClientMain.js:1:461927)
	at invoke (/usr/lib/code-server/vendor/modules/code-oss-dev/extensions/html-language-features/client/dist/node/htmlClientMain.js:1:385058)
	at o.fire (/usr/lib/code-server/vendor/modules/code-oss-dev/extensions/html-language-features/client/dist/node/htmlClientMain.js:1:385819)
	at Q (/usr/lib/code-server/vendor/modules/code-oss-dev/extensions/html-language-features/client/dist/node/htmlClientMain.js:1:372703)
	at invoke (/usr/lib/code-server/vendor/modules/code-oss-dev/extensions/html-language-features/client/dist/node/htmlClientMain.js:1:385058)
	at o.fire (/usr/lib/code-server/vendor/modules/code-oss-dev/extensions/html-language-features/client/dist/node/htmlClientMain.js:1:385819)
	at d.fireClose (/usr/lib/code-server/vendor/modules/code-oss-dev/extensions/html-language-features/client/dist/node/htmlClientMain.js:1:393700)
	at ChildProcess.<anonymous> (/usr/lib/code-server/vendor/modules/code-oss-dev/extensions/html-language-features/client/dist/node/htmlClientMain.js:1:404666)
	at ChildProcess.emit (events.js:412:35)
	at maybeClose (internal/child_process.js:1058:16)
	at Process.ChildProcess._handle.onexit (internal/child_process.js:293:5)
[Error - 5:28:30 PM] Request textDocument/signatureHelp failed.
Error: Connection got disposed.
	at Object.dispose (/usr/lib/code-server/vendor/modules/code-oss-dev/extensions/html-language-features/client/dist/node/htmlClientMain.js:1:383445)
	at Object.dispose (/usr/lib/code-server/vendor/modules/code-oss-dev/extensions/html-language-features/client/dist/node/htmlClientMain.js:1:463625)
	at T.handleConnectionClosed (/usr/lib/code-server/vendor/modules/code-oss-dev/extensions/html-language-features/client/dist/node/htmlClientMain.js:1:463838)
	at T.handleConnectionClosed (/usr/lib/code-server/vendor/modules/code-oss-dev/extensions/html-language-features/client/dist/node/htmlClientMain.js:1:524244)
	at t (/usr/lib/code-server/vendor/modules/code-oss-dev/extensions/html-language-features/client/dist/node/htmlClientMain.js:1:461927)
	at invoke (/usr/lib/code-server/vendor/modules/code-oss-dev/extensions/html-language-features/client/dist/node/htmlClientMain.js:1:385058)
	at o.fire (/usr/lib/code-server/vendor/modules/code-oss-dev/extensions/html-language-features/client/dist/node/htmlClientMain.js:1:385819)
	at Q (/usr/lib/code-server/vendor/modules/code-oss-dev/extensions/html-language-features/client/dist/node/htmlClientMain.js:1:372703)
	at invoke (/usr/lib/code-server/vendor/modules/code-oss-dev/extensions/html-language-features/client/dist/node/htmlClientMain.js:1:385058)
	at o.fire (/usr/lib/code-server/vendor/modules/code-oss-dev/extensions/html-language-features/client/dist/node/htmlClientMain.js:1:385819)
	at d.fireClose (/usr/lib/code-server/vendor/modules/code-oss-dev/extensions/html-language-features/client/dist/node/htmlClientMain.js:1:393700)
	at ChildProcess.<anonymous> (/usr/lib/code-server/vendor/modules/code-oss-dev/extensions/html-language-features/client/dist/node/htmlClientMain.js:1:404666)
	at ChildProcess.emit (events.js:412:35)
	at maybeClose (internal/child_process.js:1058:16)
	at Process.ChildProcess._handle.onexit (internal/child_process.js:293:5)
[Error - 5:28:30 PM] Request textDocument/foldingRange failed.
Error: Connection got disposed.
	at Object.dispose (/usr/lib/code-server/vendor/modules/code-oss-dev/extensions/html-language-features/client/dist/node/htmlClientMain.js:1:383445)
	at Object.dispose (/usr/lib/code-server/vendor/modules/code-oss-dev/extensions/html-language-features/client/dist/node/htmlClientMain.js:1:463625)
	at T.handleConnectionClosed (/usr/lib/code-server/vendor/modules/code-oss-dev/extensions/html-language-features/client/dist/node/htmlClientMain.js:1:463838)
	at T.handleConnectionClosed (/usr/lib/code-server/vendor/modules/code-oss-dev/extensions/html-language-features/client/dist/node/htmlClientMain.js:1:524244)
	at t (/usr/lib/code-server/vendor/modules/code-oss-dev/extensions/html-language-features/client/dist/node/htmlClientMain.js:1:461927)
	at invoke (/usr/lib/code-server/vendor/modules/code-oss-dev/extensions/html-language-features/client/dist/node/htmlClientMain.js:1:385058)
	at o.fire (/usr/lib/code-server/vendor/modules/code-oss-dev/extensions/html-language-features/client/dist/node/htmlClientMain.js:1:385819)
	at Q (/usr/lib/code-server/vendor/modules/code-oss-dev/extensions/html-language-features/client/dist/node/htmlClientMain.js:1:372703)
	at invoke (/usr/lib/code-server/vendor/modules/code-oss-dev/extensions/html-language-features/client/dist/node/htmlClientMain.js:1:385058)
	at o.fire (/usr/lib/code-server/vendor/modules/code-oss-dev/extensions/html-language-features/client/dist/node/htmlClientMain.js:1:385819)
	at d.fireClose (/usr/lib/code-server/vendor/modules/code-oss-dev/extensions/html-language-features/client/dist/node/htmlClientMain.js:1:393700)
	at ChildProcess.<anonymous> (/usr/lib/code-server/vendor/modules/code-oss-dev/extensions/html-language-features/client/dist/node/htmlClientMain.js:1:404666)
	at ChildProcess.emit (events.js:412:35)
	at maybeClose (internal/child_process.js:1058:16)
	at Process.ChildProcess._handle.onexit (internal/child_process.js:293:5)
[Error - 5:28:30 PM] Request textDocument/signatureHelp failed.
Error: Connection got disposed.
	at Object.dispose (/usr/lib/code-server/vendor/modules/code-oss-dev/extensions/html-language-features/client/dist/node/htmlClientMain.js:1:383445)
	at Object.dispose (/usr/lib/code-server/vendor/modules/code-oss-dev/extensions/html-language-features/client/dist/node/htmlClientMain.js:1:463625)
	at T.handleConnectionClosed (/usr/lib/code-server/vendor/modules/code-oss-dev/extensions/html-language-features/client/dist/node/htmlClientMain.js:1:463838)
	at T.handleConnectionClosed (/usr/lib/code-server/vendor/modules/code-oss-dev/extensions/html-language-features/client/dist/node/htmlClientMain.js:1:524244)
	at t (/usr/lib/code-server/vendor/modules/code-oss-dev/extensions/html-language-features/client/dist/node/htmlClientMain.js:1:461927)
	at invoke (/usr/lib/code-server/vendor/modules/code-oss-dev/extensions/html-language-features/client/dist/node/htmlClientMain.js:1:385058)
	at o.fire (/usr/lib/code-server/vendor/modules/code-oss-dev/extensions/html-language-features/client/dist/node/htmlClientMain.js:1:385819)
	at Q (/usr/lib/code-server/vendor/modules/code-oss-dev/extensions/html-language-features/client/dist/node/htmlClientMain.js:1:372703)
	at invoke (/usr/lib/code-server/vendor/modules/code-oss-dev/extensions/html-language-features/client/dist/node/htmlClientMain.js:1:385058)
	at o.fire (/usr/lib/code-server/vendor/modules/code-oss-dev/extensions/html-language-features/client/dist/node/htmlClientMain.js:1:385819)
	at d.fireClose (/usr/lib/code-server/vendor/modules/code-oss-dev/extensions/html-language-features/client/dist/node/htmlClientMain.js:1:393700)
	at ChildProcess.<anonymous> (/usr/lib/code-server/vendor/modules/code-oss-dev/extensions/html-language-features/client/dist/node/htmlClientMain.js:1:404666)
	at ChildProcess.emit (events.js:412:35)
	at maybeClose (internal/child_process.js:1058:16)
	at Process.ChildProcess._handle.onexit (internal/child_process.js:293:5)
[Error - 5:28:30 PM] Request textDocument/foldingRange failed.
Error: Connection got disposed.
	at Object.dispose (/usr/lib/code-server/vendor/modules/code-oss-dev/extensions/html-language-features/client/dist/node/htmlClientMain.js:1:383445)
	at Object.dispose (/usr/lib/code-server/vendor/modules/code-oss-dev/extensions/html-language-features/client/dist/node/htmlClientMain.js:1:463625)
	at T.handleConnectionClosed (/usr/lib/code-server/vendor/modules/code-oss-dev/extensions/html-language-features/client/dist/node/htmlClientMain.js:1:463838)
	at T.handleConnectionClosed (/usr/lib/code-server/vendor/modules/code-oss-dev/extensions/html-language-features/client/dist/node/htmlClientMain.js:1:524244)
	at t (/usr/lib/code-server/vendor/modules/code-oss-dev/extensions/html-language-features/client/dist/node/htmlClientMain.js:1:461927)
	at invoke (/usr/lib/code-server/vendor/modules/code-oss-dev/extensions/html-language-features/client/dist/node/htmlClientMain.js:1:385058)
	at o.fire (/usr/lib/code-server/vendor/modules/code-oss-dev/extensions/html-language-features/client/dist/node/htmlClientMain.js:1:385819)
	at Q (/usr/lib/code-server/vendor/modules/code-oss-dev/extensions/html-language-features/client/dist/node/htmlClientMain.js:1:372703)
	at invoke (/usr/lib/code-server/vendor/modules/code-oss-dev/extensions/html-language-features/client/dist/node/htmlClientMain.js:1:385058)
	at o.fire (/usr/lib/code-server/vendor/modules/code-oss-dev/extensions/html-language-features/client/dist/node/htmlClientMain.js:1:385819)
	at d.fireClose (/usr/lib/code-server/vendor/modules/code-oss-dev/extensions/html-language-features/client/dist/node/htmlClientMain.js:1:393700)
	at ChildProcess.<anonymous> (/usr/lib/code-server/vendor/modules/code-oss-dev/extensions/html-language-features/client/dist/node/htmlClientMain.js:1:404666)
	at ChildProcess.emit (events.js:412:35)
	at maybeClose (internal/child_process.js:1058:16)
	at Process.ChildProcess._handle.onexit (internal/child_process.js:293:5)
[Error - 5:28:30 PM] Request textDocument/documentSymbol failed.
Error: Connection got disposed.
	at Object.dispose (/usr/lib/code-server/vendor/modules/code-oss-dev/extensions/html-language-features/client/dist/node/htmlClientMain.js:1:383445)
	at Object.dispose (/usr/lib/code-server/vendor/modules/code-oss-dev/extensions/html-language-features/client/dist/node/htmlClientMain.js:1:463625)
	at T.handleConnectionClosed (/usr/lib/code-server/vendor/modules/code-oss-dev/extensions/html-language-features/client/dist/node/htmlClientMain.js:1:463838)
	at T.handleConnectionClosed (/usr/lib/code-server/vendor/modules/code-oss-dev/extensions/html-language-features/client/dist/node/htmlClientMain.js:1:524244)
	at t (/usr/lib/code-server/vendor/modules/code-oss-dev/extensions/html-language-features/client/dist/node/htmlClientMain.js:1:461927)
	at invoke (/usr/lib/code-server/vendor/modules/code-oss-dev/extensions/html-language-features/client/dist/node/htmlClientMain.js:1:385058)
	at o.fire (/usr/lib/code-server/vendor/modules/code-oss-dev/extensions/html-language-features/client/dist/node/htmlClientMain.js:1:385819)
	at Q (/usr/lib/code-server/vendor/modules/code-oss-dev/extensions/html-language-features/client/dist/node/htmlClientMain.js:1:372703)
	at invoke (/usr/lib/code-server/vendor/modules/code-oss-dev/extensions/html-language-features/client/dist/node/htmlClientMain.js:1:385058)
	at o.fire (/usr/lib/code-server/vendor/modules/code-oss-dev/extensions/html-language-features/client/dist/node/htmlClientMain.js:1:385819)
	at d.fireClose (/usr/lib/code-server/vendor/modules/code-oss-dev/extensions/html-language-features/client/dist/node/htmlClientMain.js:1:393700)
	at ChildProcess.<anonymous> (/usr/lib/code-server/vendor/modules/code-oss-dev/extensions/html-language-features/client/dist/node/htmlClientMain.js:1:404666)
	at ChildProcess.emit (events.js:412:35)
	at maybeClose (internal/child_process.js:1058:16)
	at Process.ChildProcess._handle.onexit (internal/child_process.js:293:5)
[Error - 5:28:30 PM] Request textDocument/signatureHelp failed.
Error: Connection got disposed.
	at Object.dispose (/usr/lib/code-server/vendor/modules/code-oss-dev/extensions/html-language-features/client/dist/node/htmlClientMain.js:1:383445)
	at Object.dispose (/usr/lib/code-server/vendor/modules/code-oss-dev/extensions/html-language-features/client/dist/node/htmlClientMain.js:1:463625)
	at T.handleConnectionClosed (/usr/lib/code-server/vendor/modules/code-oss-dev/extensions/html-language-features/client/dist/node/htmlClientMain.js:1:463838)
	at T.handleConnectionClosed (/usr/lib/code-server/vendor/modules/code-oss-dev/extensions/html-language-features/client/dist/node/htmlClientMain.js:1:524244)
	at t (/usr/lib/code-server/vendor/modules/code-oss-dev/extensions/html-language-features/client/dist/node/htmlClientMain.js:1:461927)
	at invoke (/usr/lib/code-server/vendor/modules/code-oss-dev/extensions/html-language-features/client/dist/node/htmlClientMain.js:1:385058)
	at o.fire (/usr/lib/code-server/vendor/modules/code-oss-dev/extensions/html-language-features/client/dist/node/htmlClientMain.js:1:385819)
	at Q (/usr/lib/code-server/vendor/modules/code-oss-dev/extensions/html-language-features/client/dist/node/htmlClientMain.js:1:372703)
	at invoke (/usr/lib/code-server/vendor/modules/code-oss-dev/extensions/html-language-features/client/dist/node/htmlClientMain.js:1:385058)
	at o.fire (/usr/lib/code-server/vendor/modules/code-oss-dev/extensions/html-language-features/client/dist/node/htmlClientMain.js:1:385819)
	at d.fireClose (/usr/lib/code-server/vendor/modules/code-oss-dev/extensions/html-language-features/client/dist/node/htmlClientMain.js:1:393700)
	at ChildProcess.<anonymous> (/usr/lib/code-server/vendor/modules/code-oss-dev/extensions/html-language-features/client/dist/node/htmlClientMain.js:1:404666)
	at ChildProcess.emit (events.js:412:35)
	at maybeClose (internal/child_process.js:1058:16)
	at Process.ChildProcess._handle.onexit (internal/child_process.js:293:5)
[Error - 5:28:30 PM] Request textDocument/foldingRange failed.
Error: Connection got disposed.
	at Object.dispose (/usr/lib/code-server/vendor/modules/code-oss-dev/extensions/html-language-features/client/dist/node/htmlClientMain.js:1:383445)
	at Object.dispose (/usr/lib/code-server/vendor/modules/code-oss-dev/extensions/html-language-features/client/dist/node/htmlClientMain.js:1:463625)
	at T.handleConnectionClosed (/usr/lib/code-server/vendor/modules/code-oss-dev/extensions/html-language-features/client/dist/node/htmlClientMain.js:1:463838)
	at T.handleConnectionClosed (/usr/lib/code-server/vendor/modules/code-oss-dev/extensions/html-language-features/client/dist/node/htmlClientMain.js:1:524244)
	at t (/usr/lib/code-server/vendor/modules/code-oss-dev/extensions/html-language-features/client/dist/node/htmlClientMain.js:1:461927)
	at invoke (/usr/lib/code-server/vendor/modules/code-oss-dev/extensions/html-language-features/client/dist/node/htmlClientMain.js:1:385058)
	at o.fire (/usr/lib/code-server/vendor/modules/code-oss-dev/extensions/html-language-features/client/dist/node/htmlClientMain.js:1:385819)
	at Q (/usr/lib/code-server/vendor/modules/code-oss-dev/extensions/html-language-features/client/dist/node/htmlClientMain.js:1:372703)
	at invoke (/usr/lib/code-server/vendor/modules/code-oss-dev/extensions/html-language-features/client/dist/node/htmlClientMain.js:1:385058)
	at o.fire (/usr/lib/code-server/vendor/modules/code-oss-dev/extensions/html-language-features/client/dist/node/htmlClientMain.js:1:385819)
	at d.fireClose (/usr/lib/code-server/vendor/modules/code-oss-dev/extensions/html-language-features/client/dist/node/htmlClientMain.js:1:393700)
	at ChildProcess.<anonymous> (/usr/lib/code-server/vendor/modules/code-oss-dev/extensions/html-language-features/client/dist/node/htmlClientMain.js:1:404666)
	at ChildProcess.emit (events.js:412:35)
	at maybeClose (internal/child_process.js:1058:16)
	at Process.ChildProcess._handle.onexit (internal/child_process.js:293:5)
[Error - 5:28:30 PM] Request textDocument/documentLink failed.
Error: Connection got disposed.
	at Object.dispose (/usr/lib/code-server/vendor/modules/code-oss-dev/extensions/html-language-features/client/dist/node/htmlClientMain.js:1:383445)
	at Object.dispose (/usr/lib/code-server/vendor/modules/code-oss-dev/extensions/html-language-features/client/dist/node/htmlClientMain.js:1:463625)
	at T.handleConnectionClosed (/usr/lib/code-server/vendor/modules/code-oss-dev/extensions/html-language-features/client/dist/node/htmlClientMain.js:1:463838)
	at T.handleConnectionClosed (/usr/lib/code-server/vendor/modules/code-oss-dev/extensions/html-language-features/client/dist/node/htmlClientMain.js:1:524244)
	at t (/usr/lib/code-server/vendor/modules/code-oss-dev/extensions/html-language-features/client/dist/node/htmlClientMain.js:1:461927)
	at invoke (/usr/lib/code-server/vendor/modules/code-oss-dev/extensions/html-language-features/client/dist/node/htmlClientMain.js:1:385058)
	at o.fire (/usr/lib/code-server/vendor/modules/code-oss-dev/extensions/html-language-features/client/dist/node/htmlClientMain.js:1:385819)
	at Q (/usr/lib/code-server/vendor/modules/code-oss-dev/extensions/html-language-features/client/dist/node/htmlClientMain.js:1:372703)
	at invoke (/usr/lib/code-server/vendor/modules/code-oss-dev/extensions/html-language-features/client/dist/node/htmlClientMain.js:1:385058)
	at o.fire (/usr/lib/code-server/vendor/modules/code-oss-dev/extensions/html-language-features/client/dist/node/htmlClientMain.js:1:385819)
	at d.fireClose (/usr/lib/code-server/vendor/modules/code-oss-dev/extensions/html-language-features/client/dist/node/htmlClientMain.js:1:393700)
	at ChildProcess.<anonymous> (/usr/lib/code-server/vendor/modules/code-oss-dev/extensions/html-language-features/client/dist/node/htmlClientMain.js:1:404666)
	at ChildProcess.emit (events.js:412:35)
	at maybeClose (internal/child_process.js:1058:16)
	at Process.ChildProcess._handle.onexit (internal/child_process.js:293:5)
[Error - 5:28:30 PM] Request textDocument/colorPresentation failed.
Error: Connection got disposed.
	at Object.dispose (/usr/lib/code-server/vendor/modules/code-oss-dev/extensions/html-language-features/client/dist/node/htmlClientMain.js:1:383445)
	at Object.dispose (/usr/lib/code-server/vendor/modules/code-oss-dev/extensions/html-language-features/client/dist/node/htmlClientMain.js:1:463625)
	at T.handleConnectionClosed (/usr/lib/code-server/vendor/modules/code-oss-dev/extensions/html-language-features/client/dist/node/htmlClientMain.js:1:463838)
	at T.handleConnectionClosed (/usr/lib/code-server/vendor/modules/code-oss-dev/extensions/html-language-features/client/dist/node/htmlClientMain.js:1:524244)
	at t (/usr/lib/code-server/vendor/modules/code-oss-dev/extensions/html-language-features/client/dist/node/htmlClientMain.js:1:461927)
	at invoke (/usr/lib/code-server/vendor/modules/code-oss-dev/extensions/html-language-features/client/dist/node/htmlClientMain.js:1:385058)
	at o.fire (/usr/lib/code-server/vendor/modules/code-oss-dev/extensions/html-language-features/client/dist/node/htmlClientMain.js:1:385819)
	at Q (/usr/lib/code-server/vendor/modules/code-oss-dev/extensions/html-language-features/client/dist/node/htmlClientMain.js:1:372703)
	at invoke (/usr/lib/code-server/vendor/modules/code-oss-dev/extensions/html-language-features/client/dist/node/htmlClientMain.js:1:385058)
	at o.fire (/usr/lib/code-server/vendor/modules/code-oss-dev/extensions/html-language-features/client/dist/node/htmlClientMain.js:1:385819)
	at d.fireClose (/usr/lib/code-server/vendor/modules/code-oss-dev/extensions/html-language-features/client/dist/node/htmlClientMain.js:1:393700)
	at ChildProcess.<anonymous> (/usr/lib/code-server/vendor/modules/code-oss-dev/extensions/html-language-features/client/dist/node/htmlClientMain.js:1:404666)
	at ChildProcess.emit (events.js:412:35)
	at maybeClose (internal/child_process.js:1058:16)
	at Process.ChildProcess._handle.onexit (internal/child_process.js:293:5)
[Error - 5:28:30 PM] Request textDocument/signatureHelp failed.
Error: Connection got disposed.
	at Object.dispose (/usr/lib/code-server/vendor/modules/code-oss-dev/extensions/html-language-features/client/dist/node/htmlClientMain.js:1:383445)
	at Object.dispose (/usr/lib/code-server/vendor/modules/code-oss-dev/extensions/html-language-features/client/dist/node/htmlClientMain.js:1:463625)
	at T.handleConnectionClosed (/usr/lib/code-server/vendor/modules/code-oss-dev/extensions/html-language-features/client/dist/node/htmlClientMain.js:1:463838)
	at T.handleConnectionClosed (/usr/lib/code-server/vendor/modules/code-oss-dev/extensions/html-language-features/client/dist/node/htmlClientMain.js:1:524244)
	at t (/usr/lib/code-server/vendor/modules/code-oss-dev/extensions/html-language-features/client/dist/node/htmlClientMain.js:1:461927)
	at invoke (/usr/lib/code-server/vendor/modules/code-oss-dev/extensions/html-language-features/client/dist/node/htmlClientMain.js:1:385058)
	at o.fire (/usr/lib/code-server/vendor/modules/code-oss-dev/extensions/html-language-features/client/dist/node/htmlClientMain.js:1:385819)
	at Q (/usr/lib/code-server/vendor/modules/code-oss-dev/extensions/html-language-features/client/dist/node/htmlClientMain.js:1:372703)
	at invoke (/usr/lib/code-server/vendor/modules/code-oss-dev/extensions/html-language-features/client/dist/node/htmlClientMain.js:1:385058)
	at o.fire (/usr/lib/code-server/vendor/modules/code-oss-dev/extensions/html-language-features/client/dist/node/htmlClientMain.js:1:385819)
	at d.fireClose (/usr/lib/code-server/vendor/modules/code-oss-dev/extensions/html-language-features/client/dist/node/htmlClientMain.js:1:393700)
	at ChildProcess.<anonymous> (/usr/lib/code-server/vendor/modules/code-oss-dev/extensions/html-language-features/client/dist/node/htmlClientMain.js:1:404666)
	at ChildProcess.emit (events.js:412:35)
	at maybeClose (internal/child_process.js:1058:16)
	at Process.ChildProcess._handle.onexit (internal/child_process.js:293:5)
[Error - 5:28:30 PM] Request textDocument/foldingRange failed.
Error: Connection got disposed.
	at Object.dispose (/usr/lib/code-server/vendor/modules/code-oss-dev/extensions/html-language-features/client/dist/node/htmlClientMain.js:1:383445)
	at Object.dispose (/usr/lib/code-server/vendor/modules/code-oss-dev/extensions/html-language-features/client/dist/node/htmlClientMain.js:1:463625)
	at T.handleConnectionClosed (/usr/lib/code-server/vendor/modules/code-oss-dev/extensions/html-language-features/client/dist/node/htmlClientMain.js:1:463838)
	at T.handleConnectionClosed (/usr/lib/code-server/vendor/modules/code-oss-dev/extensions/html-language-features/client/dist/node/htmlClientMain.js:1:524244)
	at t (/usr/lib/code-server/vendor/modules/code-oss-dev/extensions/html-language-features/client/dist/node/htmlClientMain.js:1:461927)
	at invoke (/usr/lib/code-server/vendor/modules/code-oss-dev/extensions/html-language-features/client/dist/node/htmlClientMain.js:1:385058)
	at o.fire (/usr/lib/code-server/vendor/modules/code-oss-dev/extensions/html-language-features/client/dist/node/htmlClientMain.js:1:385819)
	at Q (/usr/lib/code-server/vendor/modules/code-oss-dev/extensions/html-language-features/client/dist/node/htmlClientMain.js:1:372703)
	at invoke (/usr/lib/code-server/vendor/modules/code-oss-dev/extensions/html-language-features/client/dist/node/htmlClientMain.js:1:385058)
	at o.fire (/usr/lib/code-server/vendor/modules/code-oss-dev/extensions/html-language-features/client/dist/node/htmlClientMain.js:1:385819)
	at d.fireClose (/usr/lib/code-server/vendor/modules/code-oss-dev/extensions/html-language-features/client/dist/node/htmlClientMain.js:1:393700)
	at ChildProcess.<anonymous> (/usr/lib/code-server/vendor/modules/code-oss-dev/extensions/html-language-features/client/dist/node/htmlClientMain.js:1:404666)
	at ChildProcess.emit (events.js:412:35)
	at maybeClose (internal/child_process.js:1058:16)
	at Process.ChildProcess._handle.onexit (internal/child_process.js:293:5)
[Error - 5:28:30 PM] Request textDocument/documentSymbol failed.
Error: Connection got disposed.
	at Object.dispose (/usr/lib/code-server/vendor/modules/code-oss-dev/extensions/html-language-features/client/dist/node/htmlClientMain.js:1:383445)
	at Object.dispose (/usr/lib/code-server/vendor/modules/code-oss-dev/extensions/html-language-features/client/dist/node/htmlClientMain.js:1:463625)
	at T.handleConnectionClosed (/usr/lib/code-server/vendor/modules/code-oss-dev/extensions/html-language-features/client/dist/node/htmlClientMain.js:1:463838)
	at T.handleConnectionClosed (/usr/lib/code-server/vendor/modules/code-oss-dev/extensions/html-language-features/client/dist/node/htmlClientMain.js:1:524244)
	at t (/usr/lib/code-server/vendor/modules/code-oss-dev/extensions/html-language-features/client/dist/node/htmlClientMain.js:1:461927)
	at invoke (/usr/lib/code-server/vendor/modules/code-oss-dev/extensions/html-language-features/client/dist/node/htmlClientMain.js:1:385058)
	at o.fire (/usr/lib/code-server/vendor/modules/code-oss-dev/extensions/html-language-features/client/dist/node/htmlClientMain.js:1:385819)
	at Q (/usr/lib/code-server/vendor/modules/code-oss-dev/extensions/html-language-features/client/dist/node/htmlClientMain.js:1:372703)
	at invoke (/usr/lib/code-server/vendor/modules/code-oss-dev/extensions/html-language-features/client/dist/node/htmlClientMain.js:1:385058)
	at o.fire (/usr/lib/code-server/vendor/modules/code-oss-dev/extensions/html-language-features/client/dist/node/htmlClientMain.js:1:385819)
	at d.fireClose (/usr/lib/code-server/vendor/modules/code-oss-dev/extensions/html-language-features/client/dist/node/htmlClientMain.js:1:393700)
	at ChildProcess.<anonymous> (/usr/lib/code-server/vendor/modules/code-oss-dev/extensions/html-language-features/client/dist/node/htmlClientMain.js:1:404666)
	at ChildProcess.emit (events.js:412:35)
	at maybeClose (internal/child_process.js:1058:16)
	at Process.ChildProcess._handle.onexit (internal/child_process.js:293:5)
[Info  - 5:39:31 PM] Connection to server got closed. Server will restart.
[Error - 5:39:31 PM] Request textDocument/foldingRange failed.
Error: Connection got disposed.
	at Object.dispose (/usr/lib/code-server/vendor/modules/code-oss-dev/extensions/html-language-features/client/dist/node/htmlClientMain.js:1:383445)
	at Object.dispose (/usr/lib/code-server/vendor/modules/code-oss-dev/extensions/html-language-features/client/dist/node/htmlClientMain.js:1:463625)
	at T.handleConnectionClosed (/usr/lib/code-server/vendor/modules/code-oss-dev/extensions/html-language-features/client/dist/node/htmlClientMain.js:1:463838)
	at T.handleConnectionClosed (/usr/lib/code-server/vendor/modules/code-oss-dev/extensions/html-language-features/client/dist/node/htmlClientMain.js:1:524244)
	at t (/usr/lib/code-server/vendor/modules/code-oss-dev/extensions/html-language-features/client/dist/node/htmlClientMain.js:1:461927)
	at invoke (/usr/lib/code-server/vendor/modules/code-oss-dev/extensions/html-language-features/client/dist/node/htmlClientMain.js:1:385058)
	at o.fire (/usr/lib/code-server/vendor/modules/code-oss-dev/extensions/html-language-features/client/dist/node/htmlClientMain.js:1:385819)
	at Q (/usr/lib/code-server/vendor/modules/code-oss-dev/extensions/html-language-features/client/dist/node/htmlClientMain.js:1:372703)
	at invoke (/usr/lib/code-server/vendor/modules/code-oss-dev/extensions/html-language-features/client/dist/node/htmlClientMain.js:1:385058)
	at o.fire (/usr/lib/code-server/vendor/modules/code-oss-dev/extensions/html-language-features/client/dist/node/htmlClientMain.js:1:385819)
	at d.fireClose (/usr/lib/code-server/vendor/modules/code-oss-dev/extensions/html-language-features/client/dist/node/htmlClientMain.js:1:393700)
	at ChildProcess.<anonymous> (/usr/lib/code-server/vendor/modules/code-oss-dev/extensions/html-language-features/client/dist/node/htmlClientMain.js:1:404666)
	at ChildProcess.emit (events.js:412:35)
	at maybeClose (internal/child_process.js:1058:16)
	at Process.ChildProcess._handle.onexit (internal/child_process.js:293:5)
[Error - 5:39:31 PM] Request textDocument/foldingRange failed.
Error: Connection got disposed.
	at Object.dispose (/usr/lib/code-server/vendor/modules/code-oss-dev/extensions/html-language-features/client/dist/node/htmlClientMain.js:1:383445)
	at Object.dispose (/usr/lib/code-server/vendor/modules/code-oss-dev/extensions/html-language-features/client/dist/node/htmlClientMain.js:1:463625)
	at T.handleConnectionClosed (/usr/lib/code-server/vendor/modules/code-oss-dev/extensions/html-language-features/client/dist/node/htmlClientMain.js:1:463838)
	at T.handleConnectionClosed (/usr/lib/code-server/vendor/modules/code-oss-dev/extensions/html-language-features/client/dist/node/htmlClientMain.js:1:524244)
	at t (/usr/lib/code-server/vendor/modules/code-oss-dev/extensions/html-language-features/client/dist/node/htmlClientMain.js:1:461927)
	at invoke (/usr/lib/code-server/vendor/modules/code-oss-dev/extensions/html-language-features/client/dist/node/htmlClientMain.js:1:385058)
	at o.fire (/usr/lib/code-server/vendor/modules/code-oss-dev/extensions/html-language-features/client/dist/node/htmlClientMain.js:1:385819)
	at Q (/usr/lib/code-server/vendor/modules/code-oss-dev/extensions/html-language-features/client/dist/node/htmlClientMain.js:1:372703)
	at invoke (/usr/lib/code-server/vendor/modules/code-oss-dev/extensions/html-language-features/client/dist/node/htmlClientMain.js:1:385058)
	at o.fire (/usr/lib/code-server/vendor/modules/code-oss-dev/extensions/html-language-features/client/dist/node/htmlClientMain.js:1:385819)
	at d.fireClose (/usr/lib/code-server/vendor/modules/code-oss-dev/extensions/html-language-features/client/dist/node/htmlClientMain.js:1:393700)
	at ChildProcess.<anonymous> (/usr/lib/code-server/vendor/modules/code-oss-dev/extensions/html-language-features/client/dist/node/htmlClientMain.js:1:404666)
	at ChildProcess.emit (events.js:412:35)
	at maybeClose (internal/child_process.js:1058:16)
	at Process.ChildProcess._handle.onexit (internal/child_process.js:293:5)
[Info  - 5:58:37 PM] Connection to server got closed. Server will restart.
[Error - 5:58:37 PM] Request textDocument/definition failed.
Error: Connection got disposed.
	at Object.dispose (/usr/lib/code-server/vendor/modules/code-oss-dev/extensions/html-language-features/client/dist/node/htmlClientMain.js:1:383445)
	at Object.dispose (/usr/lib/code-server/vendor/modules/code-oss-dev/extensions/html-language-features/client/dist/node/htmlClientMain.js:1:463625)
	at T.handleConnectionClosed (/usr/lib/code-server/vendor/modules/code-oss-dev/extensions/html-language-features/client/dist/node/htmlClientMain.js:1:463838)
	at T.handleConnectionClosed (/usr/lib/code-server/vendor/modules/code-oss-dev/extensions/html-language-features/client/dist/node/htmlClientMain.js:1:524244)
	at t (/usr/lib/code-server/vendor/modules/code-oss-dev/extensions/html-language-features/client/dist/node/htmlClientMain.js:1:461927)
	at invoke (/usr/lib/code-server/vendor/modules/code-oss-dev/extensions/html-language-features/client/dist/node/htmlClientMain.js:1:385058)
	at o.fire (/usr/lib/code-server/vendor/modules/code-oss-dev/extensions/html-language-features/client/dist/node/htmlClientMain.js:1:385819)
	at Q (/usr/lib/code-server/vendor/modules/code-oss-dev/extensions/html-language-features/client/dist/node/htmlClientMain.js:1:372703)
	at invoke (/usr/lib/code-server/vendor/modules/code-oss-dev/extensions/html-language-features/client/dist/node/htmlClientMain.js:1:385058)
	at o.fire (/usr/lib/code-server/vendor/modules/code-oss-dev/extensions/html-language-features/client/dist/node/htmlClientMain.js:1:385819)
	at d.fireClose (/usr/lib/code-server/vendor/modules/code-oss-dev/extensions/html-language-features/client/dist/node/htmlClientMain.js:1:393700)
	at ChildProcess.<anonymous> (/usr/lib/code-server/vendor/modules/code-oss-dev/extensions/html-language-features/client/dist/node/htmlClientMain.js:1:404666)
	at ChildProcess.emit (events.js:412:35)
	at maybeClose (internal/child_process.js:1058:16)
	at Process.ChildProcess._handle.onexit (internal/child_process.js:293:5)
[Info  - 6:04:13 PM] Connection to server got closed. Server will restart.
[Error - 6:04:13 PM] Request textDocument/documentLink failed.
Error: Connection got disposed.
	at Object.dispose (/usr/lib/code-server/vendor/modules/code-oss-dev/extensions/html-language-features/client/dist/node/htmlClientMain.js:1:383445)
	at Object.dispose (/usr/lib/code-server/vendor/modules/code-oss-dev/extensions/html-language-features/client/dist/node/htmlClientMain.js:1:463625)
	at T.handleConnectionClosed (/usr/lib/code-server/vendor/modules/code-oss-dev/extensions/html-language-features/client/dist/node/htmlClientMain.js:1:463838)
	at T.handleConnectionClosed (/usr/lib/code-server/vendor/modules/code-oss-dev/extensions/html-language-features/client/dist/node/htmlClientMain.js:1:524244)
	at t (/usr/lib/code-server/vendor/modules/code-oss-dev/extensions/html-language-features/client/dist/node/htmlClientMain.js:1:461927)
	at invoke (/usr/lib/code-server/vendor/modules/code-oss-dev/extensions/html-language-features/client/dist/node/htmlClientMain.js:1:385058)
	at o.fire (/usr/lib/code-server/vendor/modules/code-oss-dev/extensions/html-language-features/client/dist/node/htmlClientMain.js:1:385819)
	at Q (/usr/lib/code-server/vendor/modules/code-oss-dev/extensions/html-language-features/client/dist/node/htmlClientMain.js:1:372703)
	at invoke (/usr/lib/code-server/vendor/modules/code-oss-dev/extensions/html-language-features/client/dist/node/htmlClientMain.js:1:385058)
	at o.fire (/usr/lib/code-server/vendor/modules/code-oss-dev/extensions/html-language-features/client/dist/node/htmlClientMain.js:1:385819)
	at d.fireClose (/usr/lib/code-server/vendor/modules/code-oss-dev/extensions/html-language-features/client/dist/node/htmlClientMain.js:1:393700)
	at ChildProcess.<anonymous> (/usr/lib/code-server/vendor/modules/code-oss-dev/extensions/html-language-features/client/dist/node/htmlClientMain.js:1:404666)
	at ChildProcess.emit (events.js:412:35)
	at maybeClose (internal/child_process.js:1058:16)
	at Process.ChildProcess._handle.onexit (internal/child_process.js:293:5)
[Error - 6:04:13 PM] Request textDocument/colorPresentation failed.
Error: Connection got disposed.
	at Object.dispose (/usr/lib/code-server/vendor/modules/code-oss-dev/extensions/html-language-features/client/dist/node/htmlClientMain.js:1:383445)
	at Object.dispose (/usr/lib/code-server/vendor/modules/code-oss-dev/extensions/html-language-features/client/dist/node/htmlClientMain.js:1:463625)
	at T.handleConnectionClosed (/usr/lib/code-server/vendor/modules/code-oss-dev/extensions/html-language-features/client/dist/node/htmlClientMain.js:1:463838)
	at T.handleConnectionClosed (/usr/lib/code-server/vendor/modules/code-oss-dev/extensions/html-language-features/client/dist/node/htmlClientMain.js:1:524244)
	at t (/usr/lib/code-server/vendor/modules/code-oss-dev/extensions/html-language-features/client/dist/node/htmlClientMain.js:1:461927)
	at invoke (/usr/lib/code-server/vendor/modules/code-oss-dev/extensions/html-language-features/client/dist/node/htmlClientMain.js:1:385058)
	at o.fire (/usr/lib/code-server/vendor/modules/code-oss-dev/extensions/html-language-features/client/dist/node/htmlClientMain.js:1:385819)
	at Q (/usr/lib/code-server/vendor/modules/code-oss-dev/extensions/html-language-features/client/dist/node/htmlClientMain.js:1:372703)
	at invoke (/usr/lib/code-server/vendor/modules/code-oss-dev/extensions/html-language-features/client/dist/node/htmlClientMain.js:1:385058)
	at o.fire (/usr/lib/code-server/vendor/modules/code-oss-dev/extensions/html-language-features/client/dist/node/htmlClientMain.js:1:385819)
	at d.fireClose (/usr/lib/code-server/vendor/modules/code-oss-dev/extensions/html-language-features/client/dist/node/htmlClientMain.js:1:393700)
	at ChildProcess.<anonymous> (/usr/lib/code-server/vendor/modules/code-oss-dev/extensions/html-language-features/client/dist/node/htmlClientMain.js:1:404666)
	at ChildProcess.emit (events.js:412:35)
	at maybeClose (internal/child_process.js:1058:16)
	at Process.ChildProcess._handle.onexit (internal/child_process.js:293:5)
[Error - 6:04:13 PM] Request textDocument/signatureHelp failed.
Error: Connection got disposed.
	at Object.dispose (/usr/lib/code-server/vendor/modules/code-oss-dev/extensions/html-language-features/client/dist/node/htmlClientMain.js:1:383445)
	at Object.dispose (/usr/lib/code-server/vendor/modules/code-oss-dev/extensions/html-language-features/client/dist/node/htmlClientMain.js:1:463625)
	at T.handleConnectionClosed (/usr/lib/code-server/vendor/modules/code-oss-dev/extensions/html-language-features/client/dist/node/htmlClientMain.js:1:463838)
	at T.handleConnectionClosed (/usr/lib/code-server/vendor/modules/code-oss-dev/extensions/html-language-features/client/dist/node/htmlClientMain.js:1:524244)
	at t (/usr/lib/code-server/vendor/modules/code-oss-dev/extensions/html-language-features/client/dist/node/htmlClientMain.js:1:461927)
	at invoke (/usr/lib/code-server/vendor/modules/code-oss-dev/extensions/html-language-features/client/dist/node/htmlClientMain.js:1:385058)
	at o.fire (/usr/lib/code-server/vendor/modules/code-oss-dev/extensions/html-language-features/client/dist/node/htmlClientMain.js:1:385819)
	at Q (/usr/lib/code-server/vendor/modules/code-oss-dev/extensions/html-language-features/client/dist/node/htmlClientMain.js:1:372703)
	at invoke (/usr/lib/code-server/vendor/modules/code-oss-dev/extensions/html-language-features/client/dist/node/htmlClientMain.js:1:385058)
	at o.fire (/usr/lib/code-server/vendor/modules/code-oss-dev/extensions/html-language-features/client/dist/node/htmlClientMain.js:1:385819)
	at d.fireClose (/usr/lib/code-server/vendor/modules/code-oss-dev/extensions/html-language-features/client/dist/node/htmlClientMain.js:1:393700)
	at ChildProcess.<anonymous> (/usr/lib/code-server/vendor/modules/code-oss-dev/extensions/html-language-features/client/dist/node/htmlClientMain.js:1:404666)
	at ChildProcess.emit (events.js:412:35)
	at maybeClose (internal/child_process.js:1058:16)
	at Process.ChildProcess._handle.onexit (internal/child_process.js:293:5)
[Error - 6:04:13 PM] Request textDocument/signatureHelp failed.
Error: Connection got disposed.
	at Object.dispose (/usr/lib/code-server/vendor/modules/code-oss-dev/extensions/html-language-features/client/dist/node/htmlClientMain.js:1:383445)
	at Object.dispose (/usr/lib/code-server/vendor/modules/code-oss-dev/extensions/html-language-features/client/dist/node/htmlClientMain.js:1:463625)
	at T.handleConnectionClosed (/usr/lib/code-server/vendor/modules/code-oss-dev/extensions/html-language-features/client/dist/node/htmlClientMain.js:1:463838)
	at T.handleConnectionClosed (/usr/lib/code-server/vendor/modules/code-oss-dev/extensions/html-language-features/client/dist/node/htmlClientMain.js:1:524244)
	at t (/usr/lib/code-server/vendor/modules/code-oss-dev/extensions/html-language-features/client/dist/node/htmlClientMain.js:1:461927)
	at invoke (/usr/lib/code-server/vendor/modules/code-oss-dev/extensions/html-language-features/client/dist/node/htmlClientMain.js:1:385058)
	at o.fire (/usr/lib/code-server/vendor/modules/code-oss-dev/extensions/html-language-features/client/dist/node/htmlClientMain.js:1:385819)
	at Q (/usr/lib/code-server/vendor/modules/code-oss-dev/extensions/html-language-features/client/dist/node/htmlClientMain.js:1:372703)
	at invoke (/usr/lib/code-server/vendor/modules/code-oss-dev/extensions/html-language-features/client/dist/node/htmlClientMain.js:1:385058)
	at o.fire (/usr/lib/code-server/vendor/modules/code-oss-dev/extensions/html-language-features/client/dist/node/htmlClientMain.js:1:385819)
	at d.fireClose (/usr/lib/code-server/vendor/modules/code-oss-dev/extensions/html-language-features/client/dist/node/htmlClientMain.js:1:393700)
	at ChildProcess.<anonymous> (/usr/lib/code-server/vendor/modules/code-oss-dev/extensions/html-language-features/client/dist/node/htmlClientMain.js:1:404666)
	at ChildProcess.emit (events.js:412:35)
	at maybeClose (internal/child_process.js:1058:16)
	at Process.ChildProcess._handle.onexit (internal/child_process.js:293:5)
[Error - 6:04:13 PM] Request textDocument/foldingRange failed.
Error: Connection got disposed.
	at Object.dispose (/usr/lib/code-server/vendor/modules/code-oss-dev/extensions/html-language-features/client/dist/node/htmlClientMain.js:1:383445)
	at Object.dispose (/usr/lib/code-server/vendor/modules/code-oss-dev/extensions/html-language-features/client/dist/node/htmlClientMain.js:1:463625)
	at T.handleConnectionClosed (/usr/lib/code-server/vendor/modules/code-oss-dev/extensions/html-language-features/client/dist/node/htmlClientMain.js:1:463838)
	at T.handleConnectionClosed (/usr/lib/code-server/vendor/modules/code-oss-dev/extensions/html-language-features/client/dist/node/htmlClientMain.js:1:524244)
	at t (/usr/lib/code-server/vendor/modules/code-oss-dev/extensions/html-language-features/client/dist/node/htmlClientMain.js:1:461927)
	at invoke (/usr/lib/code-server/vendor/modules/code-oss-dev/extensions/html-language-features/client/dist/node/htmlClientMain.js:1:385058)
	at o.fire (/usr/lib/code-server/vendor/modules/code-oss-dev/extensions/html-language-features/client/dist/node/htmlClientMain.js:1:385819)
	at Q (/usr/lib/code-server/vendor/modules/code-oss-dev/extensions/html-language-features/client/dist/node/htmlClientMain.js:1:372703)
	at invoke (/usr/lib/code-server/vendor/modules/code-oss-dev/extensions/html-language-features/client/dist/node/htmlClientMain.js:1:385058)
	at o.fire (/usr/lib/code-server/vendor/modules/code-oss-dev/extensions/html-language-features/client/dist/node/htmlClientMain.js:1:385819)
	at d.fireClose (/usr/lib/code-server/vendor/modules/code-oss-dev/extensions/html-language-features/client/dist/node/htmlClientMain.js:1:393700)
	at ChildProcess.<anonymous> (/usr/lib/code-server/vendor/modules/code-oss-dev/extensions/html-language-features/client/dist/node/htmlClientMain.js:1:404666)
	at ChildProcess.emit (events.js:412:35)
	at maybeClose (internal/child_process.js:1058:16)
	at Process.ChildProcess._handle.onexit (internal/child_process.js:293:5)
[Error - 6:04:13 PM] Request textDocument/documentSymbol failed.
Error: Connection got disposed.
	at Object.dispose (/usr/lib/code-server/vendor/modules/code-oss-dev/extensions/html-language-features/client/dist/node/htmlClientMain.js:1:383445)
	at Object.dispose (/usr/lib/code-server/vendor/modules/code-oss-dev/extensions/html-language-features/client/dist/node/htmlClientMain.js:1:463625)
	at T.handleConnectionClosed (/usr/lib/code-server/vendor/modules/code-oss-dev/extensions/html-language-features/client/dist/node/htmlClientMain.js:1:463838)
	at T.handleConnectionClosed (/usr/lib/code-server/vendor/modules/code-oss-dev/extensions/html-language-features/client/dist/node/htmlClientMain.js:1:524244)
	at t (/usr/lib/code-server/vendor/modules/code-oss-dev/extensions/html-language-features/client/dist/node/htmlClientMain.js:1:461927)
	at invoke (/usr/lib/code-server/vendor/modules/code-oss-dev/extensions/html-language-features/client/dist/node/htmlClientMain.js:1:385058)
	at o.fire (/usr/lib/code-server/vendor/modules/code-oss-dev/extensions/html-language-features/client/dist/node/htmlClientMain.js:1:385819)
	at Q (/usr/lib/code-server/vendor/modules/code-oss-dev/extensions/html-language-features/client/dist/node/htmlClientMain.js:1:372703)
	at invoke (/usr/lib/code-server/vendor/modules/code-oss-dev/extensions/html-language-features/client/dist/node/htmlClientMain.js:1:385058)
	at o.fire (/usr/lib/code-server/vendor/modules/code-oss-dev/extensions/html-language-features/client/dist/node/htmlClientMain.js:1:385819)
	at d.fireClose (/usr/lib/code-server/vendor/modules/code-oss-dev/extensions/html-language-features/client/dist/node/htmlClientMain.js:1:393700)
	at ChildProcess.<anonymous> (/usr/lib/code-server/vendor/modules/code-oss-dev/extensions/html-language-features/client/dist/node/htmlClientMain.js:1:404666)
	at ChildProcess.emit (events.js:412:35)
	at maybeClose (internal/child_process.js:1058:16)
	at Process.ChildProcess._handle.onexit (internal/child_process.js:293:5)
[Error - 6:04:13 PM] Request textDocument/documentLink failed.
Error: Connection got disposed.
	at Object.dispose (/usr/lib/code-server/vendor/modules/code-oss-dev/extensions/html-language-features/client/dist/node/htmlClientMain.js:1:383445)
	at Object.dispose (/usr/lib/code-server/vendor/modules/code-oss-dev/extensions/html-language-features/client/dist/node/htmlClientMain.js:1:463625)
	at T.handleConnectionClosed (/usr/lib/code-server/vendor/modules/code-oss-dev/extensions/html-language-features/client/dist/node/htmlClientMain.js:1:463838)
	at T.handleConnectionClosed (/usr/lib/code-server/vendor/modules/code-oss-dev/extensions/html-language-features/client/dist/node/htmlClientMain.js:1:524244)
	at t (/usr/lib/code-server/vendor/modules/code-oss-dev/extensions/html-language-features/client/dist/node/htmlClientMain.js:1:461927)
	at invoke (/usr/lib/code-server/vendor/modules/code-oss-dev/extensions/html-language-features/client/dist/node/htmlClientMain.js:1:385058)
	at o.fire (/usr/lib/code-server/vendor/modules/code-oss-dev/extensions/html-language-features/client/dist/node/htmlClientMain.js:1:385819)
	at Q (/usr/lib/code-server/vendor/modules/code-oss-dev/extensions/html-language-features/client/dist/node/htmlClientMain.js:1:372703)
	at invoke (/usr/lib/code-server/vendor/modules/code-oss-dev/extensions/html-language-features/client/dist/node/htmlClientMain.js:1:385058)
	at o.fire (/usr/lib/code-server/vendor/modules/code-oss-dev/extensions/html-language-features/client/dist/node/htmlClientMain.js:1:385819)
	at d.fireClose (/usr/lib/code-server/vendor/modules/code-oss-dev/extensions/html-language-features/client/dist/node/htmlClientMain.js:1:393700)
	at ChildProcess.<anonymous> (/usr/lib/code-server/vendor/modules/code-oss-dev/extensions/html-language-features/client/dist/node/htmlClientMain.js:1:404666)
	at ChildProcess.emit (events.js:412:35)
	at maybeClose (internal/child_process.js:1058:16)
	at Process.ChildProcess._handle.onexit (internal/child_process.js:293:5)
[Error - 6:04:13 PM] Request textDocument/colorPresentation failed.
Error: Connection got disposed.
	at Object.dispose (/usr/lib/code-server/vendor/modules/code-oss-dev/extensions/html-language-features/client/dist/node/htmlClientMain.js:1:383445)
	at Object.dispose (/usr/lib/code-server/vendor/modules/code-oss-dev/extensions/html-language-features/client/dist/node/htmlClientMain.js:1:463625)
	at T.handleConnectionClosed (/usr/lib/code-server/vendor/modules/code-oss-dev/extensions/html-language-features/client/dist/node/htmlClientMain.js:1:463838)
	at T.handleConnectionClosed (/usr/lib/code-server/vendor/modules/code-oss-dev/extensions/html-language-features/client/dist/node/htmlClientMain.js:1:524244)
	at t (/usr/lib/code-server/vendor/modules/code-oss-dev/extensions/html-language-features/client/dist/node/htmlClientMain.js:1:461927)
	at invoke (/usr/lib/code-server/vendor/modules/code-oss-dev/extensions/html-language-features/client/dist/node/htmlClientMain.js:1:385058)
	at o.fire (/usr/lib/code-server/vendor/modules/code-oss-dev/extensions/html-language-features/client/dist/node/htmlClientMain.js:1:385819)
	at Q (/usr/lib/code-server/vendor/modules/code-oss-dev/extensions/html-language-features/client/dist/node/htmlClientMain.js:1:372703)
	at invoke (/usr/lib/code-server/vendor/modules/code-oss-dev/extensions/html-language-features/client/dist/node/htmlClientMain.js:1:385058)
	at o.fire (/usr/lib/code-server/vendor/modules/code-oss-dev/extensions/html-language-features/client/dist/node/htmlClientMain.js:1:385819)
	at d.fireClose (/usr/lib/code-server/vendor/modules/code-oss-dev/extensions/html-language-features/client/dist/node/htmlClientMain.js:1:393700)
	at ChildProcess.<anonymous> (/usr/lib/code-server/vendor/modules/code-oss-dev/extensions/html-language-features/client/dist/node/htmlClientMain.js:1:404666)
	at ChildProcess.emit (events.js:412:35)
	at maybeClose (internal/child_process.js:1058:16)
	at Process.ChildProcess._handle.onexit (internal/child_process.js:293:5)
[Info  - 6:26:04 PM] Connection to server got closed. Server will restart.
[Error - 6:26:04 PM] Request textDocument/foldingRange failed.
Error: Connection got disposed.
	at Object.dispose (/usr/lib/code-server/vendor/modules/code-oss-dev/extensions/html-language-features/client/dist/node/htmlClientMain.js:1:383445)
	at Object.dispose (/usr/lib/code-server/vendor/modules/code-oss-dev/extensions/html-language-features/client/dist/node/htmlClientMain.js:1:463625)
	at T.handleConnectionClosed (/usr/lib/code-server/vendor/modules/code-oss-dev/extensions/html-language-features/client/dist/node/htmlClientMain.js:1:463838)
	at T.handleConnectionClosed (/usr/lib/code-server/vendor/modules/code-oss-dev/extensions/html-language-features/client/dist/node/htmlClientMain.js:1:524244)
	at t (/usr/lib/code-server/vendor/modules/code-oss-dev/extensions/html-language-features/client/dist/node/htmlClientMain.js:1:461927)
	at invoke (/usr/lib/code-server/vendor/modules/code-oss-dev/extensions/html-language-features/client/dist/node/htmlClientMain.js:1:385058)
	at o.fire (/usr/lib/code-server/vendor/modules/code-oss-dev/extensions/html-language-features/client/dist/node/htmlClientMain.js:1:385819)
	at Q (/usr/lib/code-server/vendor/modules/code-oss-dev/extensions/html-language-features/client/dist/node/htmlClientMain.js:1:372703)
	at invoke (/usr/lib/code-server/vendor/modules/code-oss-dev/extensions/html-language-features/client/dist/node/htmlClientMain.js:1:385058)
	at o.fire (/usr/lib/code-server/vendor/modules/code-oss-dev/extensions/html-language-features/client/dist/node/htmlClientMain.js:1:385819)
	at d.fireClose (/usr/lib/code-server/vendor/modules/code-oss-dev/extensions/html-language-features/client/dist/node/htmlClientMain.js:1:393700)
	at ChildProcess.<anonymous> (/usr/lib/code-server/vendor/modules/code-oss-dev/extensions/html-language-features/client/dist/node/htmlClientMain.js:1:404666)
	at ChildProcess.emit (events.js:412:35)
	at maybeClose (internal/child_process.js:1058:16)
	at Process.ChildProcess._handle.onexit (internal/child_process.js:293:5)
[Error - 6:26:04 PM] Request textDocument/documentSymbol failed.
Error: Connection got disposed.
	at Object.dispose (/usr/lib/code-server/vendor/modules/code-oss-dev/extensions/html-language-features/client/dist/node/htmlClientMain.js:1:383445)
	at Object.dispose (/usr/lib/code-server/vendor/modules/code-oss-dev/extensions/html-language-features/client/dist/node/htmlClientMain.js:1:463625)
	at T.handleConnectionClosed (/usr/lib/code-server/vendor/modules/code-oss-dev/extensions/html-language-features/client/dist/node/htmlClientMain.js:1:463838)
	at T.handleConnectionClosed (/usr/lib/code-server/vendor/modules/code-oss-dev/extensions/html-language-features/client/dist/node/htmlClientMain.js:1:524244)
	at t (/usr/lib/code-server/vendor/modules/code-oss-dev/extensions/html-language-features/client/dist/node/htmlClientMain.js:1:461927)
	at invoke (/usr/lib/code-server/vendor/modules/code-oss-dev/extensions/html-language-features/client/dist/node/htmlClientMain.js:1:385058)
	at o.fire (/usr/lib/code-server/vendor/modules/code-oss-dev/extensions/html-language-features/client/dist/node/htmlClientMain.js:1:385819)
	at Q (/usr/lib/code-server/vendor/modules/code-oss-dev/extensions/html-language-features/client/dist/node/htmlClientMain.js:1:372703)
	at invoke (/usr/lib/code-server/vendor/modules/code-oss-dev/extensions/html-language-features/client/dist/node/htmlClientMain.js:1:385058)
	at o.fire (/usr/lib/code-server/vendor/modules/code-oss-dev/extensions/html-language-features/client/dist/node/htmlClientMain.js:1:385819)
	at d.fireClose (/usr/lib/code-server/vendor/modules/code-oss-dev/extensions/html-language-features/client/dist/node/htmlClientMain.js:1:393700)
	at ChildProcess.<anonymous> (/usr/lib/code-server/vendor/modules/code-oss-dev/extensions/html-language-features/client/dist/node/htmlClientMain.js:1:404666)
	at ChildProcess.emit (events.js:412:35)
	at maybeClose (internal/child_process.js:1058:16)
	at Process.ChildProcess._handle.onexit (internal/child_process.js:293:5)
[Error - 6:26:04 PM] Request textDocument/hover failed.
Error: Connection got disposed.
	at Object.dispose (/usr/lib/code-server/vendor/modules/code-oss-dev/extensions/html-language-features/client/dist/node/htmlClientMain.js:1:383445)
	at Object.dispose (/usr/lib/code-server/vendor/modules/code-oss-dev/extensions/html-language-features/client/dist/node/htmlClientMain.js:1:463625)
	at T.handleConnectionClosed (/usr/lib/code-server/vendor/modules/code-oss-dev/extensions/html-language-features/client/dist/node/htmlClientMain.js:1:463838)
	at T.handleConnectionClosed (/usr/lib/code-server/vendor/modules/code-oss-dev/extensions/html-language-features/client/dist/node/htmlClientMain.js:1:524244)
	at t (/usr/lib/code-server/vendor/modules/code-oss-dev/extensions/html-language-features/client/dist/node/htmlClientMain.js:1:461927)
	at invoke (/usr/lib/code-server/vendor/modules/code-oss-dev/extensions/html-language-features/client/dist/node/htmlClientMain.js:1:385058)
	at o.fire (/usr/lib/code-server/vendor/modules/code-oss-dev/extensions/html-language-features/client/dist/node/htmlClientMain.js:1:385819)
	at Q (/usr/lib/code-server/vendor/modules/code-oss-dev/extensions/html-language-features/client/dist/node/htmlClientMain.js:1:372703)
	at invoke (/usr/lib/code-server/vendor/modules/code-oss-dev/extensions/html-language-features/client/dist/node/htmlClientMain.js:1:385058)
	at o.fire (/usr/lib/code-server/vendor/modules/code-oss-dev/extensions/html-language-features/client/dist/node/htmlClientMain.js:1:385819)
	at d.fireClose (/usr/lib/code-server/vendor/modules/code-oss-dev/extensions/html-language-features/client/dist/node/htmlClientMain.js:1:393700)
	at ChildProcess.<anonymous> (/usr/lib/code-server/vendor/modules/code-oss-dev/extensions/html-language-features/client/dist/node/htmlClientMain.js:1:404666)
	at ChildProcess.emit (events.js:412:35)
	at maybeClose (internal/child_process.js:1058:16)
	at Process.ChildProcess._handle.onexit (internal/child_process.js:293:5)
[Error - 6:26:04 PM] Request textDocument/documentHighlight failed.
Error: Connection got disposed.
	at Object.dispose (/usr/lib/code-server/vendor/modules/code-oss-dev/extensions/html-language-features/client/dist/node/htmlClientMain.js:1:383445)
	at Object.dispose (/usr/lib/code-server/vendor/modules/code-oss-dev/extensions/html-language-features/client/dist/node/htmlClientMain.js:1:463625)
	at T.handleConnectionClosed (/usr/lib/code-server/vendor/modules/code-oss-dev/extensions/html-language-features/client/dist/node/htmlClientMain.js:1:463838)
	at T.handleConnectionClosed (/usr/lib/code-server/vendor/modules/code-oss-dev/extensions/html-language-features/client/dist/node/htmlClientMain.js:1:524244)
	at t (/usr/lib/code-server/vendor/modules/code-oss-dev/extensions/html-language-features/client/dist/node/htmlClientMain.js:1:461927)
	at invoke (/usr/lib/code-server/vendor/modules/code-oss-dev/extensions/html-language-features/client/dist/node/htmlClientMain.js:1:385058)
	at o.fire (/usr/lib/code-server/vendor/modules/code-oss-dev/extensions/html-language-features/client/dist/node/htmlClientMain.js:1:385819)
	at Q (/usr/lib/code-server/vendor/modules/code-oss-dev/extensions/html-language-features/client/dist/node/htmlClientMain.js:1:372703)
	at invoke (/usr/lib/code-server/vendor/modules/code-oss-dev/extensions/html-language-features/client/dist/node/htmlClientMain.js:1:385058)
	at o.fire (/usr/lib/code-server/vendor/modules/code-oss-dev/extensions/html-language-features/client/dist/node/htmlClientMain.js:1:385819)
	at d.fireClose (/usr/lib/code-server/vendor/modules/code-oss-dev/extensions/html-language-features/client/dist/node/htmlClientMain.js:1:393700)
	at ChildProcess.<anonymous> (/usr/lib/code-server/vendor/modules/code-oss-dev/extensions/html-language-features/client/dist/node/htmlClientMain.js:1:404666)
	at ChildProcess.emit (events.js:412:35)
	at maybeClose (internal/child_process.js:1058:16)
	at Process.ChildProcess._handle.onexit (internal/child_process.js:293:5)
[Error - 6:26:04 PM] Request textDocument/documentLink failed.
Error: Connection got disposed.
	at Object.dispose (/usr/lib/code-server/vendor/modules/code-oss-dev/extensions/html-language-features/client/dist/node/htmlClientMain.js:1:383445)
	at Object.dispose (/usr/lib/code-server/vendor/modules/code-oss-dev/extensions/html-language-features/client/dist/node/htmlClientMain.js:1:463625)
	at T.handleConnectionClosed (/usr/lib/code-server/vendor/modules/code-oss-dev/extensions/html-language-features/client/dist/node/htmlClientMain.js:1:463838)
	at T.handleConnectionClosed (/usr/lib/code-server/vendor/modules/code-oss-dev/extensions/html-language-features/client/dist/node/htmlClientMain.js:1:524244)
	at t (/usr/lib/code-server/vendor/modules/code-oss-dev/extensions/html-language-features/client/dist/node/htmlClientMain.js:1:461927)
	at invoke (/usr/lib/code-server/vendor/modules/code-oss-dev/extensions/html-language-features/client/dist/node/htmlClientMain.js:1:385058)
	at o.fire (/usr/lib/code-server/vendor/modules/code-oss-dev/extensions/html-language-features/client/dist/node/htmlClientMain.js:1:385819)
	at Q (/usr/lib/code-server/vendor/modules/code-oss-dev/extensions/html-language-features/client/dist/node/htmlClientMain.js:1:372703)
	at invoke (/usr/lib/code-server/vendor/modules/code-oss-dev/extensions/html-language-features/client/dist/node/htmlClientMain.js:1:385058)
	at o.fire (/usr/lib/code-server/vendor/modules/code-oss-dev/extensions/html-language-features/client/dist/node/htmlClientMain.js:1:385819)
	at d.fireClose (/usr/lib/code-server/vendor/modules/code-oss-dev/extensions/html-language-features/client/dist/node/htmlClientMain.js:1:393700)
	at ChildProcess.<anonymous> (/usr/lib/code-server/vendor/modules/code-oss-dev/extensions/html-language-features/client/dist/node/htmlClientMain.js:1:404666)
	at ChildProcess.emit (events.js:412:35)
	at maybeClose (internal/child_process.js:1058:16)
	at Process.ChildProcess._handle.onexit (internal/child_process.js:293:5)
[Error - 6:26:04 PM] Request textDocument/colorPresentation failed.
Error: Connection got disposed.
	at Object.dispose (/usr/lib/code-server/vendor/modules/code-oss-dev/extensions/html-language-features/client/dist/node/htmlClientMain.js:1:383445)
	at Object.dispose (/usr/lib/code-server/vendor/modules/code-oss-dev/extensions/html-language-features/client/dist/node/htmlClientMain.js:1:463625)
	at T.handleConnectionClosed (/usr/lib/code-server/vendor/modules/code-oss-dev/extensions/html-language-features/client/dist/node/htmlClientMain.js:1:463838)
	at T.handleConnectionClosed (/usr/lib/code-server/vendor/modules/code-oss-dev/extensions/html-language-features/client/dist/node/htmlClientMain.js:1:524244)
	at t (/usr/lib/code-server/vendor/modules/code-oss-dev/extensions/html-language-features/client/dist/node/htmlClientMain.js:1:461927)
	at invoke (/usr/lib/code-server/vendor/modules/code-oss-dev/extensions/html-language-features/client/dist/node/htmlClientMain.js:1:385058)
	at o.fire (/usr/lib/code-server/vendor/modules/code-oss-dev/extensions/html-language-features/client/dist/node/htmlClientMain.js:1:385819)
	at Q (/usr/lib/code-server/vendor/modules/code-oss-dev/extensions/html-language-features/client/dist/node/htmlClientMain.js:1:372703)
	at invoke (/usr/lib/code-server/vendor/modules/code-oss-dev/extensions/html-language-features/client/dist/node/htmlClientMain.js:1:385058)
	at o.fire (/usr/lib/code-server/vendor/modules/code-oss-dev/extensions/html-language-features/client/dist/node/htmlClientMain.js:1:385819)
	at d.fireClose (/usr/lib/code-server/vendor/modules/code-oss-dev/extensions/html-language-features/client/dist/node/htmlClientMain.js:1:393700)
	at ChildProcess.<anonymous> (/usr/lib/code-server/vendor/modules/code-oss-dev/extensions/html-language-features/client/dist/node/htmlClientMain.js:1:404666)
	at ChildProcess.emit (events.js:412:35)
	at maybeClose (internal/child_process.js:1058:16)
	at Process.ChildProcess._handle.onexit (internal/child_process.js:293:5)
[Info  - 6:36:23 PM] Connection to server got closed. Server will restart.
[Error - 6:36:23 PM] Request textDocument/documentSymbol failed.
Error: Connection got disposed.
	at Object.dispose (/usr/lib/code-server/vendor/modules/code-oss-dev/extensions/html-language-features/client/dist/node/htmlClientMain.js:1:383445)
	at Object.dispose (/usr/lib/code-server/vendor/modules/code-oss-dev/extensions/html-language-features/client/dist/node/htmlClientMain.js:1:463625)
	at T.handleConnectionClosed (/usr/lib/code-server/vendor/modules/code-oss-dev/extensions/html-language-features/client/dist/node/htmlClientMain.js:1:463838)
	at T.handleConnectionClosed (/usr/lib/code-server/vendor/modules/code-oss-dev/extensions/html-language-features/client/dist/node/htmlClientMain.js:1:524244)
	at t (/usr/lib/code-server/vendor/modules/code-oss-dev/extensions/html-language-features/client/dist/node/htmlClientMain.js:1:461927)
	at invoke (/usr/lib/code-server/vendor/modules/code-oss-dev/extensions/html-language-features/client/dist/node/htmlClientMain.js:1:385058)
	at o.fire (/usr/lib/code-server/vendor/modules/code-oss-dev/extensions/html-language-features/client/dist/node/htmlClientMain.js:1:385819)
	at Q (/usr/lib/code-server/vendor/modules/code-oss-dev/extensions/html-language-features/client/dist/node/htmlClientMain.js:1:372703)
	at invoke (/usr/lib/code-server/vendor/modules/code-oss-dev/extensions/html-language-features/client/dist/node/htmlClientMain.js:1:385058)
	at o.fire (/usr/lib/code-server/vendor/modules/code-oss-dev/extensions/html-language-features/client/dist/node/htmlClientMain.js:1:385819)
	at d.fireClose (/usr/lib/code-server/vendor/modules/code-oss-dev/extensions/html-language-features/client/dist/node/htmlClientMain.js:1:393700)
	at ChildProcess.<anonymous> (/usr/lib/code-server/vendor/modules/code-oss-dev/extensions/html-language-features/client/dist/node/htmlClientMain.js:1:404666)
	at ChildProcess.emit (events.js:412:35)
	at maybeClose (internal/child_process.js:1058:16)
	at Process.ChildProcess._handle.onexit (internal/child_process.js:293:5)
[Error - 6:36:23 PM] Request textDocument/foldingRange failed.
Error: Connection got disposed.
	at Object.dispose (/usr/lib/code-server/vendor/modules/code-oss-dev/extensions/html-language-features/client/dist/node/htmlClientMain.js:1:383445)
	at Object.dispose (/usr/lib/code-server/vendor/modules/code-oss-dev/extensions/html-language-features/client/dist/node/htmlClientMain.js:1:463625)
	at T.handleConnectionClosed (/usr/lib/code-server/vendor/modules/code-oss-dev/extensions/html-language-features/client/dist/node/htmlClientMain.js:1:463838)
	at T.handleConnectionClosed (/usr/lib/code-server/vendor/modules/code-oss-dev/extensions/html-language-features/client/dist/node/htmlClientMain.js:1:524244)
	at t (/usr/lib/code-server/vendor/modules/code-oss-dev/extensions/html-language-features/client/dist/node/htmlClientMain.js:1:461927)
	at invoke (/usr/lib/code-server/vendor/modules/code-oss-dev/extensions/html-language-features/client/dist/node/htmlClientMain.js:1:385058)
	at o.fire (/usr/lib/code-server/vendor/modules/code-oss-dev/extensions/html-language-features/client/dist/node/htmlClientMain.js:1:385819)
	at Q (/usr/lib/code-server/vendor/modules/code-oss-dev/extensions/html-language-features/client/dist/node/htmlClientMain.js:1:372703)
	at invoke (/usr/lib/code-server/vendor/modules/code-oss-dev/extensions/html-language-features/client/dist/node/htmlClientMain.js:1:385058)
	at o.fire (/usr/lib/code-server/vendor/modules/code-oss-dev/extensions/html-language-features/client/dist/node/htmlClientMain.js:1:385819)
	at d.fireClose (/usr/lib/code-server/vendor/modules/code-oss-dev/extensions/html-language-features/client/dist/node/htmlClientMain.js:1:393700)
	at ChildProcess.<anonymous> (/usr/lib/code-server/vendor/modules/code-oss-dev/extensions/html-language-features/client/dist/node/htmlClientMain.js:1:404666)
	at ChildProcess.emit (events.js:412:35)
	at maybeClose (internal/child_process.js:1058:16)
	at Process.ChildProcess._handle.onexit (internal/child_process.js:293:5)
[Error - 6:36:23 PM] Request textDocument/documentSymbol failed.
Error: Connection got disposed.
	at Object.dispose (/usr/lib/code-server/vendor/modules/code-oss-dev/extensions/html-language-features/client/dist/node/htmlClientMain.js:1:383445)
	at Object.dispose (/usr/lib/code-server/vendor/modules/code-oss-dev/extensions/html-language-features/client/dist/node/htmlClientMain.js:1:463625)
	at T.handleConnectionClosed (/usr/lib/code-server/vendor/modules/code-oss-dev/extensions/html-language-features/client/dist/node/htmlClientMain.js:1:463838)
	at T.handleConnectionClosed (/usr/lib/code-server/vendor/modules/code-oss-dev/extensions/html-language-features/client/dist/node/htmlClientMain.js:1:524244)
	at t (/usr/lib/code-server/vendor/modules/code-oss-dev/extensions/html-language-features/client/dist/node/htmlClientMain.js:1:461927)
	at invoke (/usr/lib/code-server/vendor/modules/code-oss-dev/extensions/html-language-features/client/dist/node/htmlClientMain.js:1:385058)
	at o.fire (/usr/lib/code-server/vendor/modules/code-oss-dev/extensions/html-language-features/client/dist/node/htmlClientMain.js:1:385819)
	at Q (/usr/lib/code-server/vendor/modules/code-oss-dev/extensions/html-language-features/client/dist/node/htmlClientMain.js:1:372703)
	at invoke (/usr/lib/code-server/vendor/modules/code-oss-dev/extensions/html-language-features/client/dist/node/htmlClientMain.js:1:385058)
	at o.fire (/usr/lib/code-server/vendor/modules/code-oss-dev/extensions/html-language-features/client/dist/node/htmlClientMain.js:1:385819)
	at d.fireClose (/usr/lib/code-server/vendor/modules/code-oss-dev/extensions/html-language-features/client/dist/node/htmlClientMain.js:1:393700)
	at ChildProcess.<anonymous> (/usr/lib/code-server/vendor/modules/code-oss-dev/extensions/html-language-features/client/dist/node/htmlClientMain.js:1:404666)
	at ChildProcess.emit (events.js:412:35)
	at maybeClose (internal/child_process.js:1058:16)
	at Process.ChildProcess._handle.onexit (internal/child_process.js:293:5)
[Error - 6:36:23 PM] Request textDocument/documentLink failed.
Error: Connection got disposed.
	at Object.dispose (/usr/lib/code-server/vendor/modules/code-oss-dev/extensions/html-language-features/client/dist/node/htmlClientMain.js:1:383445)
	at Object.dispose (/usr/lib/code-server/vendor/modules/code-oss-dev/extensions/html-language-features/client/dist/node/htmlClientMain.js:1:463625)
	at T.handleConnectionClosed (/usr/lib/code-server/vendor/modules/code-oss-dev/extensions/html-language-features/client/dist/node/htmlClientMain.js:1:463838)
	at T.handleConnectionClosed (/usr/lib/code-server/vendor/modules/code-oss-dev/extensions/html-language-features/client/dist/node/htmlClientMain.js:1:524244)
	at t (/usr/lib/code-server/vendor/modules/code-oss-dev/extensions/html-language-features/client/dist/node/htmlClientMain.js:1:461927)
	at invoke (/usr/lib/code-server/vendor/modules/code-oss-dev/extensions/html-language-features/client/dist/node/htmlClientMain.js:1:385058)
	at o.fire (/usr/lib/code-server/vendor/modules/code-oss-dev/extensions/html-language-features/client/dist/node/htmlClientMain.js:1:385819)
	at Q (/usr/lib/code-server/vendor/modules/code-oss-dev/extensions/html-language-features/client/dist/node/htmlClientMain.js:1:372703)
	at invoke (/usr/lib/code-server/vendor/modules/code-oss-dev/extensions/html-language-features/client/dist/node/htmlClientMain.js:1:385058)
	at o.fire (/usr/lib/code-server/vendor/modules/code-oss-dev/extensions/html-language-features/client/dist/node/htmlClientMain.js:1:385819)
	at d.fireClose (/usr/lib/code-server/vendor/modules/code-oss-dev/extensions/html-language-features/client/dist/node/htmlClientMain.js:1:393700)
	at ChildProcess.<anonymous> (/usr/lib/code-server/vendor/modules/code-oss-dev/extensions/html-language-features/client/dist/node/htmlClientMain.js:1:404666)
	at ChildProcess.emit (events.js:412:35)
	at maybeClose (internal/child_process.js:1058:16)
	at Process.ChildProcess._handle.onexit (internal/child_process.js:293:5)
[Error - 6:36:23 PM] Request textDocument/colorPresentation failed.
Error: Connection got disposed.
	at Object.dispose (/usr/lib/code-server/vendor/modules/code-oss-dev/extensions/html-language-features/client/dist/node/htmlClientMain.js:1:383445)
	at Object.dispose (/usr/lib/code-server/vendor/modules/code-oss-dev/extensions/html-language-features/client/dist/node/htmlClientMain.js:1:463625)
	at T.handleConnectionClosed (/usr/lib/code-server/vendor/modules/code-oss-dev/extensions/html-language-features/client/dist/node/htmlClientMain.js:1:463838)
	at T.handleConnectionClosed (/usr/lib/code-server/vendor/modules/code-oss-dev/extensions/html-language-features/client/dist/node/htmlClientMain.js:1:524244)
	at t (/usr/lib/code-server/vendor/modules/code-oss-dev/extensions/html-language-features/client/dist/node/htmlClientMain.js:1:461927)
	at invoke (/usr/lib/code-server/vendor/modules/code-oss-dev/extensions/html-language-features/client/dist/node/htmlClientMain.js:1:385058)
	at o.fire (/usr/lib/code-server/vendor/modules/code-oss-dev/extensions/html-language-features/client/dist/node/htmlClientMain.js:1:385819)
	at Q (/usr/lib/code-server/vendor/modules/code-oss-dev/extensions/html-language-features/client/dist/node/htmlClientMain.js:1:372703)
	at invoke (/usr/lib/code-server/vendor/modules/code-oss-dev/extensions/html-language-features/client/dist/node/htmlClientMain.js:1:385058)
	at o.fire (/usr/lib/code-server/vendor/modules/code-oss-dev/extensions/html-language-features/client/dist/node/htmlClientMain.js:1:385819)
	at d.fireClose (/usr/lib/code-server/vendor/modules/code-oss-dev/extensions/html-language-features/client/dist/node/htmlClientMain.js:1:393700)
	at ChildProcess.<anonymous> (/usr/lib/code-server/vendor/modules/code-oss-dev/extensions/html-language-features/client/dist/node/htmlClientMain.js:1:404666)
	at ChildProcess.emit (events.js:412:35)
	at maybeClose (internal/child_process.js:1058:16)
	at Process.ChildProcess._handle.onexit (internal/child_process.js:293:5)
[Info  - 6:40:53 PM] Connection to server got closed. Server will restart.
[Error - 6:40:53 PM] Request textDocument/foldingRange failed.
Error: Connection got disposed.
	at Object.dispose (/usr/lib/code-server/vendor/modules/code-oss-dev/extensions/html-language-features/client/dist/node/htmlClientMain.js:1:383445)
	at Object.dispose (/usr/lib/code-server/vendor/modules/code-oss-dev/extensions/html-language-features/client/dist/node/htmlClientMain.js:1:463625)
	at T.handleConnectionClosed (/usr/lib/code-server/vendor/modules/code-oss-dev/extensions/html-language-features/client/dist/node/htmlClientMain.js:1:463838)
	at T.handleConnectionClosed (/usr/lib/code-server/vendor/modules/code-oss-dev/extensions/html-language-features/client/dist/node/htmlClientMain.js:1:524244)
	at t (/usr/lib/code-server/vendor/modules/code-oss-dev/extensions/html-language-features/client/dist/node/htmlClientMain.js:1:461927)
	at invoke (/usr/lib/code-server/vendor/modules/code-oss-dev/extensions/html-language-features/client/dist/node/htmlClientMain.js:1:385058)
	at o.fire (/usr/lib/code-server/vendor/modules/code-oss-dev/extensions/html-language-features/client/dist/node/htmlClientMain.js:1:385819)
	at Q (/usr/lib/code-server/vendor/modules/code-oss-dev/extensions/html-language-features/client/dist/node/htmlClientMain.js:1:372703)
	at invoke (/usr/lib/code-server/vendor/modules/code-oss-dev/extensions/html-language-features/client/dist/node/htmlClientMain.js:1:385058)
	at o.fire (/usr/lib/code-server/vendor/modules/code-oss-dev/extensions/html-language-features/client/dist/node/htmlClientMain.js:1:385819)
	at d.fireClose (/usr/lib/code-server/vendor/modules/code-oss-dev/extensions/html-language-features/client/dist/node/htmlClientMain.js:1:393700)
	at ChildProcess.<anonymous> (/usr/lib/code-server/vendor/modules/code-oss-dev/extensions/html-language-features/client/dist/node/htmlClientMain.js:1:404666)
	at ChildProcess.emit (events.js:412:35)
	at maybeClose (internal/child_process.js:1058:16)
	at Process.ChildProcess._handle.onexit (internal/child_process.js:293:5)
[Error - 6:40:53 PM] Request textDocument/documentSymbol failed.
Error: Connection got disposed.
	at Object.dispose (/usr/lib/code-server/vendor/modules/code-oss-dev/extensions/html-language-features/client/dist/node/htmlClientMain.js:1:383445)
	at Object.dispose (/usr/lib/code-server/vendor/modules/code-oss-dev/extensions/html-language-features/client/dist/node/htmlClientMain.js:1:463625)
	at T.handleConnectionClosed (/usr/lib/code-server/vendor/modules/code-oss-dev/extensions/html-language-features/client/dist/node/htmlClientMain.js:1:463838)
	at T.handleConnectionClosed (/usr/lib/code-server/vendor/modules/code-oss-dev/extensions/html-language-features/client/dist/node/htmlClientMain.js:1:524244)
	at t (/usr/lib/code-server/vendor/modules/code-oss-dev/extensions/html-language-features/client/dist/node/htmlClientMain.js:1:461927)
	at invoke (/usr/lib/code-server/vendor/modules/code-oss-dev/extensions/html-language-features/client/dist/node/htmlClientMain.js:1:385058)
	at o.fire (/usr/lib/code-server/vendor/modules/code-oss-dev/extensions/html-language-features/client/dist/node/htmlClientMain.js:1:385819)
	at Q (/usr/lib/code-server/vendor/modules/code-oss-dev/extensions/html-language-features/client/dist/node/htmlClientMain.js:1:372703)
	at invoke (/usr/lib/code-server/vendor/modules/code-oss-dev/extensions/html-language-features/client/dist/node/htmlClientMain.js:1:385058)
	at o.fire (/usr/lib/code-server/vendor/modules/code-oss-dev/extensions/html-language-features/client/dist/node/htmlClientMain.js:1:385819)
	at d.fireClose (/usr/lib/code-server/vendor/modules/code-oss-dev/extensions/html-language-features/client/dist/node/htmlClientMain.js:1:393700)
	at ChildProcess.<anonymous> (/usr/lib/code-server/vendor/modules/code-oss-dev/extensions/html-language-features/client/dist/node/htmlClientMain.js:1:404666)
	at ChildProcess.emit (events.js:412:35)
	at maybeClose (internal/child_process.js:1058:16)
	at Process.ChildProcess._handle.onexit (internal/child_process.js:293:5)
