[2023-06-29 21:35:36.347] [exthost] [info] Extension host with pid 7455 started
[2023-06-29 21:35:36.347] [exthost] [error] Error: EACCES: permission denied, open '/tmp/vscode-ipc'
[2023-06-29 21:35:36.348] [exthost] [error] Error: EEXIST: file already exists, open '/home/s413180/.local/share/code-server/User/workspaceStorage/2e0fdad3/vscode.lock'
[2023-06-29 21:35:36.348] [exthost] [info] Lock '/home/s413180/.local/share/code-server/User/workspaceStorage/2e0fdad3/vscode.lock': Could not acquire lock, checking if the file is stale.
[2023-06-29 21:35:36.350] [exthost] [info] Lock '/home/s413180/.local/share/code-server/User/workspaceStorage/2e0fdad3/vscode.lock': The lock does not look stale, elapsed: 992 ms, giving up.
[2023-06-29 21:35:36.350] [exthost] [error] Error: EEXIST: file already exists, open '/home/s413180/.local/share/code-server/User/workspaceStorage/2e0fdad3-1/vscode.lock'
[2023-06-29 21:35:36.351] [exthost] [info] Lock '/home/s413180/.local/share/code-server/User/workspaceStorage/2e0fdad3-1/vscode.lock': Could not acquire lock, checking if the file is stale.
[2023-06-29 21:35:36.352] [exthost] [info] Lock '/home/s413180/.local/share/code-server/User/workspaceStorage/2e0fdad3-1/vscode.lock': The lock does not look stale, elapsed: 931 ms, giving up.
[2023-06-29 21:35:36.352] [exthost] [error] Error: EEXIST: file already exists, open '/home/s413180/.local/share/code-server/User/workspaceStorage/2e0fdad3-2/vscode.lock'
[2023-06-29 21:35:36.352] [exthost] [info] Lock '/home/s413180/.local/share/code-server/User/workspaceStorage/2e0fdad3-2/vscode.lock': Could not acquire lock, checking if the file is stale.
[2023-06-29 21:35:36.353] [exthost] [info] Lock '/home/s413180/.local/share/code-server/User/workspaceStorage/2e0fdad3-2/vscode.lock': The pid 210282 appears to be gone.
[2023-06-29 21:35:36.353] [exthost] [info] Lock '/home/s413180/.local/share/code-server/User/workspaceStorage/2e0fdad3-2/vscode.lock': Deleting a stale lock.
[2023-06-29 21:35:36.359] [exthost] [info] Lock '/home/s413180/.local/share/code-server/User/workspaceStorage/2e0fdad3-2/vscode.lock': Lock acquired.
[2023-06-29 21:35:36.393] [exthost] [info] ExtensionService#_doActivateExtension vscode.html-language-features, startup: false, activationEvent: 'onLanguage:html'
[2023-06-29 21:35:36.439] [exthost] [info] ExtensionService#_doActivateExtension vscode.debug-auto-launch, startup: true, activationEvent: '*'
[2023-06-29 21:35:36.442] [exthost] [info] ExtensionService#_doActivateExtension vscode.git-base, startup: true, activationEvent: '*', root cause: vscode.github
[2023-06-29 21:35:36.673] [exthost] [info] ExtensionService#_doActivateExtension vscode.git, startup: true, activationEvent: '*'
[2023-06-29 21:35:36.720] [exthost] [info] ExtensionService#_doActivateExtension vscode.github, startup: true, activationEvent: '*'
[2023-06-29 21:35:36.799] [exthost] [info] ExtensionService#_doActivateExtension vscode.emmet, startup: false, activationEvent: 'onStartupFinished'
[2023-06-29 21:35:36.813] [exthost] [info] ExtensionService#_doActivateExtension vscode.merge-conflict, startup: false, activationEvent: 'onStartupFinished'
[2023-06-29 21:35:36.816] [exthost] [info] Eager extensions activated
[2023-06-29 21:35:52.890] [exthost] [info] ExtensionService#_doActivateExtension vscode.php-language-features, startup: false, activationEvent: 'onLanguage:php'
[2023-06-29 21:44:31.590] [exthost] [info] ExtensionService#_doActivateExtension vscode.typescript-language-features, startup: false, activationEvent: 'onLanguage:typescript'
[2023-06-29 22:57:46.642] [exthost] [info] extension host terminating: received terminate message from renderer
[2023-06-29 22:57:46.642] [exthost] [info] Lock '/home/s413180/.local/share/code-server/User/workspaceStorage/2e0fdad3-2/vscode.lock': Marking the lockfile as scheduled to be released in 6000 ms.
[2023-06-29 22:57:46.653] [exthost] [info] Extension host with pid 7455 exiting with code 0
