[2023-06-29 11:49:08.752] [exthost] [info] Extension host with pid 151019 started
[2023-06-29 11:49:08.752] [exthost] [error] Error: EACCES: permission denied, open '/tmp/vscode-ipc'
[2023-06-29 11:49:08.759] [exthost] [error] Error: EEXIST: file already exists, open '/home/s413180/.local/share/code-server/User/workspaceStorage/2e0fdad3/vscode.lock'
[2023-06-29 11:49:08.761] [exthost] [info] Lock '/home/s413180/.local/share/code-server/User/workspaceStorage/2e0fdad3/vscode.lock': Could not acquire lock, checking if the file is stale.
[2023-06-29 11:49:08.762] [exthost] [info] Lock '/home/s413180/.local/share/code-server/User/workspaceStorage/2e0fdad3/vscode.lock': The pid 4186 appears to be gone.
[2023-06-29 11:49:08.762] [exthost] [info] Lock '/home/s413180/.local/share/code-server/User/workspaceStorage/2e0fdad3/vscode.lock': Deleting a stale lock.
[2023-06-29 11:49:08.766] [exthost] [info] Lock '/home/s413180/.local/share/code-server/User/workspaceStorage/2e0fdad3/vscode.lock': Lock acquired.
[2023-06-29 11:49:08.922] [exthost] [info] ExtensionService#_doActivateExtension vscode.php-language-features, startup: false, activationEvent: 'onLanguage:php'
[2023-06-29 11:49:08.932] [exthost] [info] ExtensionService#_doActivateExtension vscode.debug-auto-launch, startup: true, activationEvent: '*'
[2023-06-29 11:49:08.934] [exthost] [info] ExtensionService#_doActivateExtension vscode.git-base, startup: true, activationEvent: '*', root cause: vscode.github
[2023-06-29 11:49:09.653] [exthost] [info] ExtensionService#_doActivateExtension vscode.git, startup: true, activationEvent: '*'
[2023-06-29 11:49:09.702] [exthost] [info] ExtensionService#_doActivateExtension vscode.github, startup: true, activationEvent: '*'
[2023-06-29 11:49:09.767] [exthost] [info] ExtensionService#_doActivateExtension vscode.emmet, startup: false, activationEvent: 'onStartupFinished'
[2023-06-29 11:49:09.780] [exthost] [info] ExtensionService#_doActivateExtension vscode.merge-conflict, startup: false, activationEvent: 'onStartupFinished'
[2023-06-29 11:49:09.783] [exthost] [info] Eager extensions activated
[2023-06-29 11:50:46.447] [exthost] [info] ExtensionService#_doActivateExtension vscode.html-language-features, startup: false, activationEvent: 'onLanguage:html'
[2023-06-29 11:50:54.912] [exthost] [info] ExtensionService#_doActivateExtension vscode.typescript-language-features, startup: false, activationEvent: 'onLanguage:typescript'
[2023-06-29 14:05:31.622] [exthost] [info] ExtensionService#_doActivateExtension vscode.image-preview, startup: false, activationEvent: 'onCustomEditor:imagePreview.previewEditor'
[2023-06-29 14:31:43.003] [exthost] [info] extension host terminating: received terminate message from renderer
[2023-06-29 14:31:43.003] [exthost] [info] Lock '/home/s413180/.local/share/code-server/User/workspaceStorage/2e0fdad3/vscode.lock': Marking the lockfile as scheduled to be released in 6000 ms.
[2023-06-29 14:31:43.014] [exthost] [info] Extension host with pid 151019 exiting with code 0
